[0.315s] DEBUG:colcon:Command line arguments: ['/usr/bin/colcon', 'build']
[0.315s] DEBUG:colcon:Parsed command line arguments: Namespace(log_base=None, log_level=None, verb_name='build', build_base='build', install_base='install', merge_install=False, symlink_install=False, test_result_base=None, continue_on_error=False, executor='parallel', parallel_workers=6, event_handlers=None, ignore_user_meta=False, metas=['./colcon.meta'], base_paths=['.'], packages_ignore=None, packages_ignore_regex=None, paths=None, packages_up_to=None, packages_up_to_regex=None, packages_above=None, packages_above_and_dependencies=None, packages_above_depth=None, packages_select_by_dep=None, packages_skip_by_dep=None, packages_skip_up_to=None, packages_select_build_failed=False, packages_skip_build_finished=False, packages_select_test_failures=False, packages_skip_test_passed=False, packages_select=None, packages_skip=None, packages_select_regex=None, packages_skip_regex=None, packages_start=None, packages_end=None, allow_overriding=[], cmake_args=None, cmake_target=None, cmake_target_skip_unavailable=False, cmake_clean_cache=False, cmake_clean_first=False, cmake_force_configure=False, ament_cmake_args=None, catkin_cmake_args=None, catkin_skip_building_tests=False, verb_parser=<colcon_defaults.argument_parser.defaults.DefaultArgumentsDecorator object at 0xffffa93d2fe0>, verb_extension=<colcon_core.verb.build.BuildVerb object at 0xffffa93908e0>, main=<bound method BuildVerb.main of <colcon_core.verb.build.BuildVerb object at 0xffffa93908e0>>)
[0.841s] Level 1:colcon.colcon_core.package_discovery:discover_packages(colcon_meta) check parameters
[0.841s] Level 1:colcon.colcon_core.package_discovery:discover_packages(recursive) check parameters
[0.841s] Level 1:colcon.colcon_core.package_discovery:discover_packages(ignore) check parameters
[0.841s] Level 1:colcon.colcon_core.package_discovery:discover_packages(path) check parameters
[0.841s] Level 1:colcon.colcon_core.package_discovery:discover_packages(colcon_meta) discover
[0.842s] Level 1:colcon.colcon_core.package_discovery:discover_packages(recursive) discover
[0.842s] INFO:colcon.colcon_core.package_discovery:Crawling recursively for packages in '/home/darc-f1-01/ros2_ws'
[0.842s] Level 1:colcon.colcon_core.package_identification:_identify(.) by extensions ['ignore', 'ignore_ament_install']
[0.843s] Level 1:colcon.colcon_core.package_identification:_identify(.) by extension 'ignore'
[0.843s] Level 1:colcon.colcon_core.package_identification:_identify(.) by extension 'ignore_ament_install'
[0.843s] Level 1:colcon.colcon_core.package_identification:_identify(.) by extensions ['colcon_pkg']
[0.843s] Level 1:colcon.colcon_core.package_identification:_identify(.) by extension 'colcon_pkg'
[0.843s] Level 1:colcon.colcon_core.package_identification:_identify(.) by extensions ['colcon_meta']
[0.843s] Level 1:colcon.colcon_core.package_identification:_identify(.) by extension 'colcon_meta'
[0.843s] Level 1:colcon.colcon_core.package_identification:_identify(.) by extensions ['ros']
[0.843s] Level 1:colcon.colcon_core.package_identification:_identify(.) by extension 'ros'
[0.871s] Level 1:colcon.colcon_core.package_identification:_identify(.) by extensions ['cmake', 'python']
[0.871s] Level 1:colcon.colcon_core.package_identification:_identify(.) by extension 'cmake'
[0.871s] Level 1:colcon.colcon_core.package_identification:_identify(.) by extension 'python'
[0.871s] Level 1:colcon.colcon_core.package_identification:_identify(.) by extensions ['python_setup_py']
[0.871s] Level 1:colcon.colcon_core.package_identification:_identify(.) by extension 'python_setup_py'
[0.872s] Level 1:colcon.colcon_core.package_identification:_identify(bags) by extensions ['ignore', 'ignore_ament_install']
[0.872s] Level 1:colcon.colcon_core.package_identification:_identify(bags) by extension 'ignore'
[0.872s] Level 1:colcon.colcon_core.package_identification:_identify(bags) by extension 'ignore_ament_install'
[0.872s] Level 1:colcon.colcon_core.package_identification:_identify(bags) by extensions ['colcon_pkg']
[0.872s] Level 1:colcon.colcon_core.package_identification:_identify(bags) by extension 'colcon_pkg'
[0.873s] Level 1:colcon.colcon_core.package_identification:_identify(bags) by extensions ['colcon_meta']
[0.873s] Level 1:colcon.colcon_core.package_identification:_identify(bags) by extension 'colcon_meta'
[0.873s] Level 1:colcon.colcon_core.package_identification:_identify(bags) by extensions ['ros']
[0.873s] Level 1:colcon.colcon_core.package_identification:_identify(bags) by extension 'ros'
[0.873s] Level 1:colcon.colcon_core.package_identification:_identify(bags) by extensions ['cmake', 'python']
[0.873s] Level 1:colcon.colcon_core.package_identification:_identify(bags) by extension 'cmake'
[0.873s] Level 1:colcon.colcon_core.package_identification:_identify(bags) by extension 'python'
[0.873s] Level 1:colcon.colcon_core.package_identification:_identify(bags) by extensions ['python_setup_py']
[0.873s] Level 1:colcon.colcon_core.package_identification:_identify(bags) by extension 'python_setup_py'
[0.874s] Level 1:colcon.colcon_core.package_identification:_identify(bags/accel_test_1) by extensions ['ignore', 'ignore_ament_install']
[0.874s] Level 1:colcon.colcon_core.package_identification:_identify(bags/accel_test_1) by extension 'ignore'
[0.875s] Level 1:colcon.colcon_core.package_identification:_identify(bags/accel_test_1) by extension 'ignore_ament_install'
[0.875s] Level 1:colcon.colcon_core.package_identification:_identify(bags/accel_test_1) by extensions ['colcon_pkg']
[0.875s] Level 1:colcon.colcon_core.package_identification:_identify(bags/accel_test_1) by extension 'colcon_pkg'
[0.875s] Level 1:colcon.colcon_core.package_identification:_identify(bags/accel_test_1) by extensions ['colcon_meta']
[0.875s] Level 1:colcon.colcon_core.package_identification:_identify(bags/accel_test_1) by extension 'colcon_meta'
[0.875s] Level 1:colcon.colcon_core.package_identification:_identify(bags/accel_test_1) by extensions ['ros']
[0.875s] Level 1:colcon.colcon_core.package_identification:_identify(bags/accel_test_1) by extension 'ros'
[0.875s] Level 1:colcon.colcon_core.package_identification:_identify(bags/accel_test_1) by extensions ['cmake', 'python']
[0.875s] Level 1:colcon.colcon_core.package_identification:_identify(bags/accel_test_1) by extension 'cmake'
[0.876s] Level 1:colcon.colcon_core.package_identification:_identify(bags/accel_test_1) by extension 'python'
[0.876s] Level 1:colcon.colcon_core.package_identification:_identify(bags/accel_test_1) by extensions ['python_setup_py']
[0.876s] Level 1:colcon.colcon_core.package_identification:_identify(bags/accel_test_1) by extension 'python_setup_py'
[0.876s] Level 1:colcon.colcon_core.package_identification:_identify(build) by extensions ['ignore', 'ignore_ament_install']
[0.876s] Level 1:colcon.colcon_core.package_identification:_identify(build) by extension 'ignore'
[0.876s] Level 1:colcon.colcon_core.package_identification:_identify(build) ignored
[0.877s] Level 1:colcon.colcon_core.package_identification:_identify(install) by extensions ['ignore', 'ignore_ament_install']
[0.877s] Level 1:colcon.colcon_core.package_identification:_identify(install) by extension 'ignore'
[0.877s] Level 1:colcon.colcon_core.package_identification:_identify(install) ignored
[0.877s] Level 1:colcon.colcon_core.package_identification:_identify(log) by extensions ['ignore', 'ignore_ament_install']
[0.877s] Level 1:colcon.colcon_core.package_identification:_identify(log) by extension 'ignore'
[0.877s] Level 1:colcon.colcon_core.package_identification:_identify(log) ignored
[0.878s] Level 1:colcon.colcon_core.package_identification:_identify(src) by extensions ['ignore', 'ignore_ament_install']
[0.878s] Level 1:colcon.colcon_core.package_identification:_identify(src) by extension 'ignore'
[0.878s] Level 1:colcon.colcon_core.package_identification:_identify(src) by extension 'ignore_ament_install'
[0.878s] Level 1:colcon.colcon_core.package_identification:_identify(src) by extensions ['colcon_pkg']
[0.878s] Level 1:colcon.colcon_core.package_identification:_identify(src) by extension 'colcon_pkg'
[0.878s] Level 1:colcon.colcon_core.package_identification:_identify(src) by extensions ['colcon_meta']
[0.878s] Level 1:colcon.colcon_core.package_identification:_identify(src) by extension 'colcon_meta'
[0.878s] Level 1:colcon.colcon_core.package_identification:_identify(src) by extensions ['ros']
[0.879s] Level 1:colcon.colcon_core.package_identification:_identify(src) by extension 'ros'
[0.879s] Level 1:colcon.colcon_core.package_identification:_identify(src) by extensions ['cmake', 'python']
[0.879s] Level 1:colcon.colcon_core.package_identification:_identify(src) by extension 'cmake'
[0.879s] Level 1:colcon.colcon_core.package_identification:_identify(src) by extension 'python'
[0.879s] Level 1:colcon.colcon_core.package_identification:_identify(src) by extensions ['python_setup_py']
[0.879s] Level 1:colcon.colcon_core.package_identification:_identify(src) by extension 'python_setup_py'
[0.879s] Level 1:colcon.colcon_core.package_identification:_identify(src/5M_test) by extensions ['ignore', 'ignore_ament_install']
[0.880s] Level 1:colcon.colcon_core.package_identification:_identify(src/5M_test) by extension 'ignore'
[0.880s] Level 1:colcon.colcon_core.package_identification:_identify(src/5M_test) by extension 'ignore_ament_install'
[0.880s] Level 1:colcon.colcon_core.package_identification:_identify(src/5M_test) by extensions ['colcon_pkg']
[0.880s] Level 1:colcon.colcon_core.package_identification:_identify(src/5M_test) by extension 'colcon_pkg'
[0.880s] Level 1:colcon.colcon_core.package_identification:_identify(src/5M_test) by extensions ['colcon_meta']
[0.880s] Level 1:colcon.colcon_core.package_identification:_identify(src/5M_test) by extension 'colcon_meta'
[0.880s] Level 1:colcon.colcon_core.package_identification:_identify(src/5M_test) by extensions ['ros']
[0.880s] Level 1:colcon.colcon_core.package_identification:_identify(src/5M_test) by extension 'ros'
[0.887s] DEBUG:colcon.colcon_core.package_identification:Package 'src/5M_test' with type 'ros.ament_python' and name '5M_test'
[0.888s] Level 1:colcon.colcon_core.package_identification:_identify(src/AEB) by extensions ['ignore', 'ignore_ament_install']
[0.888s] Level 1:colcon.colcon_core.package_identification:_identify(src/AEB) by extension 'ignore'
[0.888s] Level 1:colcon.colcon_core.package_identification:_identify(src/AEB) by extension 'ignore_ament_install'
[0.888s] Level 1:colcon.colcon_core.package_identification:_identify(src/AEB) by extensions ['colcon_pkg']
[0.888s] Level 1:colcon.colcon_core.package_identification:_identify(src/AEB) by extension 'colcon_pkg'
[0.889s] Level 1:colcon.colcon_core.package_identification:_identify(src/AEB) by extensions ['colcon_meta']
[0.889s] Level 1:colcon.colcon_core.package_identification:_identify(src/AEB) by extension 'colcon_meta'
[0.889s] Level 1:colcon.colcon_core.package_identification:_identify(src/AEB) by extensions ['ros']
[0.889s] Level 1:colcon.colcon_core.package_identification:_identify(src/AEB) by extension 'ros'
[0.891s] DEBUG:colcon.colcon_core.package_identification:Package 'src/AEB' with type 'ros.ament_python' and name 'AEB'
[0.891s] Level 1:colcon.colcon_core.package_identification:_identify(src/drive2) by extensions ['ignore', 'ignore_ament_install']
[0.891s] Level 1:colcon.colcon_core.package_identification:_identify(src/drive2) by extension 'ignore'
[0.891s] Level 1:colcon.colcon_core.package_identification:_identify(src/drive2) by extension 'ignore_ament_install'
[0.892s] Level 1:colcon.colcon_core.package_identification:_identify(src/drive2) by extensions ['colcon_pkg']
[0.892s] Level 1:colcon.colcon_core.package_identification:_identify(src/drive2) by extension 'colcon_pkg'
[0.892s] Level 1:colcon.colcon_core.package_identification:_identify(src/drive2) by extensions ['colcon_meta']
[0.892s] Level 1:colcon.colcon_core.package_identification:_identify(src/drive2) by extension 'colcon_meta'
[0.892s] Level 1:colcon.colcon_core.package_identification:_identify(src/drive2) by extensions ['ros']
[0.892s] Level 1:colcon.colcon_core.package_identification:_identify(src/drive2) by extension 'ros'
[0.894s] DEBUG:colcon.colcon_core.package_identification:Package 'src/drive2' with type 'ros.ament_python' and name 'drive2'
[0.894s] Level 1:colcon.colcon_core.package_identification:_identify(src/gap_follow) by extensions ['ignore', 'ignore_ament_install']
[0.894s] Level 1:colcon.colcon_core.package_identification:_identify(src/gap_follow) by extension 'ignore'
[0.894s] Level 1:colcon.colcon_core.package_identification:_identify(src/gap_follow) by extension 'ignore_ament_install'
[0.894s] Level 1:colcon.colcon_core.package_identification:_identify(src/gap_follow) by extensions ['colcon_pkg']
[0.894s] Level 1:colcon.colcon_core.package_identification:_identify(src/gap_follow) by extension 'colcon_pkg'
[0.894s] Level 1:colcon.colcon_core.package_identification:_identify(src/gap_follow) by extensions ['colcon_meta']
[0.895s] Level 1:colcon.colcon_core.package_identification:_identify(src/gap_follow) by extension 'colcon_meta'
[0.895s] Level 1:colcon.colcon_core.package_identification:_identify(src/gap_follow) by extensions ['ros']
[0.895s] Level 1:colcon.colcon_core.package_identification:_identify(src/gap_follow) by extension 'ros'
[0.897s] DEBUG:colcon.colcon_core.package_identification:Package 'src/gap_follow' with type 'ros.ament_python' and name 'gap_follow'
[0.897s] Level 1:colcon.colcon_core.package_identification:_identify(src/safety_pkg) by extensions ['ignore', 'ignore_ament_install']
[0.897s] Level 1:colcon.colcon_core.package_identification:_identify(src/safety_pkg) by extension 'ignore'
[0.897s] Level 1:colcon.colcon_core.package_identification:_identify(src/safety_pkg) by extension 'ignore_ament_install'
[0.897s] Level 1:colcon.colcon_core.package_identification:_identify(src/safety_pkg) by extensions ['colcon_pkg']
[0.897s] Level 1:colcon.colcon_core.package_identification:_identify(src/safety_pkg) by extension 'colcon_pkg'
[0.898s] Level 1:colcon.colcon_core.package_identification:_identify(src/safety_pkg) by extensions ['colcon_meta']
[0.898s] Level 1:colcon.colcon_core.package_identification:_identify(src/safety_pkg) by extension 'colcon_meta'
[0.898s] Level 1:colcon.colcon_core.package_identification:_identify(src/safety_pkg) by extensions ['ros']
[0.898s] Level 1:colcon.colcon_core.package_identification:_identify(src/safety_pkg) by extension 'ros'
[0.900s] DEBUG:colcon.colcon_core.package_identification:Package 'src/safety_pkg' with type 'ros.ament_python' and name 'safety_pkg'
[0.900s] Level 1:colcon.colcon_core.package_identification:_identify(src/stop) by extensions ['ignore', 'ignore_ament_install']
[0.900s] Level 1:colcon.colcon_core.package_identification:_identify(src/stop) by extension 'ignore'
[0.900s] Level 1:colcon.colcon_core.package_identification:_identify(src/stop) by extension 'ignore_ament_install'
[0.901s] Level 1:colcon.colcon_core.package_identification:_identify(src/stop) by extensions ['colcon_pkg']
[0.901s] Level 1:colcon.colcon_core.package_identification:_identify(src/stop) by extension 'colcon_pkg'
[0.901s] Level 1:colcon.colcon_core.package_identification:_identify(src/stop) by extensions ['colcon_meta']
[0.901s] Level 1:colcon.colcon_core.package_identification:_identify(src/stop) by extension 'colcon_meta'
[0.901s] Level 1:colcon.colcon_core.package_identification:_identify(src/stop) by extensions ['ros']
[0.901s] Level 1:colcon.colcon_core.package_identification:_identify(src/stop) by extension 'ros'
[0.904s] DEBUG:colcon.colcon_core.package_identification:Package 'src/stop' with type 'ros.ament_python' and name 'safety_node'
[0.904s] Level 1:colcon.colcon_core.package_identification:_identify(src/wall_follower) by extensions ['ignore', 'ignore_ament_install']
[0.904s] Level 1:colcon.colcon_core.package_identification:_identify(src/wall_follower) by extension 'ignore'
[0.905s] Level 1:colcon.colcon_core.package_identification:_identify(src/wall_follower) by extension 'ignore_ament_install'
[0.905s] Level 1:colcon.colcon_core.package_identification:_identify(src/wall_follower) by extensions ['colcon_pkg']
[0.905s] Level 1:colcon.colcon_core.package_identification:_identify(src/wall_follower) by extension 'colcon_pkg'
[0.905s] Level 1:colcon.colcon_core.package_identification:_identify(src/wall_follower) by extensions ['colcon_meta']
[0.905s] Level 1:colcon.colcon_core.package_identification:_identify(src/wall_follower) by extension 'colcon_meta'
[0.905s] Level 1:colcon.colcon_core.package_identification:_identify(src/wall_follower) by extensions ['ros']
[0.905s] Level 1:colcon.colcon_core.package_identification:_identify(src/wall_follower) by extension 'ros'
[0.907s] DEBUG:colcon.colcon_core.package_identification:Package 'src/wall_follower' with type 'ros.ament_python' and name 'wall_follower'
[0.907s] Level 1:colcon.colcon_core.package_discovery:discover_packages(recursive) using defaults
[0.907s] Level 1:colcon.colcon_core.package_discovery:discover_packages(ignore) discover
[0.908s] Level 1:colcon.colcon_core.package_discovery:discover_packages(ignore) using defaults
[0.908s] Level 1:colcon.colcon_core.package_discovery:discover_packages(path) discover
[0.908s] Level 1:colcon.colcon_core.package_discovery:discover_packages(path) using defaults
[1.000s] Level 1:colcon.colcon_core.package_discovery:discover_packages(prefix_path) check parameters
[1.000s] Level 1:colcon.colcon_core.package_discovery:discover_packages(prefix_path) discover
[1.008s] DEBUG:colcon.colcon_installed_package_information.package_discovery:Found 7 installed packages in /home/darc-f1-01/ros2_ws/install
[1.010s] DEBUG:colcon.colcon_installed_package_information.package_discovery:Found 14 installed packages in /home/darc-f1-01/f1tenth_ws/install
[1.013s] DEBUG:colcon.colcon_installed_package_information.package_discovery:Found 288 installed packages in /opt/ros/humble
[1.016s] Level 1:colcon.colcon_core.package_discovery:discover_packages(prefix_path) using defaults
[1.112s] Level 5:colcon.colcon_core.verb:set package '5M_test' build argument 'cmake_args' from command line to 'None'
[1.112s] Level 5:colcon.colcon_core.verb:set package '5M_test' build argument 'cmake_target' from command line to 'None'
[1.113s] Level 5:colcon.colcon_core.verb:set package '5M_test' build argument 'cmake_target_skip_unavailable' from command line to 'False'
[1.113s] Level 5:colcon.colcon_core.verb:set package '5M_test' build argument 'cmake_clean_cache' from command line to 'False'
[1.113s] Level 5:colcon.colcon_core.verb:set package '5M_test' build argument 'cmake_clean_first' from command line to 'False'
[1.113s] Level 5:colcon.colcon_core.verb:set package '5M_test' build argument 'cmake_force_configure' from command line to 'False'
[1.113s] Level 5:colcon.colcon_core.verb:set package '5M_test' build argument 'ament_cmake_args' from command line to 'None'
[1.113s] Level 5:colcon.colcon_core.verb:set package '5M_test' build argument 'catkin_cmake_args' from command line to 'None'
[1.113s] Level 5:colcon.colcon_core.verb:set package '5M_test' build argument 'catkin_skip_building_tests' from command line to 'False'
[1.113s] DEBUG:colcon.colcon_core.verb:Building package '5M_test' with the following arguments: {'ament_cmake_args': None, 'build_base': '/home/darc-f1-01/ros2_ws/build/5M_test', 'catkin_cmake_args': None, 'catkin_skip_building_tests': False, 'cmake_args': None, 'cmake_clean_cache': False, 'cmake_clean_first': False, 'cmake_force_configure': False, 'cmake_target': None, 'cmake_target_skip_unavailable': False, 'install_base': '/home/darc-f1-01/ros2_ws/install/5M_test', 'merge_install': False, 'path': '/home/darc-f1-01/ros2_ws/src/5M_test', 'symlink_install': False, 'test_result_base': None}
[1.114s] Level 5:colcon.colcon_core.verb:set package 'AEB' build argument 'cmake_args' from command line to 'None'
[1.114s] Level 5:colcon.colcon_core.verb:set package 'AEB' build argument 'cmake_target' from command line to 'None'
[1.114s] Level 5:colcon.colcon_core.verb:set package 'AEB' build argument 'cmake_target_skip_unavailable' from command line to 'False'
[1.114s] Level 5:colcon.colcon_core.verb:set package 'AEB' build argument 'cmake_clean_cache' from command line to 'False'
[1.114s] Level 5:colcon.colcon_core.verb:set package 'AEB' build argument 'cmake_clean_first' from command line to 'False'
[1.114s] Level 5:colcon.colcon_core.verb:set package 'AEB' build argument 'cmake_force_configure' from command line to 'False'
[1.114s] Level 5:colcon.colcon_core.verb:set package 'AEB' build argument 'ament_cmake_args' from command line to 'None'
[1.114s] Level 5:colcon.colcon_core.verb:set package 'AEB' build argument 'catkin_cmake_args' from command line to 'None'
[1.114s] Level 5:colcon.colcon_core.verb:set package 'AEB' build argument 'catkin_skip_building_tests' from command line to 'False'
[1.114s] DEBUG:colcon.colcon_core.verb:Building package 'AEB' with the following arguments: {'ament_cmake_args': None, 'build_base': '/home/darc-f1-01/ros2_ws/build/AEB', 'catkin_cmake_args': None, 'catkin_skip_building_tests': False, 'cmake_args': None, 'cmake_clean_cache': False, 'cmake_clean_first': False, 'cmake_force_configure': False, 'cmake_target': None, 'cmake_target_skip_unavailable': False, 'install_base': '/home/darc-f1-01/ros2_ws/install/AEB', 'merge_install': False, 'path': '/home/darc-f1-01/ros2_ws/src/AEB', 'symlink_install': False, 'test_result_base': None}
[1.115s] Level 5:colcon.colcon_core.verb:set package 'drive2' build argument 'cmake_args' from command line to 'None'
[1.115s] Level 5:colcon.colcon_core.verb:set package 'drive2' build argument 'cmake_target' from command line to 'None'
[1.115s] Level 5:colcon.colcon_core.verb:set package 'drive2' build argument 'cmake_target_skip_unavailable' from command line to 'False'
[1.115s] Level 5:colcon.colcon_core.verb:set package 'drive2' build argument 'cmake_clean_cache' from command line to 'False'
[1.115s] Level 5:colcon.colcon_core.verb:set package 'drive2' build argument 'cmake_clean_first' from command line to 'False'
[1.115s] Level 5:colcon.colcon_core.verb:set package 'drive2' build argument 'cmake_force_configure' from command line to 'False'
[1.115s] Level 5:colcon.colcon_core.verb:set package 'drive2' build argument 'ament_cmake_args' from command line to 'None'
[1.115s] Level 5:colcon.colcon_core.verb:set package 'drive2' build argument 'catkin_cmake_args' from command line to 'None'
[1.116s] Level 5:colcon.colcon_core.verb:set package 'drive2' build argument 'catkin_skip_building_tests' from command line to 'False'
[1.116s] DEBUG:colcon.colcon_core.verb:Building package 'drive2' with the following arguments: {'ament_cmake_args': None, 'build_base': '/home/darc-f1-01/ros2_ws/build/drive2', 'catkin_cmake_args': None, 'catkin_skip_building_tests': False, 'cmake_args': None, 'cmake_clean_cache': False, 'cmake_clean_first': False, 'cmake_force_configure': False, 'cmake_target': None, 'cmake_target_skip_unavailable': False, 'install_base': '/home/darc-f1-01/ros2_ws/install/drive2', 'merge_install': False, 'path': '/home/darc-f1-01/ros2_ws/src/drive2', 'symlink_install': False, 'test_result_base': None}
[1.116s] Level 5:colcon.colcon_core.verb:set package 'gap_follow' build argument 'cmake_args' from command line to 'None'
[1.116s] Level 5:colcon.colcon_core.verb:set package 'gap_follow' build argument 'cmake_target' from command line to 'None'
[1.116s] Level 5:colcon.colcon_core.verb:set package 'gap_follow' build argument 'cmake_target_skip_unavailable' from command line to 'False'
[1.116s] Level 5:colcon.colcon_core.verb:set package 'gap_follow' build argument 'cmake_clean_cache' from command line to 'False'
[1.117s] Level 5:colcon.colcon_core.verb:set package 'gap_follow' build argument 'cmake_clean_first' from command line to 'False'
[1.117s] Level 5:colcon.colcon_core.verb:set package 'gap_follow' build argument 'cmake_force_configure' from command line to 'False'
[1.117s] Level 5:colcon.colcon_core.verb:set package 'gap_follow' build argument 'ament_cmake_args' from command line to 'None'
[1.117s] Level 5:colcon.colcon_core.verb:set package 'gap_follow' build argument 'catkin_cmake_args' from command line to 'None'
[1.117s] Level 5:colcon.colcon_core.verb:set package 'gap_follow' build argument 'catkin_skip_building_tests' from command line to 'False'
[1.117s] DEBUG:colcon.colcon_core.verb:Building package 'gap_follow' with the following arguments: {'ament_cmake_args': None, 'build_base': '/home/darc-f1-01/ros2_ws/build/gap_follow', 'catkin_cmake_args': None, 'catkin_skip_building_tests': False, 'cmake_args': None, 'cmake_clean_cache': False, 'cmake_clean_first': False, 'cmake_force_configure': False, 'cmake_target': None, 'cmake_target_skip_unavailable': False, 'install_base': '/home/darc-f1-01/ros2_ws/install/gap_follow', 'merge_install': False, 'path': '/home/darc-f1-01/ros2_ws/src/gap_follow', 'symlink_install': False, 'test_result_base': None}
[1.117s] Level 5:colcon.colcon_core.verb:set package 'safety_node' build argument 'cmake_args' from command line to 'None'
[1.118s] Level 5:colcon.colcon_core.verb:set package 'safety_node' build argument 'cmake_target' from command line to 'None'
[1.118s] Level 5:colcon.colcon_core.verb:set package 'safety_node' build argument 'cmake_target_skip_unavailable' from command line to 'False'
[1.118s] Level 5:colcon.colcon_core.verb:set package 'safety_node' build argument 'cmake_clean_cache' from command line to 'False'
[1.118s] Level 5:colcon.colcon_core.verb:set package 'safety_node' build argument 'cmake_clean_first' from command line to 'False'
[1.118s] Level 5:colcon.colcon_core.verb:set package 'safety_node' build argument 'cmake_force_configure' from command line to 'False'
[1.118s] Level 5:colcon.colcon_core.verb:set package 'safety_node' build argument 'ament_cmake_args' from command line to 'None'
[1.118s] Level 5:colcon.colcon_core.verb:set package 'safety_node' build argument 'catkin_cmake_args' from command line to 'None'
[1.118s] Level 5:colcon.colcon_core.verb:set package 'safety_node' build argument 'catkin_skip_building_tests' from command line to 'False'
[1.118s] DEBUG:colcon.colcon_core.verb:Building package 'safety_node' with the following arguments: {'ament_cmake_args': None, 'build_base': '/home/darc-f1-01/ros2_ws/build/safety_node', 'catkin_cmake_args': None, 'catkin_skip_building_tests': False, 'cmake_args': None, 'cmake_clean_cache': False, 'cmake_clean_first': False, 'cmake_force_configure': False, 'cmake_target': None, 'cmake_target_skip_unavailable': False, 'install_base': '/home/darc-f1-01/ros2_ws/install/safety_node', 'merge_install': False, 'path': '/home/darc-f1-01/ros2_ws/src/stop', 'symlink_install': False, 'test_result_base': None}
[1.119s] Level 5:colcon.colcon_core.verb:set package 'safety_pkg' build argument 'cmake_args' from command line to 'None'
[1.119s] Level 5:colcon.colcon_core.verb:set package 'safety_pkg' build argument 'cmake_target' from command line to 'None'
[1.119s] Level 5:colcon.colcon_core.verb:set package 'safety_pkg' build argument 'cmake_target_skip_unavailable' from command line to 'False'
[1.119s] Level 5:colcon.colcon_core.verb:set package 'safety_pkg' build argument 'cmake_clean_cache' from command line to 'False'
[1.119s] Level 5:colcon.colcon_core.verb:set package 'safety_pkg' build argument 'cmake_clean_first' from command line to 'False'
[1.119s] Level 5:colcon.colcon_core.verb:set package 'safety_pkg' build argument 'cmake_force_configure' from command line to 'False'
[1.119s] Level 5:colcon.colcon_core.verb:set package 'safety_pkg' build argument 'ament_cmake_args' from command line to 'None'
[1.119s] Level 5:colcon.colcon_core.verb:set package 'safety_pkg' build argument 'catkin_cmake_args' from command line to 'None'
[1.119s] Level 5:colcon.colcon_core.verb:set package 'safety_pkg' build argument 'catkin_skip_building_tests' from command line to 'False'
[1.119s] DEBUG:colcon.colcon_core.verb:Building package 'safety_pkg' with the following arguments: {'ament_cmake_args': None, 'build_base': '/home/darc-f1-01/ros2_ws/build/safety_pkg', 'catkin_cmake_args': None, 'catkin_skip_building_tests': False, 'cmake_args': None, 'cmake_clean_cache': False, 'cmake_clean_first': False, 'cmake_force_configure': False, 'cmake_target': None, 'cmake_target_skip_unavailable': False, 'install_base': '/home/darc-f1-01/ros2_ws/install/safety_pkg', 'merge_install': False, 'path': '/home/darc-f1-01/ros2_ws/src/safety_pkg', 'symlink_install': False, 'test_result_base': None}
[1.120s] Level 5:colcon.colcon_core.verb:set package 'wall_follower' build argument 'cmake_args' from command line to 'None'
[1.120s] Level 5:colcon.colcon_core.verb:set package 'wall_follower' build argument 'cmake_target' from command line to 'None'
[1.120s] Level 5:colcon.colcon_core.verb:set package 'wall_follower' build argument 'cmake_target_skip_unavailable' from command line to 'False'
[1.120s] Level 5:colcon.colcon_core.verb:set package 'wall_follower' build argument 'cmake_clean_cache' from command line to 'False'
[1.120s] Level 5:colcon.colcon_core.verb:set package 'wall_follower' build argument 'cmake_clean_first' from command line to 'False'
[1.120s] Level 5:colcon.colcon_core.verb:set package 'wall_follower' build argument 'cmake_force_configure' from command line to 'False'
[1.120s] Level 5:colcon.colcon_core.verb:set package 'wall_follower' build argument 'ament_cmake_args' from command line to 'None'
[1.120s] Level 5:colcon.colcon_core.verb:set package 'wall_follower' build argument 'catkin_cmake_args' from command line to 'None'
[1.120s] Level 5:colcon.colcon_core.verb:set package 'wall_follower' build argument 'catkin_skip_building_tests' from command line to 'False'
[1.120s] DEBUG:colcon.colcon_core.verb:Building package 'wall_follower' with the following arguments: {'ament_cmake_args': None, 'build_base': '/home/darc-f1-01/ros2_ws/build/wall_follower', 'catkin_cmake_args': None, 'catkin_skip_building_tests': False, 'cmake_args': None, 'cmake_clean_cache': False, 'cmake_clean_first': False, 'cmake_force_configure': False, 'cmake_target': None, 'cmake_target_skip_unavailable': False, 'install_base': '/home/darc-f1-01/ros2_ws/install/wall_follower', 'merge_install': False, 'path': '/home/darc-f1-01/ros2_ws/src/wall_follower', 'symlink_install': False, 'test_result_base': None}
[1.121s] INFO:colcon.colcon_core.executor:Executing jobs using 'parallel' executor
[1.124s] DEBUG:colcon.colcon_parallel_executor.executor.parallel:run_until_complete
[1.124s] INFO:colcon.colcon_ros.task.ament_python.build:Building ROS package in '/home/darc-f1-01/ros2_ws/src/5M_test' with build type 'ament_python'
[1.125s] Level 1:colcon.colcon_core.shell:create_environment_hook('5M_test', 'ament_prefix_path')
[1.134s] INFO:colcon.colcon_core.plugin_system:Skipping extension 'colcon_core.shell.bat': Not used on non-Windows systems
[1.134s] INFO:colcon.colcon_core.shell:Creating environment hook '/home/darc-f1-01/ros2_ws/install/5M_test/share/5M_test/hook/ament_prefix_path.ps1'
[1.136s] INFO:colcon.colcon_core.shell:Creating environment descriptor '/home/darc-f1-01/ros2_ws/install/5M_test/share/5M_test/hook/ament_prefix_path.dsv'
[1.137s] INFO:colcon.colcon_core.shell:Creating environment hook '/home/darc-f1-01/ros2_ws/install/5M_test/share/5M_test/hook/ament_prefix_path.sh'
[1.139s] INFO:colcon.colcon_core.shell:Skip shell extension 'powershell' for command environment: Not usable outside of PowerShell
[1.140s] DEBUG:colcon.colcon_core.shell:Skip shell extension 'dsv' for command environment
[1.151s] INFO:colcon.colcon_ros.task.ament_python.build:Building ROS package in '/home/darc-f1-01/ros2_ws/src/AEB' with build type 'ament_python'
[1.152s] Level 1:colcon.colcon_core.shell:create_environment_hook('AEB', 'ament_prefix_path')
[1.152s] INFO:colcon.colcon_core.shell:Creating environment hook '/home/darc-f1-01/ros2_ws/install/AEB/share/AEB/hook/ament_prefix_path.ps1'
[1.154s] INFO:colcon.colcon_core.shell:Creating environment descriptor '/home/darc-f1-01/ros2_ws/install/AEB/share/AEB/hook/ament_prefix_path.dsv'
[1.155s] INFO:colcon.colcon_core.shell:Creating environment hook '/home/darc-f1-01/ros2_ws/install/AEB/share/AEB/hook/ament_prefix_path.sh'
[1.156s] INFO:colcon.colcon_core.shell:Skip shell extension 'powershell' for command environment: Not usable outside of PowerShell
[1.156s] DEBUG:colcon.colcon_core.shell:Skip shell extension 'dsv' for command environment
[1.166s] INFO:colcon.colcon_ros.task.ament_python.build:Building ROS package in '/home/darc-f1-01/ros2_ws/src/drive2' with build type 'ament_python'
[1.167s] Level 1:colcon.colcon_core.shell:create_environment_hook('drive2', 'ament_prefix_path')
[1.167s] INFO:colcon.colcon_core.shell:Creating environment hook '/home/darc-f1-01/ros2_ws/install/drive2/share/drive2/hook/ament_prefix_path.ps1'
[1.169s] INFO:colcon.colcon_core.shell:Creating environment descriptor '/home/darc-f1-01/ros2_ws/install/drive2/share/drive2/hook/ament_prefix_path.dsv'
[1.169s] INFO:colcon.colcon_core.shell:Creating environment hook '/home/darc-f1-01/ros2_ws/install/drive2/share/drive2/hook/ament_prefix_path.sh'
[1.171s] INFO:colcon.colcon_core.shell:Skip shell extension 'powershell' for command environment: Not usable outside of PowerShell
[1.171s] DEBUG:colcon.colcon_core.shell:Skip shell extension 'dsv' for command environment
[1.180s] INFO:colcon.colcon_ros.task.ament_python.build:Building ROS package in '/home/darc-f1-01/ros2_ws/src/gap_follow' with build type 'ament_python'
[1.181s] Level 1:colcon.colcon_core.shell:create_environment_hook('gap_follow', 'ament_prefix_path')
[1.181s] INFO:colcon.colcon_core.shell:Creating environment hook '/home/darc-f1-01/ros2_ws/install/gap_follow/share/gap_follow/hook/ament_prefix_path.ps1'
[1.183s] INFO:colcon.colcon_core.shell:Creating environment descriptor '/home/darc-f1-01/ros2_ws/install/gap_follow/share/gap_follow/hook/ament_prefix_path.dsv'
[1.184s] INFO:colcon.colcon_core.shell:Creating environment hook '/home/darc-f1-01/ros2_ws/install/gap_follow/share/gap_follow/hook/ament_prefix_path.sh'
[1.185s] INFO:colcon.colcon_core.shell:Skip shell extension 'powershell' for command environment: Not usable outside of PowerShell
[1.185s] DEBUG:colcon.colcon_core.shell:Skip shell extension 'dsv' for command environment
[1.196s] INFO:colcon.colcon_ros.task.ament_python.build:Building ROS package in '/home/darc-f1-01/ros2_ws/src/stop' with build type 'ament_python'
[1.196s] Level 1:colcon.colcon_core.shell:create_environment_hook('safety_node', 'ament_prefix_path')
[1.197s] INFO:colcon.colcon_core.shell:Creating environment hook '/home/darc-f1-01/ros2_ws/install/safety_node/share/safety_node/hook/ament_prefix_path.ps1'
[1.198s] INFO:colcon.colcon_core.shell:Creating environment descriptor '/home/darc-f1-01/ros2_ws/install/safety_node/share/safety_node/hook/ament_prefix_path.dsv'
[1.199s] INFO:colcon.colcon_core.shell:Creating environment hook '/home/darc-f1-01/ros2_ws/install/safety_node/share/safety_node/hook/ament_prefix_path.sh'
[1.201s] INFO:colcon.colcon_core.shell:Skip shell extension 'powershell' for command environment: Not usable outside of PowerShell
[1.201s] DEBUG:colcon.colcon_core.shell:Skip shell extension 'dsv' for command environment
[1.211s] INFO:colcon.colcon_ros.task.ament_python.build:Building ROS package in '/home/darc-f1-01/ros2_ws/src/safety_pkg' with build type 'ament_python'
[1.211s] Level 1:colcon.colcon_core.shell:create_environment_hook('safety_pkg', 'ament_prefix_path')
[1.212s] INFO:colcon.colcon_core.shell:Creating environment hook '/home/darc-f1-01/ros2_ws/install/safety_pkg/share/safety_pkg/hook/ament_prefix_path.ps1'
[1.213s] INFO:colcon.colcon_core.shell:Creating environment descriptor '/home/darc-f1-01/ros2_ws/install/safety_pkg/share/safety_pkg/hook/ament_prefix_path.dsv'
[1.214s] INFO:colcon.colcon_core.shell:Creating environment hook '/home/darc-f1-01/ros2_ws/install/safety_pkg/share/safety_pkg/hook/ament_prefix_path.sh'
[1.216s] INFO:colcon.colcon_core.shell:Skip shell extension 'powershell' for command environment: Not usable outside of PowerShell
[1.216s] DEBUG:colcon.colcon_core.shell:Skip shell extension 'dsv' for command environment
[1.905s] INFO:colcon.colcon_core.task.python.build:Building Python package in '/home/darc-f1-01/ros2_ws/src/5M_test'
[1.906s] INFO:colcon.colcon_core.shell:Skip shell extension 'powershell' for command environment: Not usable outside of PowerShell
[1.906s] DEBUG:colcon.colcon_core.shell:Skip shell extension 'dsv' for command environment
[2.598s] INFO:colcon.colcon_core.task.python.build:Building Python package in '/home/darc-f1-01/ros2_ws/src/AEB'
[2.600s] INFO:colcon.colcon_core.shell:Skip shell extension 'powershell' for command environment: Not usable outside of PowerShell
[2.600s] DEBUG:colcon.colcon_core.shell:Skip shell extension 'dsv' for command environment
[3.294s] INFO:colcon.colcon_core.task.python.build:Building Python package in '/home/darc-f1-01/ros2_ws/src/drive2'
[3.295s] INFO:colcon.colcon_core.shell:Skip shell extension 'powershell' for command environment: Not usable outside of PowerShell
[3.295s] DEBUG:colcon.colcon_core.shell:Skip shell extension 'dsv' for command environment
[3.978s] INFO:colcon.colcon_core.task.python.build:Building Python package in '/home/darc-f1-01/ros2_ws/src/gap_follow'
[3.979s] INFO:colcon.colcon_core.shell:Skip shell extension 'powershell' for command environment: Not usable outside of PowerShell
[3.979s] DEBUG:colcon.colcon_core.shell:Skip shell extension 'dsv' for command environment
[4.690s] INFO:colcon.colcon_core.task.python.build:Building Python package in '/home/darc-f1-01/ros2_ws/src/stop'
[4.692s] INFO:colcon.colcon_core.shell:Skip shell extension 'powershell' for command environment: Not usable outside of PowerShell
[4.692s] DEBUG:colcon.colcon_core.shell:Skip shell extension 'dsv' for command environment
[5.394s] INFO:colcon.colcon_core.task.python.build:Building Python package in '/home/darc-f1-01/ros2_ws/src/safety_pkg'
[5.396s] INFO:colcon.colcon_core.shell:Skip shell extension 'powershell' for command environment: Not usable outside of PowerShell
[5.396s] DEBUG:colcon.colcon_core.shell:Skip shell extension 'dsv' for command environment
[6.464s] DEBUG:colcon.colcon_core.event_handler.log_command:Invoking command in '/home/darc-f1-01/ros2_ws/src/5M_test': PYTHONPATH=/home/darc-f1-01/ros2_ws/build/5M_test/prefix_override:/usr/lib/python3/dist-packages/colcon_core/task/python/colcon_distutils_commands:/home/darc-f1-01/ros2_ws/install/5M_test/lib/python3.10/site-packages:${PYTHONPATH} /usr/bin/python3 -W ignore:setup.py install is deprecated -W ignore:easy_install command is deprecated setup.py egg_info --egg-base ../../build/5M_test build --build-base /home/darc-f1-01/ros2_ws/build/5M_test/build install --record /home/darc-f1-01/ros2_ws/build/5M_test/install.log --single-version-externally-managed install_data
[6.481s] DEBUG:colcon.colcon_core.event_handler.log_command:Invoking command in '/home/darc-f1-01/ros2_ws/src/safety_pkg': PYTHONPATH=/home/darc-f1-01/ros2_ws/build/safety_pkg/prefix_override:/usr/lib/python3/dist-packages/colcon_core/task/python/colcon_distutils_commands:/home/darc-f1-01/ros2_ws/install/safety_pkg/lib/python3.10/site-packages:${PYTHONPATH} /usr/bin/python3 -W ignore:setup.py install is deprecated -W ignore:easy_install command is deprecated setup.py egg_info --egg-base ../../build/safety_pkg build --build-base /home/darc-f1-01/ros2_ws/build/safety_pkg/build install --record /home/darc-f1-01/ros2_ws/build/safety_pkg/install.log --single-version-externally-managed install_data
[6.511s] DEBUG:colcon.colcon_core.event_handler.log_command:Invoking command in '/home/darc-f1-01/ros2_ws/src/drive2': PYTHONPATH=/home/darc-f1-01/ros2_ws/build/drive2/prefix_override:/usr/lib/python3/dist-packages/colcon_core/task/python/colcon_distutils_commands:/home/darc-f1-01/ros2_ws/install/drive2/lib/python3.10/site-packages:${PYTHONPATH} /usr/bin/python3 -W ignore:setup.py install is deprecated -W ignore:easy_install command is deprecated setup.py egg_info --egg-base ../../build/drive2 build --build-base /home/darc-f1-01/ros2_ws/build/drive2/build install --record /home/darc-f1-01/ros2_ws/build/drive2/install.log --single-version-externally-managed install_data
[6.525s] DEBUG:colcon.colcon_core.event_handler.log_command:Invoking command in '/home/darc-f1-01/ros2_ws/src/gap_follow': PYTHONPATH=/home/darc-f1-01/ros2_ws/build/gap_follow/prefix_override:/usr/lib/python3/dist-packages/colcon_core/task/python/colcon_distutils_commands:/home/darc-f1-01/ros2_ws/install/gap_follow/lib/python3.10/site-packages:${PYTHONPATH} /usr/bin/python3 -W ignore:setup.py install is deprecated -W ignore:easy_install command is deprecated setup.py egg_info --egg-base ../../build/gap_follow build --build-base /home/darc-f1-01/ros2_ws/build/gap_follow/build install --record /home/darc-f1-01/ros2_ws/build/gap_follow/install.log --single-version-externally-managed install_data
[6.540s] DEBUG:colcon.colcon_core.event_handler.log_command:Invoking command in '/home/darc-f1-01/ros2_ws/src/stop': PYTHONPATH=/home/darc-f1-01/ros2_ws/build/safety_node/prefix_override:/usr/lib/python3/dist-packages/colcon_core/task/python/colcon_distutils_commands:/home/darc-f1-01/ros2_ws/install/safety_node/lib/python3.10/site-packages:${PYTHONPATH} /usr/bin/python3 -W ignore:setup.py install is deprecated -W ignore:easy_install command is deprecated setup.py egg_info --egg-base ../../build/safety_node build --build-base /home/darc-f1-01/ros2_ws/build/safety_node/build install --record /home/darc-f1-01/ros2_ws/build/safety_node/install.log --single-version-externally-managed install_data
[6.592s] DEBUG:colcon.colcon_core.event_handler.log_command:Invoking command in '/home/darc-f1-01/ros2_ws/src/AEB': PYTHONPATH=/home/darc-f1-01/ros2_ws/build/AEB/prefix_override:/usr/lib/python3/dist-packages/colcon_core/task/python/colcon_distutils_commands:/home/darc-f1-01/ros2_ws/install/AEB/lib/python3.10/site-packages:${PYTHONPATH} /usr/bin/python3 -W ignore:setup.py install is deprecated -W ignore:easy_install command is deprecated setup.py egg_info --egg-base ../../build/AEB build --build-base /home/darc-f1-01/ros2_ws/build/AEB/build install --record /home/darc-f1-01/ros2_ws/build/AEB/install.log --single-version-externally-managed install_data
[7.345s] DEBUG:colcon.colcon_core.event_handler.log_command:Invoked command in '/home/darc-f1-01/ros2_ws/src/5M_test' returned '0': PYTHONPATH=/home/darc-f1-01/ros2_ws/build/5M_test/prefix_override:/usr/lib/python3/dist-packages/colcon_core/task/python/colcon_distutils_commands:/home/darc-f1-01/ros2_ws/install/5M_test/lib/python3.10/site-packages:${PYTHONPATH} /usr/bin/python3 -W ignore:setup.py install is deprecated -W ignore:easy_install command is deprecated setup.py egg_info --egg-base ../../build/5M_test build --build-base /home/darc-f1-01/ros2_ws/build/5M_test/build install --record /home/darc-f1-01/ros2_ws/build/5M_test/install.log --single-version-externally-managed install_data
[7.364s] Level 1:colcon.colcon_core.environment:checking '/home/darc-f1-01/ros2_ws/install/5M_test' for CMake module files
[7.366s] Level 1:colcon.colcon_core.environment:checking '/home/darc-f1-01/ros2_ws/install/5M_test' for CMake config files
[7.367s] Level 1:colcon.colcon_core.environment:checking '/home/darc-f1-01/ros2_ws/install/5M_test/lib'
[7.368s] Level 1:colcon.colcon_core.environment:checking '/home/darc-f1-01/ros2_ws/install/5M_test/bin'
[7.368s] Level 1:colcon.colcon_core.environment:checking '/home/darc-f1-01/ros2_ws/install/5M_test/lib/pkgconfig/5M_test.pc'
[7.368s] Level 1:colcon.colcon_core.environment:checking '/home/darc-f1-01/ros2_ws/install/5M_test/lib/python3.10/site-packages'
[7.369s] Level 1:colcon.colcon_core.shell:create_environment_hook('5M_test', 'pythonpath')
[7.369s] INFO:colcon.colcon_core.shell:Creating environment hook '/home/darc-f1-01/ros2_ws/install/5M_test/share/5M_test/hook/pythonpath.ps1'
[7.374s] INFO:colcon.colcon_core.shell:Creating environment descriptor '/home/darc-f1-01/ros2_ws/install/5M_test/share/5M_test/hook/pythonpath.dsv'
[7.376s] INFO:colcon.colcon_core.shell:Creating environment hook '/home/darc-f1-01/ros2_ws/install/5M_test/share/5M_test/hook/pythonpath.sh'
[7.379s] Level 1:colcon.colcon_core.environment:checking '/home/darc-f1-01/ros2_ws/install/5M_test/bin'
[7.379s] Level 1:colcon.colcon_core.environment:create_environment_scripts_only(5M_test)
[7.380s] INFO:colcon.colcon_core.shell:Creating package script '/home/darc-f1-01/ros2_ws/install/5M_test/share/5M_test/package.ps1'
[7.384s] INFO:colcon.colcon_core.shell:Creating package descriptor '/home/darc-f1-01/ros2_ws/install/5M_test/share/5M_test/package.dsv'
[7.387s] INFO:colcon.colcon_core.shell:Creating package script '/home/darc-f1-01/ros2_ws/install/5M_test/share/5M_test/package.sh'
[7.390s] INFO:colcon.colcon_core.shell:Creating package script '/home/darc-f1-01/ros2_ws/install/5M_test/share/5M_test/package.bash'
[7.393s] INFO:colcon.colcon_core.shell:Creating package script '/home/darc-f1-01/ros2_ws/install/5M_test/share/5M_test/package.zsh'
[7.395s] Level 1:colcon.colcon_core.environment:create_file_with_runtime_dependencies(/home/darc-f1-01/ros2_ws/install/5M_test/share/colcon-core/packages/5M_test)
[7.398s] INFO:colcon.colcon_ros.task.ament_python.build:Building ROS package in '/home/darc-f1-01/ros2_ws/src/wall_follower' with build type 'ament_python'
[7.399s] Level 1:colcon.colcon_core.shell:create_environment_hook('wall_follower', 'ament_prefix_path')
[7.400s] INFO:colcon.colcon_core.shell:Creating environment hook '/home/darc-f1-01/ros2_ws/install/wall_follower/share/wall_follower/hook/ament_prefix_path.ps1'
[7.402s] INFO:colcon.colcon_core.shell:Creating environment descriptor '/home/darc-f1-01/ros2_ws/install/wall_follower/share/wall_follower/hook/ament_prefix_path.dsv'
[7.404s] INFO:colcon.colcon_core.shell:Creating environment hook '/home/darc-f1-01/ros2_ws/install/wall_follower/share/wall_follower/hook/ament_prefix_path.sh'
[7.406s] INFO:colcon.colcon_core.shell:Skip shell extension 'powershell' for command environment: Not usable outside of PowerShell
[7.406s] DEBUG:colcon.colcon_core.shell:Skip shell extension 'dsv' for command environment
[7.429s] DEBUG:colcon.colcon_core.event_handler.log_command:Invoked command in '/home/darc-f1-01/ros2_ws/src/AEB' returned '1': PYTHONPATH=/home/darc-f1-01/ros2_ws/build/AEB/prefix_override:/usr/lib/python3/dist-packages/colcon_core/task/python/colcon_distutils_commands:/home/darc-f1-01/ros2_ws/install/AEB/lib/python3.10/site-packages:${PYTHONPATH} /usr/bin/python3 -W ignore:setup.py install is deprecated -W ignore:easy_install command is deprecated setup.py egg_info --egg-base ../../build/AEB build --build-base /home/darc-f1-01/ros2_ws/build/AEB/build install --record /home/darc-f1-01/ros2_ws/build/AEB/install.log --single-version-externally-managed install_data
[7.598s] DEBUG:colcon.colcon_parallel_executor.executor.parallel:closing loop
[7.601s] DEBUG:colcon.colcon_parallel_executor.executor.parallel:loop closed
[7.601s] DEBUG:colcon.colcon_parallel_executor.executor.parallel:run_until_complete finished with '1'
[7.601s] DEBUG:colcon.colcon_core.event_reactor:joining thread
[7.625s] INFO:colcon.colcon_core.plugin_system:Skipping extension 'colcon_notification.desktop_notification.terminal_notifier': Not used on non-Darwin systems
[7.625s] INFO:colcon.colcon_core.plugin_system:Skipping extension 'colcon_notification.desktop_notification.win32': Not used on non-Windows systems
[7.626s] INFO:colcon.colcon_notification.desktop_notification:Sending desktop notification using 'notify2'
[7.700s] DEBUG:colcon.colcon_core.event_reactor:joined thread
[7.701s] INFO:colcon.colcon_core.shell:Creating prefix script '/home/darc-f1-01/ros2_ws/install/local_setup.ps1'
[7.706s] INFO:colcon.colcon_core.shell:Creating prefix util module '/home/darc-f1-01/ros2_ws/install/_local_setup_util_ps1.py'
[7.711s] INFO:colcon.colcon_core.shell:Creating prefix chain script '/home/darc-f1-01/ros2_ws/install/setup.ps1'
[7.718s] INFO:colcon.colcon_core.shell:Creating prefix script '/home/darc-f1-01/ros2_ws/install/local_setup.sh'
[7.721s] INFO:colcon.colcon_core.shell:Creating prefix util module '/home/darc-f1-01/ros2_ws/install/_local_setup_util_sh.py'
[7.723s] INFO:colcon.colcon_core.shell:Creating prefix chain script '/home/darc-f1-01/ros2_ws/install/setup.sh'
[7.730s] INFO:colcon.colcon_core.shell:Creating prefix script '/home/darc-f1-01/ros2_ws/install/local_setup.bash'
[7.732s] INFO:colcon.colcon_core.shell:Creating prefix chain script '/home/darc-f1-01/ros2_ws/install/setup.bash'
[7.739s] INFO:colcon.colcon_core.shell:Creating prefix script '/home/darc-f1-01/ros2_ws/install/local_setup.zsh'
[7.741s] INFO:colcon.colcon_core.shell:Creating prefix chain script '/home/darc-f1-01/ros2_ws/install/setup.zsh'
