[0.322s] DEBUG:colcon:Command line arguments: ['/usr/bin/colcon', 'build']
[0.322s] DEBUG:colcon:Parsed command line arguments: Namespace(log_base=None, log_level=None, verb_name='build', build_base='build', install_base='install', merge_install=False, symlink_install=False, test_result_base=None, continue_on_error=False, executor='parallel', parallel_workers=6, event_handlers=None, ignore_user_meta=False, metas=['./colcon.meta'], base_paths=['.'], packages_ignore=None, packages_ignore_regex=None, paths=None, packages_up_to=None, packages_up_to_regex=None, packages_above=None, packages_above_and_dependencies=None, packages_above_depth=None, packages_select_by_dep=None, packages_skip_by_dep=None, packages_skip_up_to=None, packages_select_build_failed=False, packages_skip_build_finished=False, packages_select_test_failures=False, packages_skip_test_passed=False, packages_select=None, packages_skip=None, packages_select_regex=None, packages_skip_regex=None, packages_start=None, packages_end=None, allow_overriding=[], cmake_args=None, cmake_target=None, cmake_target_skip_unavailable=False, cmake_clean_cache=False, cmake_clean_first=False, cmake_force_configure=False, ament_cmake_args=None, catkin_cmake_args=None, catkin_skip_building_tests=False, verb_parser=<colcon_defaults.argument_parser.defaults.DefaultArgumentsDecorator object at 0xffff8608dcf0>, verb_extension=<colcon_core.verb.build.BuildVerb object at 0xffff862d75b0>, main=<bound method BuildVerb.main of <colcon_core.verb.build.BuildVerb object at 0xffff862d75b0>>)
[0.868s] Level 1:colcon.colcon_core.package_discovery:discover_packages(colcon_meta) check parameters
[0.868s] Level 1:colcon.colcon_core.package_discovery:discover_packages(recursive) check parameters
[0.868s] Level 1:colcon.colcon_core.package_discovery:discover_packages(ignore) check parameters
[0.868s] Level 1:colcon.colcon_core.package_discovery:discover_packages(path) check parameters
[0.869s] Level 1:colcon.colcon_core.package_discovery:discover_packages(colcon_meta) discover
[0.869s] Level 1:colcon.colcon_core.package_discovery:discover_packages(recursive) discover
[0.869s] INFO:colcon.colcon_core.package_discovery:Crawling recursively for packages in '/home/darc-f1-01/ros2_ws'
[0.869s] Level 1:colcon.colcon_core.package_identification:_identify(.) by extensions ['ignore', 'ignore_ament_install']
[0.869s] Level 1:colcon.colcon_core.package_identification:_identify(.) by extension 'ignore'
[0.870s] Level 1:colcon.colcon_core.package_identification:_identify(.) by extension 'ignore_ament_install'
[0.870s] Level 1:colcon.colcon_core.package_identification:_identify(.) by extensions ['colcon_pkg']
[0.870s] Level 1:colcon.colcon_core.package_identification:_identify(.) by extension 'colcon_pkg'
[0.870s] Level 1:colcon.colcon_core.package_identification:_identify(.) by extensions ['colcon_meta']
[0.870s] Level 1:colcon.colcon_core.package_identification:_identify(.) by extension 'colcon_meta'
[0.870s] Level 1:colcon.colcon_core.package_identification:_identify(.) by extensions ['ros']
[0.870s] Level 1:colcon.colcon_core.package_identification:_identify(.) by extension 'ros'
[0.897s] Level 1:colcon.colcon_core.package_identification:_identify(.) by extensions ['cmake', 'python']
[0.898s] Level 1:colcon.colcon_core.package_identification:_identify(.) by extension 'cmake'
[0.898s] Level 1:colcon.colcon_core.package_identification:_identify(.) by extension 'python'
[0.898s] Level 1:colcon.colcon_core.package_identification:_identify(.) by extensions ['python_setup_py']
[0.898s] Level 1:colcon.colcon_core.package_identification:_identify(.) by extension 'python_setup_py'
[0.899s] Level 1:colcon.colcon_core.package_identification:_identify(build) by extensions ['ignore', 'ignore_ament_install']
[0.899s] Level 1:colcon.colcon_core.package_identification:_identify(build) by extension 'ignore'
[0.899s] Level 1:colcon.colcon_core.package_identification:_identify(build) ignored
[0.899s] Level 1:colcon.colcon_core.package_identification:_identify(install) by extensions ['ignore', 'ignore_ament_install']
[0.900s] Level 1:colcon.colcon_core.package_identification:_identify(install) by extension 'ignore'
[0.900s] Level 1:colcon.colcon_core.package_identification:_identify(install) ignored
[0.900s] Level 1:colcon.colcon_core.package_identification:_identify(log) by extensions ['ignore', 'ignore_ament_install']
[0.900s] Level 1:colcon.colcon_core.package_identification:_identify(log) by extension 'ignore'
[0.900s] Level 1:colcon.colcon_core.package_identification:_identify(log) ignored
[0.900s] Level 1:colcon.colcon_core.package_identification:_identify(src) by extensions ['ignore', 'ignore_ament_install']
[0.901s] Level 1:colcon.colcon_core.package_identification:_identify(src) by extension 'ignore'
[0.901s] Level 1:colcon.colcon_core.package_identification:_identify(src) by extension 'ignore_ament_install'
[0.901s] Level 1:colcon.colcon_core.package_identification:_identify(src) by extensions ['colcon_pkg']
[0.901s] Level 1:colcon.colcon_core.package_identification:_identify(src) by extension 'colcon_pkg'
[0.901s] Level 1:colcon.colcon_core.package_identification:_identify(src) by extensions ['colcon_meta']
[0.901s] Level 1:colcon.colcon_core.package_identification:_identify(src) by extension 'colcon_meta'
[0.901s] Level 1:colcon.colcon_core.package_identification:_identify(src) by extensions ['ros']
[0.901s] Level 1:colcon.colcon_core.package_identification:_identify(src) by extension 'ros'
[0.902s] Level 1:colcon.colcon_core.package_identification:_identify(src) by extensions ['cmake', 'python']
[0.902s] Level 1:colcon.colcon_core.package_identification:_identify(src) by extension 'cmake'
[0.902s] Level 1:colcon.colcon_core.package_identification:_identify(src) by extension 'python'
[0.902s] Level 1:colcon.colcon_core.package_identification:_identify(src) by extensions ['python_setup_py']
[0.902s] Level 1:colcon.colcon_core.package_identification:_identify(src) by extension 'python_setup_py'
[0.902s] Level 1:colcon.colcon_core.package_identification:_identify(src/5M_test) by extensions ['ignore', 'ignore_ament_install']
[0.902s] Level 1:colcon.colcon_core.package_identification:_identify(src/5M_test) by extension 'ignore'
[0.903s] Level 1:colcon.colcon_core.package_identification:_identify(src/5M_test) by extension 'ignore_ament_install'
[0.903s] Level 1:colcon.colcon_core.package_identification:_identify(src/5M_test) by extensions ['colcon_pkg']
[0.903s] Level 1:colcon.colcon_core.package_identification:_identify(src/5M_test) by extension 'colcon_pkg'
[0.903s] Level 1:colcon.colcon_core.package_identification:_identify(src/5M_test) by extensions ['colcon_meta']
[0.903s] Level 1:colcon.colcon_core.package_identification:_identify(src/5M_test) by extension 'colcon_meta'
[0.903s] Level 1:colcon.colcon_core.package_identification:_identify(src/5M_test) by extensions ['ros']
[0.903s] Level 1:colcon.colcon_core.package_identification:_identify(src/5M_test) by extension 'ros'
[0.910s] DEBUG:colcon.colcon_core.package_identification:Package 'src/5M_test' with type 'ros.ament_python' and name '5M_test'
[0.911s] Level 1:colcon.colcon_core.package_identification:_identify(src/AEB) by extensions ['ignore', 'ignore_ament_install']
[0.912s] Level 1:colcon.colcon_core.package_identification:_identify(src/AEB) by extension 'ignore'
[0.912s] Level 1:colcon.colcon_core.package_identification:_identify(src/AEB) by extension 'ignore_ament_install'
[0.912s] Level 1:colcon.colcon_core.package_identification:_identify(src/AEB) by extensions ['colcon_pkg']
[0.912s] Level 1:colcon.colcon_core.package_identification:_identify(src/AEB) by extension 'colcon_pkg'
[0.912s] Level 1:colcon.colcon_core.package_identification:_identify(src/AEB) by extensions ['colcon_meta']
[0.912s] Level 1:colcon.colcon_core.package_identification:_identify(src/AEB) by extension 'colcon_meta'
[0.912s] Level 1:colcon.colcon_core.package_identification:_identify(src/AEB) by extensions ['ros']
[0.912s] Level 1:colcon.colcon_core.package_identification:_identify(src/AEB) by extension 'ros'
[0.914s] DEBUG:colcon.colcon_core.package_identification:Package 'src/AEB' with type 'ros.ament_python' and name 'AEB'
[0.915s] Level 1:colcon.colcon_core.package_identification:_identify(src/drive2) by extensions ['ignore', 'ignore_ament_install']
[0.915s] Level 1:colcon.colcon_core.package_identification:_identify(src/drive2) by extension 'ignore'
[0.915s] Level 1:colcon.colcon_core.package_identification:_identify(src/drive2) by extension 'ignore_ament_install'
[0.915s] Level 1:colcon.colcon_core.package_identification:_identify(src/drive2) by extensions ['colcon_pkg']
[0.915s] Level 1:colcon.colcon_core.package_identification:_identify(src/drive2) by extension 'colcon_pkg'
[0.915s] Level 1:colcon.colcon_core.package_identification:_identify(src/drive2) by extensions ['colcon_meta']
[0.915s] Level 1:colcon.colcon_core.package_identification:_identify(src/drive2) by extension 'colcon_meta'
[0.916s] Level 1:colcon.colcon_core.package_identification:_identify(src/drive2) by extensions ['ros']
[0.916s] Level 1:colcon.colcon_core.package_identification:_identify(src/drive2) by extension 'ros'
[0.917s] DEBUG:colcon.colcon_core.package_identification:Package 'src/drive2' with type 'ros.ament_python' and name 'drive2'
[0.918s] Level 1:colcon.colcon_core.package_identification:_identify(src/stop) by extensions ['ignore', 'ignore_ament_install']
[0.918s] Level 1:colcon.colcon_core.package_identification:_identify(src/stop) by extension 'ignore'
[0.918s] Level 1:colcon.colcon_core.package_identification:_identify(src/stop) by extension 'ignore_ament_install'
[0.918s] Level 1:colcon.colcon_core.package_identification:_identify(src/stop) by extensions ['colcon_pkg']
[0.918s] Level 1:colcon.colcon_core.package_identification:_identify(src/stop) by extension 'colcon_pkg'
[0.918s] Level 1:colcon.colcon_core.package_identification:_identify(src/stop) by extensions ['colcon_meta']
[0.918s] Level 1:colcon.colcon_core.package_identification:_identify(src/stop) by extension 'colcon_meta'
[0.919s] Level 1:colcon.colcon_core.package_identification:_identify(src/stop) by extensions ['ros']
[0.919s] Level 1:colcon.colcon_core.package_identification:_identify(src/stop) by extension 'ros'
[0.921s] DEBUG:colcon.colcon_core.package_identification:Package 'src/stop' with type 'ros.ament_python' and name 'safety_node'
[0.921s] Level 1:colcon.colcon_core.package_discovery:discover_packages(recursive) using defaults
[0.921s] Level 1:colcon.colcon_core.package_discovery:discover_packages(ignore) discover
[0.921s] Level 1:colcon.colcon_core.package_discovery:discover_packages(ignore) using defaults
[0.921s] Level 1:colcon.colcon_core.package_discovery:discover_packages(path) discover
[0.921s] Level 1:colcon.colcon_core.package_discovery:discover_packages(path) using defaults
[1.017s] Level 1:colcon.colcon_core.package_discovery:discover_packages(prefix_path) check parameters
[1.017s] Level 1:colcon.colcon_core.package_discovery:discover_packages(prefix_path) discover
[1.024s] DEBUG:colcon.colcon_installed_package_information.package_discovery:Found 4 installed packages in /home/darc-f1-01/ros2_ws/install
[1.026s] DEBUG:colcon.colcon_installed_package_information.package_discovery:Found 14 installed packages in /home/darc-f1-01/f1tenth_ws/install
[1.029s] DEBUG:colcon.colcon_installed_package_information.package_discovery:Found 288 installed packages in /opt/ros/humble
[1.032s] Level 1:colcon.colcon_core.package_discovery:discover_packages(prefix_path) using defaults
[1.128s] Level 5:colcon.colcon_core.verb:set package '5M_test' build argument 'cmake_args' from command line to 'None'
[1.128s] Level 5:colcon.colcon_core.verb:set package '5M_test' build argument 'cmake_target' from command line to 'None'
[1.128s] Level 5:colcon.colcon_core.verb:set package '5M_test' build argument 'cmake_target_skip_unavailable' from command line to 'False'
[1.128s] Level 5:colcon.colcon_core.verb:set package '5M_test' build argument 'cmake_clean_cache' from command line to 'False'
[1.129s] Level 5:colcon.colcon_core.verb:set package '5M_test' build argument 'cmake_clean_first' from command line to 'False'
[1.129s] Level 5:colcon.colcon_core.verb:set package '5M_test' build argument 'cmake_force_configure' from command line to 'False'
[1.129s] Level 5:colcon.colcon_core.verb:set package '5M_test' build argument 'ament_cmake_args' from command line to 'None'
[1.129s] Level 5:colcon.colcon_core.verb:set package '5M_test' build argument 'catkin_cmake_args' from command line to 'None'
[1.129s] Level 5:colcon.colcon_core.verb:set package '5M_test' build argument 'catkin_skip_building_tests' from command line to 'False'
[1.129s] DEBUG:colcon.colcon_core.verb:Building package '5M_test' with the following arguments: {'ament_cmake_args': None, 'build_base': '/home/darc-f1-01/ros2_ws/build/5M_test', 'catkin_cmake_args': None, 'catkin_skip_building_tests': False, 'cmake_args': None, 'cmake_clean_cache': False, 'cmake_clean_first': False, 'cmake_force_configure': False, 'cmake_target': None, 'cmake_target_skip_unavailable': False, 'install_base': '/home/darc-f1-01/ros2_ws/install/5M_test', 'merge_install': False, 'path': '/home/darc-f1-01/ros2_ws/src/5M_test', 'symlink_install': False, 'test_result_base': None}
[1.130s] Level 5:colcon.colcon_core.verb:set package 'AEB' build argument 'cmake_args' from command line to 'None'
[1.130s] Level 5:colcon.colcon_core.verb:set package 'AEB' build argument 'cmake_target' from command line to 'None'
[1.130s] Level 5:colcon.colcon_core.verb:set package 'AEB' build argument 'cmake_target_skip_unavailable' from command line to 'False'
[1.130s] Level 5:colcon.colcon_core.verb:set package 'AEB' build argument 'cmake_clean_cache' from command line to 'False'
[1.130s] Level 5:colcon.colcon_core.verb:set package 'AEB' build argument 'cmake_clean_first' from command line to 'False'
[1.130s] Level 5:colcon.colcon_core.verb:set package 'AEB' build argument 'cmake_force_configure' from command line to 'False'
[1.130s] Level 5:colcon.colcon_core.verb:set package 'AEB' build argument 'ament_cmake_args' from command line to 'None'
[1.130s] Level 5:colcon.colcon_core.verb:set package 'AEB' build argument 'catkin_cmake_args' from command line to 'None'
[1.130s] Level 5:colcon.colcon_core.verb:set package 'AEB' build argument 'catkin_skip_building_tests' from command line to 'False'
[1.130s] DEBUG:colcon.colcon_core.verb:Building package 'AEB' with the following arguments: {'ament_cmake_args': None, 'build_base': '/home/darc-f1-01/ros2_ws/build/AEB', 'catkin_cmake_args': None, 'catkin_skip_building_tests': False, 'cmake_args': None, 'cmake_clean_cache': False, 'cmake_clean_first': False, 'cmake_force_configure': False, 'cmake_target': None, 'cmake_target_skip_unavailable': False, 'install_base': '/home/darc-f1-01/ros2_ws/install/AEB', 'merge_install': False, 'path': '/home/darc-f1-01/ros2_ws/src/AEB', 'symlink_install': False, 'test_result_base': None}
[1.131s] Level 5:colcon.colcon_core.verb:set package 'drive2' build argument 'cmake_args' from command line to 'None'
[1.131s] Level 5:colcon.colcon_core.verb:set package 'drive2' build argument 'cmake_target' from command line to 'None'
[1.131s] Level 5:colcon.colcon_core.verb:set package 'drive2' build argument 'cmake_target_skip_unavailable' from command line to 'False'
[1.131s] Level 5:colcon.colcon_core.verb:set package 'drive2' build argument 'cmake_clean_cache' from command line to 'False'
[1.131s] Level 5:colcon.colcon_core.verb:set package 'drive2' build argument 'cmake_clean_first' from command line to 'False'
[1.131s] Level 5:colcon.colcon_core.verb:set package 'drive2' build argument 'cmake_force_configure' from command line to 'False'
[1.131s] Level 5:colcon.colcon_core.verb:set package 'drive2' build argument 'ament_cmake_args' from command line to 'None'
[1.131s] Level 5:colcon.colcon_core.verb:set package 'drive2' build argument 'catkin_cmake_args' from command line to 'None'
[1.131s] Level 5:colcon.colcon_core.verb:set package 'drive2' build argument 'catkin_skip_building_tests' from command line to 'False'
[1.131s] DEBUG:colcon.colcon_core.verb:Building package 'drive2' with the following arguments: {'ament_cmake_args': None, 'build_base': '/home/darc-f1-01/ros2_ws/build/drive2', 'catkin_cmake_args': None, 'catkin_skip_building_tests': False, 'cmake_args': None, 'cmake_clean_cache': False, 'cmake_clean_first': False, 'cmake_force_configure': False, 'cmake_target': None, 'cmake_target_skip_unavailable': False, 'install_base': '/home/darc-f1-01/ros2_ws/install/drive2', 'merge_install': False, 'path': '/home/darc-f1-01/ros2_ws/src/drive2', 'symlink_install': False, 'test_result_base': None}
[1.132s] Level 5:colcon.colcon_core.verb:set package 'safety_node' build argument 'cmake_args' from command line to 'None'
[1.132s] Level 5:colcon.colcon_core.verb:set package 'safety_node' build argument 'cmake_target' from command line to 'None'
[1.132s] Level 5:colcon.colcon_core.verb:set package 'safety_node' build argument 'cmake_target_skip_unavailable' from command line to 'False'
[1.132s] Level 5:colcon.colcon_core.verb:set package 'safety_node' build argument 'cmake_clean_cache' from command line to 'False'
[1.132s] Level 5:colcon.colcon_core.verb:set package 'safety_node' build argument 'cmake_clean_first' from command line to 'False'
[1.132s] Level 5:colcon.colcon_core.verb:set package 'safety_node' build argument 'cmake_force_configure' from command line to 'False'
[1.133s] Level 5:colcon.colcon_core.verb:set package 'safety_node' build argument 'ament_cmake_args' from command line to 'None'
[1.133s] Level 5:colcon.colcon_core.verb:set package 'safety_node' build argument 'catkin_cmake_args' from command line to 'None'
[1.133s] Level 5:colcon.colcon_core.verb:set package 'safety_node' build argument 'catkin_skip_building_tests' from command line to 'False'
[1.133s] DEBUG:colcon.colcon_core.verb:Building package 'safety_node' with the following arguments: {'ament_cmake_args': None, 'build_base': '/home/darc-f1-01/ros2_ws/build/safety_node', 'catkin_cmake_args': None, 'catkin_skip_building_tests': False, 'cmake_args': None, 'cmake_clean_cache': False, 'cmake_clean_first': False, 'cmake_force_configure': False, 'cmake_target': None, 'cmake_target_skip_unavailable': False, 'install_base': '/home/darc-f1-01/ros2_ws/install/safety_node', 'merge_install': False, 'path': '/home/darc-f1-01/ros2_ws/src/stop', 'symlink_install': False, 'test_result_base': None}
[1.133s] INFO:colcon.colcon_core.executor:Executing jobs using 'parallel' executor
[1.135s] DEBUG:colcon.colcon_parallel_executor.executor.parallel:run_until_complete
[1.136s] INFO:colcon.colcon_ros.task.ament_python.build:Building ROS package in '/home/darc-f1-01/ros2_ws/src/5M_test' with build type 'ament_python'
[1.136s] Level 1:colcon.colcon_core.shell:create_environment_hook('5M_test', 'ament_prefix_path')
[1.144s] INFO:colcon.colcon_core.plugin_system:Skipping extension 'colcon_core.shell.bat': Not used on non-Windows systems
[1.145s] INFO:colcon.colcon_core.shell:Creating environment hook '/home/darc-f1-01/ros2_ws/install/5M_test/share/5M_test/hook/ament_prefix_path.ps1'
[1.147s] INFO:colcon.colcon_core.shell:Creating environment descriptor '/home/darc-f1-01/ros2_ws/install/5M_test/share/5M_test/hook/ament_prefix_path.dsv'
[1.148s] INFO:colcon.colcon_core.shell:Creating environment hook '/home/darc-f1-01/ros2_ws/install/5M_test/share/5M_test/hook/ament_prefix_path.sh'
[1.150s] INFO:colcon.colcon_core.shell:Skip shell extension 'powershell' for command environment: Not usable outside of PowerShell
[1.151s] DEBUG:colcon.colcon_core.shell:Skip shell extension 'dsv' for command environment
[1.162s] INFO:colcon.colcon_ros.task.ament_python.build:Building ROS package in '/home/darc-f1-01/ros2_ws/src/AEB' with build type 'ament_python'
[1.162s] Level 1:colcon.colcon_core.shell:create_environment_hook('AEB', 'ament_prefix_path')
[1.163s] INFO:colcon.colcon_core.shell:Creating environment hook '/home/darc-f1-01/ros2_ws/install/AEB/share/AEB/hook/ament_prefix_path.ps1'
[1.164s] INFO:colcon.colcon_core.shell:Creating environment descriptor '/home/darc-f1-01/ros2_ws/install/AEB/share/AEB/hook/ament_prefix_path.dsv'
[1.165s] INFO:colcon.colcon_core.shell:Creating environment hook '/home/darc-f1-01/ros2_ws/install/AEB/share/AEB/hook/ament_prefix_path.sh'
[1.166s] INFO:colcon.colcon_core.shell:Skip shell extension 'powershell' for command environment: Not usable outside of PowerShell
[1.167s] DEBUG:colcon.colcon_core.shell:Skip shell extension 'dsv' for command environment
[1.177s] INFO:colcon.colcon_ros.task.ament_python.build:Building ROS package in '/home/darc-f1-01/ros2_ws/src/drive2' with build type 'ament_python'
[1.177s] Level 1:colcon.colcon_core.shell:create_environment_hook('drive2', 'ament_prefix_path')
[1.177s] INFO:colcon.colcon_core.shell:Creating environment hook '/home/darc-f1-01/ros2_ws/install/drive2/share/drive2/hook/ament_prefix_path.ps1'
[1.179s] INFO:colcon.colcon_core.shell:Creating environment descriptor '/home/darc-f1-01/ros2_ws/install/drive2/share/drive2/hook/ament_prefix_path.dsv'
[1.179s] INFO:colcon.colcon_core.shell:Creating environment hook '/home/darc-f1-01/ros2_ws/install/drive2/share/drive2/hook/ament_prefix_path.sh'
[1.181s] INFO:colcon.colcon_core.shell:Skip shell extension 'powershell' for command environment: Not usable outside of PowerShell
[1.181s] DEBUG:colcon.colcon_core.shell:Skip shell extension 'dsv' for command environment
[1.190s] INFO:colcon.colcon_ros.task.ament_python.build:Building ROS package in '/home/darc-f1-01/ros2_ws/src/stop' with build type 'ament_python'
[1.191s] Level 1:colcon.colcon_core.shell:create_environment_hook('safety_node', 'ament_prefix_path')
[1.191s] INFO:colcon.colcon_core.shell:Creating environment hook '/home/darc-f1-01/ros2_ws/install/safety_node/share/safety_node/hook/ament_prefix_path.ps1'
[1.192s] INFO:colcon.colcon_core.shell:Creating environment descriptor '/home/darc-f1-01/ros2_ws/install/safety_node/share/safety_node/hook/ament_prefix_path.dsv'
[1.193s] INFO:colcon.colcon_core.shell:Creating environment hook '/home/darc-f1-01/ros2_ws/install/safety_node/share/safety_node/hook/ament_prefix_path.sh'
[1.195s] INFO:colcon.colcon_core.shell:Skip shell extension 'powershell' for command environment: Not usable outside of PowerShell
[1.195s] DEBUG:colcon.colcon_core.shell:Skip shell extension 'dsv' for command environment
[1.876s] INFO:colcon.colcon_core.task.python.build:Building Python package in '/home/darc-f1-01/ros2_ws/src/5M_test'
[1.877s] INFO:colcon.colcon_core.shell:Skip shell extension 'powershell' for command environment: Not usable outside of PowerShell
[1.877s] DEBUG:colcon.colcon_core.shell:Skip shell extension 'dsv' for command environment
[2.572s] INFO:colcon.colcon_core.task.python.build:Building Python package in '/home/darc-f1-01/ros2_ws/src/AEB'
[2.573s] INFO:colcon.colcon_core.shell:Skip shell extension 'powershell' for command environment: Not usable outside of PowerShell
[2.574s] DEBUG:colcon.colcon_core.shell:Skip shell extension 'dsv' for command environment
[3.288s] INFO:colcon.colcon_core.task.python.build:Building Python package in '/home/darc-f1-01/ros2_ws/src/drive2'
[3.289s] INFO:colcon.colcon_core.shell:Skip shell extension 'powershell' for command environment: Not usable outside of PowerShell
[3.289s] DEBUG:colcon.colcon_core.shell:Skip shell extension 'dsv' for command environment
[3.992s] INFO:colcon.colcon_core.task.python.build:Building Python package in '/home/darc-f1-01/ros2_ws/src/stop'
[3.993s] INFO:colcon.colcon_core.shell:Skip shell extension 'powershell' for command environment: Not usable outside of PowerShell
[3.993s] DEBUG:colcon.colcon_core.shell:Skip shell extension 'dsv' for command environment
[4.977s] DEBUG:colcon.colcon_core.event_handler.log_command:Invoking command in '/home/darc-f1-01/ros2_ws/src/stop': PYTHONPATH=/home/darc-f1-01/ros2_ws/build/safety_node/prefix_override:/usr/lib/python3/dist-packages/colcon_core/task/python/colcon_distutils_commands:/home/darc-f1-01/ros2_ws/install/safety_node/lib/python3.10/site-packages:${PYTHONPATH} /usr/bin/python3 -W ignore:setup.py install is deprecated -W ignore:easy_install command is deprecated setup.py egg_info --egg-base ../../build/safety_node build --build-base /home/darc-f1-01/ros2_ws/build/safety_node/build install --record /home/darc-f1-01/ros2_ws/build/safety_node/install.log --single-version-externally-managed install_data
[4.999s] DEBUG:colcon.colcon_core.event_handler.log_command:Invoking command in '/home/darc-f1-01/ros2_ws/src/AEB': PYTHONPATH=/home/darc-f1-01/ros2_ws/build/AEB/prefix_override:/usr/lib/python3/dist-packages/colcon_core/task/python/colcon_distutils_commands:/home/darc-f1-01/ros2_ws/install/AEB/lib/python3.10/site-packages:${PYTHONPATH} /usr/bin/python3 -W ignore:setup.py install is deprecated -W ignore:easy_install command is deprecated setup.py egg_info --egg-base ../../build/AEB build --build-base /home/darc-f1-01/ros2_ws/build/AEB/build install --record /home/darc-f1-01/ros2_ws/build/AEB/install.log --single-version-externally-managed install_data
[5.033s] DEBUG:colcon.colcon_core.event_handler.log_command:Invoking command in '/home/darc-f1-01/ros2_ws/src/5M_test': PYTHONPATH=/home/darc-f1-01/ros2_ws/build/5M_test/prefix_override:/usr/lib/python3/dist-packages/colcon_core/task/python/colcon_distutils_commands:/home/darc-f1-01/ros2_ws/install/5M_test/lib/python3.10/site-packages:${PYTHONPATH} /usr/bin/python3 -W ignore:setup.py install is deprecated -W ignore:easy_install command is deprecated setup.py egg_info --egg-base ../../build/5M_test build --build-base /home/darc-f1-01/ros2_ws/build/5M_test/build install --record /home/darc-f1-01/ros2_ws/build/5M_test/install.log --single-version-externally-managed install_data
[5.067s] DEBUG:colcon.colcon_core.event_handler.log_command:Invoking command in '/home/darc-f1-01/ros2_ws/src/drive2': PYTHONPATH=/home/darc-f1-01/ros2_ws/build/drive2/prefix_override:/usr/lib/python3/dist-packages/colcon_core/task/python/colcon_distutils_commands:/home/darc-f1-01/ros2_ws/install/drive2/lib/python3.10/site-packages:${PYTHONPATH} /usr/bin/python3 -W ignore:setup.py install is deprecated -W ignore:easy_install command is deprecated setup.py egg_info --egg-base ../../build/drive2 build --build-base /home/darc-f1-01/ros2_ws/build/drive2/build install --record /home/darc-f1-01/ros2_ws/build/drive2/install.log --single-version-externally-managed install_data
[5.862s] DEBUG:colcon.colcon_core.event_handler.log_command:Invoked command in '/home/darc-f1-01/ros2_ws/src/AEB' returned '0': PYTHONPATH=/home/darc-f1-01/ros2_ws/build/AEB/prefix_override:/usr/lib/python3/dist-packages/colcon_core/task/python/colcon_distutils_commands:/home/darc-f1-01/ros2_ws/install/AEB/lib/python3.10/site-packages:${PYTHONPATH} /usr/bin/python3 -W ignore:setup.py install is deprecated -W ignore:easy_install command is deprecated setup.py egg_info --egg-base ../../build/AEB build --build-base /home/darc-f1-01/ros2_ws/build/AEB/build install --record /home/darc-f1-01/ros2_ws/build/AEB/install.log --single-version-externally-managed install_data
[5.873s] Level 1:colcon.colcon_core.environment:checking '/home/darc-f1-01/ros2_ws/install/AEB' for CMake module files
[5.877s] Level 1:colcon.colcon_core.environment:checking '/home/darc-f1-01/ros2_ws/install/AEB' for CMake config files
[5.879s] Level 1:colcon.colcon_core.environment:checking '/home/darc-f1-01/ros2_ws/install/AEB/lib'
[5.880s] Level 1:colcon.colcon_core.environment:checking '/home/darc-f1-01/ros2_ws/install/AEB/bin'
[5.881s] Level 1:colcon.colcon_core.environment:checking '/home/darc-f1-01/ros2_ws/install/AEB/lib/pkgconfig/AEB.pc'
[5.881s] Level 1:colcon.colcon_core.environment:checking '/home/darc-f1-01/ros2_ws/install/AEB/lib/python3.10/site-packages'
[5.881s] Level 1:colcon.colcon_core.shell:create_environment_hook('AEB', 'pythonpath')
[5.882s] INFO:colcon.colcon_core.shell:Creating environment hook '/home/darc-f1-01/ros2_ws/install/AEB/share/AEB/hook/pythonpath.ps1'
[5.884s] INFO:colcon.colcon_core.shell:Creating environment descriptor '/home/darc-f1-01/ros2_ws/install/AEB/share/AEB/hook/pythonpath.dsv'
[5.885s] INFO:colcon.colcon_core.shell:Creating environment hook '/home/darc-f1-01/ros2_ws/install/AEB/share/AEB/hook/pythonpath.sh'
[5.890s] Level 1:colcon.colcon_core.environment:checking '/home/darc-f1-01/ros2_ws/install/AEB/bin'
[5.890s] Level 1:colcon.colcon_core.environment:create_environment_scripts_only(AEB)
[5.891s] INFO:colcon.colcon_core.shell:Creating package script '/home/darc-f1-01/ros2_ws/install/AEB/share/AEB/package.ps1'
[5.894s] INFO:colcon.colcon_core.shell:Creating package descriptor '/home/darc-f1-01/ros2_ws/install/AEB/share/AEB/package.dsv'
[5.897s] INFO:colcon.colcon_core.shell:Creating package script '/home/darc-f1-01/ros2_ws/install/AEB/share/AEB/package.sh'
[5.899s] INFO:colcon.colcon_core.shell:Creating package script '/home/darc-f1-01/ros2_ws/install/AEB/share/AEB/package.bash'
[5.902s] INFO:colcon.colcon_core.shell:Creating package script '/home/darc-f1-01/ros2_ws/install/AEB/share/AEB/package.zsh'
[5.903s] Level 1:colcon.colcon_core.environment:create_file_with_runtime_dependencies(/home/darc-f1-01/ros2_ws/install/AEB/share/colcon-core/packages/AEB)
[5.908s] Level 1:colcon.colcon_core.environment:checking '/home/darc-f1-01/ros2_ws/install/safety_node' for CMake module files
[5.909s] DEBUG:colcon.colcon_core.event_handler.log_command:Invoked command in '/home/darc-f1-01/ros2_ws/src/stop' returned '0': PYTHONPATH=/home/darc-f1-01/ros2_ws/build/safety_node/prefix_override:/usr/lib/python3/dist-packages/colcon_core/task/python/colcon_distutils_commands:/home/darc-f1-01/ros2_ws/install/safety_node/lib/python3.10/site-packages:${PYTHONPATH} /usr/bin/python3 -W ignore:setup.py install is deprecated -W ignore:easy_install command is deprecated setup.py egg_info --egg-base ../../build/safety_node build --build-base /home/darc-f1-01/ros2_ws/build/safety_node/build install --record /home/darc-f1-01/ros2_ws/build/safety_node/install.log --single-version-externally-managed install_data
[5.910s] Level 1:colcon.colcon_core.environment:checking '/home/darc-f1-01/ros2_ws/install/safety_node' for CMake config files
[5.912s] Level 1:colcon.colcon_core.environment:checking '/home/darc-f1-01/ros2_ws/install/safety_node/lib'
[5.912s] Level 1:colcon.colcon_core.environment:checking '/home/darc-f1-01/ros2_ws/install/safety_node/bin'
[5.912s] Level 1:colcon.colcon_core.environment:checking '/home/darc-f1-01/ros2_ws/install/safety_node/lib/pkgconfig/safety_node.pc'
[5.913s] Level 1:colcon.colcon_core.environment:checking '/home/darc-f1-01/ros2_ws/install/safety_node/lib/python3.10/site-packages'
[5.913s] Level 1:colcon.colcon_core.shell:create_environment_hook('safety_node', 'pythonpath')
[5.914s] INFO:colcon.colcon_core.shell:Creating environment hook '/home/darc-f1-01/ros2_ws/install/safety_node/share/safety_node/hook/pythonpath.ps1'
[5.916s] INFO:colcon.colcon_core.shell:Creating environment descriptor '/home/darc-f1-01/ros2_ws/install/safety_node/share/safety_node/hook/pythonpath.dsv'
[5.917s] INFO:colcon.colcon_core.shell:Creating environment hook '/home/darc-f1-01/ros2_ws/install/safety_node/share/safety_node/hook/pythonpath.sh'
[5.919s] Level 1:colcon.colcon_core.environment:checking '/home/darc-f1-01/ros2_ws/install/safety_node/bin'
[5.919s] Level 1:colcon.colcon_core.environment:create_environment_scripts_only(safety_node)
[5.920s] INFO:colcon.colcon_core.shell:Creating package script '/home/darc-f1-01/ros2_ws/install/safety_node/share/safety_node/package.ps1'
[5.921s] INFO:colcon.colcon_core.shell:Creating package descriptor '/home/darc-f1-01/ros2_ws/install/safety_node/share/safety_node/package.dsv'
[5.922s] INFO:colcon.colcon_core.shell:Creating package script '/home/darc-f1-01/ros2_ws/install/safety_node/share/safety_node/package.sh'
[5.923s] INFO:colcon.colcon_core.shell:Creating package script '/home/darc-f1-01/ros2_ws/install/safety_node/share/safety_node/package.bash'
[5.924s] INFO:colcon.colcon_core.shell:Creating package script '/home/darc-f1-01/ros2_ws/install/safety_node/share/safety_node/package.zsh'
[5.925s] Level 1:colcon.colcon_core.environment:create_file_with_runtime_dependencies(/home/darc-f1-01/ros2_ws/install/safety_node/share/colcon-core/packages/safety_node)
[5.927s] Level 1:colcon.colcon_core.environment:checking '/home/darc-f1-01/ros2_ws/install/drive2' for CMake module files
[5.930s] Level 1:colcon.colcon_core.environment:checking '/home/darc-f1-01/ros2_ws/install/drive2' for CMake config files
[5.930s] DEBUG:colcon.colcon_core.event_handler.log_command:Invoked command in '/home/darc-f1-01/ros2_ws/src/drive2' returned '0': PYTHONPATH=/home/darc-f1-01/ros2_ws/build/drive2/prefix_override:/usr/lib/python3/dist-packages/colcon_core/task/python/colcon_distutils_commands:/home/darc-f1-01/ros2_ws/install/drive2/lib/python3.10/site-packages:${PYTHONPATH} /usr/bin/python3 -W ignore:setup.py install is deprecated -W ignore:easy_install command is deprecated setup.py egg_info --egg-base ../../build/drive2 build --build-base /home/darc-f1-01/ros2_ws/build/drive2/build install --record /home/darc-f1-01/ros2_ws/build/drive2/install.log --single-version-externally-managed install_data
[5.932s] Level 1:colcon.colcon_core.environment:checking '/home/darc-f1-01/ros2_ws/install/drive2/lib'
[5.932s] Level 1:colcon.colcon_core.environment:checking '/home/darc-f1-01/ros2_ws/install/drive2/bin'
[5.932s] Level 1:colcon.colcon_core.environment:checking '/home/darc-f1-01/ros2_ws/install/drive2/lib/pkgconfig/drive2.pc'
[5.934s] Level 1:colcon.colcon_core.environment:checking '/home/darc-f1-01/ros2_ws/install/drive2/lib/python3.10/site-packages'
[5.934s] Level 1:colcon.colcon_core.shell:create_environment_hook('drive2', 'pythonpath')
[5.935s] INFO:colcon.colcon_core.shell:Creating environment hook '/home/darc-f1-01/ros2_ws/install/drive2/share/drive2/hook/pythonpath.ps1'
[5.936s] INFO:colcon.colcon_core.shell:Creating environment descriptor '/home/darc-f1-01/ros2_ws/install/drive2/share/drive2/hook/pythonpath.dsv'
[5.937s] INFO:colcon.colcon_core.shell:Creating environment hook '/home/darc-f1-01/ros2_ws/install/drive2/share/drive2/hook/pythonpath.sh'
[5.938s] Level 1:colcon.colcon_core.environment:checking '/home/darc-f1-01/ros2_ws/install/drive2/bin'
[5.939s] Level 1:colcon.colcon_core.environment:create_environment_scripts_only(drive2)
[5.940s] INFO:colcon.colcon_core.shell:Creating package script '/home/darc-f1-01/ros2_ws/install/drive2/share/drive2/package.ps1'
[5.941s] INFO:colcon.colcon_core.shell:Creating package descriptor '/home/darc-f1-01/ros2_ws/install/drive2/share/drive2/package.dsv'
[5.942s] INFO:colcon.colcon_core.shell:Creating package script '/home/darc-f1-01/ros2_ws/install/drive2/share/drive2/package.sh'
[5.943s] INFO:colcon.colcon_core.shell:Creating package script '/home/darc-f1-01/ros2_ws/install/drive2/share/drive2/package.bash'
[5.944s] INFO:colcon.colcon_core.shell:Creating package script '/home/darc-f1-01/ros2_ws/install/drive2/share/drive2/package.zsh'
[5.945s] Level 1:colcon.colcon_core.environment:create_file_with_runtime_dependencies(/home/darc-f1-01/ros2_ws/install/drive2/share/colcon-core/packages/drive2)
[6.043s] Level 1:colcon.colcon_core.environment:checking '/home/darc-f1-01/ros2_ws/install/5M_test' for CMake module files
[6.045s] DEBUG:colcon.colcon_core.event_handler.log_command:Invoked command in '/home/darc-f1-01/ros2_ws/src/5M_test' returned '0': PYTHONPATH=/home/darc-f1-01/ros2_ws/build/5M_test/prefix_override:/usr/lib/python3/dist-packages/colcon_core/task/python/colcon_distutils_commands:/home/darc-f1-01/ros2_ws/install/5M_test/lib/python3.10/site-packages:${PYTHONPATH} /usr/bin/python3 -W ignore:setup.py install is deprecated -W ignore:easy_install command is deprecated setup.py egg_info --egg-base ../../build/5M_test build --build-base /home/darc-f1-01/ros2_ws/build/5M_test/build install --record /home/darc-f1-01/ros2_ws/build/5M_test/install.log --single-version-externally-managed install_data
[6.046s] Level 1:colcon.colcon_core.environment:checking '/home/darc-f1-01/ros2_ws/install/5M_test' for CMake config files
[6.049s] Level 1:colcon.colcon_core.environment:checking '/home/darc-f1-01/ros2_ws/install/5M_test/lib'
[6.049s] Level 1:colcon.colcon_core.environment:checking '/home/darc-f1-01/ros2_ws/install/5M_test/bin'
[6.049s] Level 1:colcon.colcon_core.environment:checking '/home/darc-f1-01/ros2_ws/install/5M_test/lib/pkgconfig/5M_test.pc'
[6.050s] Level 1:colcon.colcon_core.environment:checking '/home/darc-f1-01/ros2_ws/install/5M_test/lib/python3.10/site-packages'
[6.050s] Level 1:colcon.colcon_core.shell:create_environment_hook('5M_test', 'pythonpath')
[6.051s] INFO:colcon.colcon_core.shell:Creating environment hook '/home/darc-f1-01/ros2_ws/install/5M_test/share/5M_test/hook/pythonpath.ps1'
[6.053s] INFO:colcon.colcon_core.shell:Creating environment descriptor '/home/darc-f1-01/ros2_ws/install/5M_test/share/5M_test/hook/pythonpath.dsv'
[6.055s] INFO:colcon.colcon_core.shell:Creating environment hook '/home/darc-f1-01/ros2_ws/install/5M_test/share/5M_test/hook/pythonpath.sh'
[6.057s] Level 1:colcon.colcon_core.environment:checking '/home/darc-f1-01/ros2_ws/install/5M_test/bin'
[6.057s] Level 1:colcon.colcon_core.environment:create_environment_scripts_only(5M_test)
[6.058s] INFO:colcon.colcon_core.shell:Creating package script '/home/darc-f1-01/ros2_ws/install/5M_test/share/5M_test/package.ps1'
[6.060s] INFO:colcon.colcon_core.shell:Creating package descriptor '/home/darc-f1-01/ros2_ws/install/5M_test/share/5M_test/package.dsv'
[6.062s] INFO:colcon.colcon_core.shell:Creating package script '/home/darc-f1-01/ros2_ws/install/5M_test/share/5M_test/package.sh'
[6.063s] INFO:colcon.colcon_core.shell:Creating package script '/home/darc-f1-01/ros2_ws/install/5M_test/share/5M_test/package.bash'
[6.065s] INFO:colcon.colcon_core.shell:Creating package script '/home/darc-f1-01/ros2_ws/install/5M_test/share/5M_test/package.zsh'
[6.066s] Level 1:colcon.colcon_core.environment:create_file_with_runtime_dependencies(/home/darc-f1-01/ros2_ws/install/5M_test/share/colcon-core/packages/5M_test)
[6.067s] DEBUG:colcon.colcon_parallel_executor.executor.parallel:closing loop
[6.068s] DEBUG:colcon.colcon_parallel_executor.executor.parallel:loop closed
[6.068s] DEBUG:colcon.colcon_parallel_executor.executor.parallel:run_until_complete finished with '0'
[6.069s] DEBUG:colcon.colcon_core.event_reactor:joining thread
[6.089s] INFO:colcon.colcon_core.plugin_system:Skipping extension 'colcon_notification.desktop_notification.terminal_notifier': Not used on non-Darwin systems
[6.090s] INFO:colcon.colcon_core.plugin_system:Skipping extension 'colcon_notification.desktop_notification.win32': Not used on non-Windows systems
[6.090s] INFO:colcon.colcon_notification.desktop_notification:Sending desktop notification using 'notify2'
[6.152s] DEBUG:colcon.colcon_core.event_reactor:joined thread
[6.154s] INFO:colcon.colcon_core.shell:Creating prefix script '/home/darc-f1-01/ros2_ws/install/local_setup.ps1'
[6.157s] INFO:colcon.colcon_core.shell:Creating prefix util module '/home/darc-f1-01/ros2_ws/install/_local_setup_util_ps1.py'
[6.164s] INFO:colcon.colcon_core.shell:Creating prefix chain script '/home/darc-f1-01/ros2_ws/install/setup.ps1'
[6.172s] INFO:colcon.colcon_core.shell:Creating prefix script '/home/darc-f1-01/ros2_ws/install/local_setup.sh'
[6.173s] INFO:colcon.colcon_core.shell:Creating prefix util module '/home/darc-f1-01/ros2_ws/install/_local_setup_util_sh.py'
[6.175s] INFO:colcon.colcon_core.shell:Creating prefix chain script '/home/darc-f1-01/ros2_ws/install/setup.sh'
[6.181s] INFO:colcon.colcon_core.shell:Creating prefix script '/home/darc-f1-01/ros2_ws/install/local_setup.bash'
[6.183s] INFO:colcon.colcon_core.shell:Creating prefix chain script '/home/darc-f1-01/ros2_ws/install/setup.bash'
[6.189s] INFO:colcon.colcon_core.shell:Creating prefix script '/home/darc-f1-01/ros2_ws/install/local_setup.zsh'
[6.192s] INFO:colcon.colcon_core.shell:Creating prefix chain script '/home/darc-f1-01/ros2_ws/install/setup.zsh'
