[3.786s] Invoking command in '/home/darc-f1-01/ros2_ws/src/stop': PYTHONPATH=/home/darc-f1-01/ros2_ws/build/safety_node/prefix_override:/usr/lib/python3/dist-packages/colcon_core/task/python/colcon_distutils_commands:/home/darc-f1-01/ros2_ws/install/safety_node/lib/python3.10/site-packages:${PYTHONPATH} /usr/bin/python3 -W ignore:setup.py install is deprecated -W ignore:easy_install command is deprecated setup.py egg_info --egg-base ../../build/safety_node build --build-base /home/darc-f1-01/ros2_ws/build/safety_node/build install --record /home/darc-f1-01/ros2_ws/build/safety_node/install.log --single-version-externally-managed install_data
[4.478s] running egg_info
[4.480s] writing ../../build/safety_node/safety_node.egg-info/PKG-INFO
[4.480s] writing dependency_links to ../../build/safety_node/safety_node.egg-info/dependency_links.txt
[4.481s] writing entry points to ../../build/safety_node/safety_node.egg-info/entry_points.txt
[4.481s] writing requirements to ../../build/safety_node/safety_node.egg-info/requires.txt
[4.482s] writing top-level names to ../../build/safety_node/safety_node.egg-info/top_level.txt
[4.488s] reading manifest file '../../build/safety_node/safety_node.egg-info/SOURCES.txt'
[4.490s] writing manifest file '../../build/safety_node/safety_node.egg-info/SOURCES.txt'
[4.491s] running build
[4.491s] running build_py
[4.492s] running install
[4.494s] running install_lib
[4.497s] running install_data
[4.498s] running install_egg_info
[4.503s] removing '/home/darc-f1-01/ros2_ws/install/safety_node/lib/python3.10/site-packages/safety_node-0.1.0-py3.10.egg-info' (and everything under it)
[4.503s] Copying ../../build/safety_node/safety_node.egg-info to /home/darc-f1-01/ros2_ws/install/safety_node/lib/python3.10/site-packages/safety_node-0.1.0-py3.10.egg-info
[4.506s] running install_scripts
[4.568s] Installing safety_node script to /home/darc-f1-01/ros2_ws/install/safety_node/lib/safety_node
[4.569s] writing list of installed files to '/home/darc-f1-01/ros2_ws/build/safety_node/install.log'
[4.718s] Invoked command in '/home/darc-f1-01/ros2_ws/src/stop' returned '0': PYTHONPATH=/home/darc-f1-01/ros2_ws/build/safety_node/prefix_override:/usr/lib/python3/dist-packages/colcon_core/task/python/colcon_distutils_commands:/home/darc-f1-01/ros2_ws/install/safety_node/lib/python3.10/site-packages:${PYTHONPATH} /usr/bin/python3 -W ignore:setup.py install is deprecated -W ignore:easy_install command is deprecated setup.py egg_info --egg-base ../../build/safety_node build --build-base /home/darc-f1-01/ros2_ws/build/safety_node/build install --record /home/darc-f1-01/ros2_ws/build/safety_node/install.log --single-version-externally-managed install_data
