[3.685s] Invoking command in '/home/darc-f1-01/ros2_ws/src/drive2': PYTHONPATH=/home/darc-f1-01/ros2_ws/build/drive2/prefix_override:/usr/lib/python3/dist-packages/colcon_core/task/python/colcon_distutils_commands:/home/darc-f1-01/ros2_ws/install/drive2/lib/python3.10/site-packages:${PYTHONPATH} /usr/bin/python3 -W ignore:setup.py install is deprecated -W ignore:easy_install command is deprecated setup.py egg_info --egg-base ../../build/drive2 build --build-base /home/darc-f1-01/ros2_ws/build/drive2/build install --record /home/darc-f1-01/ros2_ws/build/drive2/install.log --single-version-externally-managed install_data
[4.396s] running egg_info
[4.396s] writing ../../build/drive2/drive2.egg-info/PKG-INFO
[4.397s] writing dependency_links to ../../build/drive2/drive2.egg-info/dependency_links.txt
[4.398s] writing entry points to ../../build/drive2/drive2.egg-info/entry_points.txt
[4.398s] writing requirements to ../../build/drive2/drive2.egg-info/requires.txt
[4.398s] writing top-level names to ../../build/drive2/drive2.egg-info/top_level.txt
[4.403s] reading manifest file '../../build/drive2/drive2.egg-info/SOURCES.txt'
[4.405s] writing manifest file '../../build/drive2/drive2.egg-info/SOURCES.txt'
[4.406s] running build
[4.406s] running build_py
[4.406s] copying drive2/drive2.py -> /home/darc-f1-01/ros2_ws/build/drive2/build/lib/drive2
[4.407s] running install
[4.408s] running install_lib
[4.413s] copying /home/darc-f1-01/ros2_ws/build/drive2/build/lib/drive2/drive2.py -> /home/darc-f1-01/ros2_ws/install/drive2/lib/python3.10/site-packages/drive2
[4.416s] byte-compiling /home/darc-f1-01/ros2_ws/install/drive2/lib/python3.10/site-packages/drive2/drive2.py to drive2.cpython-310.pyc
[4.417s] running install_data
[4.417s] running install_egg_info
[4.423s] removing '/home/darc-f1-01/ros2_ws/install/drive2/lib/python3.10/site-packages/drive2-0.0.0-py3.10.egg-info' (and everything under it)
[4.426s] Copying ../../build/drive2/drive2.egg-info to /home/darc-f1-01/ros2_ws/install/drive2/lib/python3.10/site-packages/drive2-0.0.0-py3.10.egg-info
[4.427s] running install_scripts
[4.485s] Installing drive2 script to /home/darc-f1-01/ros2_ws/install/drive2/lib/drive2
[4.486s] writing list of installed files to '/home/darc-f1-01/ros2_ws/build/drive2/install.log'
[4.602s] Invoked command in '/home/darc-f1-01/ros2_ws/src/drive2' returned '0': PYTHONPATH=/home/darc-f1-01/ros2_ws/build/drive2/prefix_override:/usr/lib/python3/dist-packages/colcon_core/task/python/colcon_distutils_commands:/home/darc-f1-01/ros2_ws/install/drive2/lib/python3.10/site-packages:${PYTHONPATH} /usr/bin/python3 -W ignore:setup.py install is deprecated -W ignore:easy_install command is deprecated setup.py egg_info --egg-base ../../build/drive2 build --build-base /home/darc-f1-01/ros2_ws/build/drive2/build install --record /home/darc-f1-01/ros2_ws/build/drive2/install.log --single-version-externally-managed install_data
