[4.544s] Invoking command in '/home/darc-f1-01/ros2_ws/src/stop': PYTHONPATH=/home/darc-f1-01/ros2_ws/build/safety_node/prefix_override:/usr/lib/python3/dist-packages/colcon_core/task/python/colcon_distutils_commands:/home/darc-f1-01/ros2_ws/install/safety_node/lib/python3.10/site-packages:${PYTHONPATH} /usr/bin/python3 -W ignore:setup.py install is deprecated -W ignore:easy_install command is deprecated setup.py egg_info --egg-base ../../build/safety_node build --build-base /home/darc-f1-01/ros2_ws/build/safety_node/build install --record /home/darc-f1-01/ros2_ws/build/safety_node/install.log --single-version-externally-managed install_data
[5.211s] running egg_info
[5.213s] writing ../../build/safety_node/safety_node.egg-info/PKG-INFO
[5.214s] writing dependency_links to ../../build/safety_node/safety_node.egg-info/dependency_links.txt
[5.233s] writing entry points to ../../build/safety_node/safety_node.egg-info/entry_points.txt
[5.233s] writing requirements to ../../build/safety_node/safety_node.egg-info/requires.txt
[5.233s] writing top-level names to ../../build/safety_node/safety_node.egg-info/top_level.txt
[5.234s] reading manifest file '../../build/safety_node/safety_node.egg-info/SOURCES.txt'
[5.234s] writing manifest file '../../build/safety_node/safety_node.egg-info/SOURCES.txt'
[5.235s] running build
[5.235s] running build_py
[5.235s] running install
[5.235s] running install_lib
[5.235s] running install_data
[5.236s] running install_egg_info
[5.237s] removing '/home/darc-f1-01/ros2_ws/install/safety_node/lib/python3.10/site-packages/safety_node-0.1.0-py3.10.egg-info' (and everything under it)
[5.237s] Copying ../../build/safety_node/safety_node.egg-info to /home/darc-f1-01/ros2_ws/install/safety_node/lib/python3.10/site-packages/safety_node-0.1.0-py3.10.egg-info
[5.240s] running install_scripts
[5.296s] Installing safety_node script to /home/darc-f1-01/ros2_ws/install/safety_node/lib/safety_node
[5.297s] writing list of installed files to '/home/darc-f1-01/ros2_ws/build/safety_node/install.log'
[5.414s] Invoked command in '/home/darc-f1-01/ros2_ws/src/stop' returned '0': PYTHONPATH=/home/darc-f1-01/ros2_ws/build/safety_node/prefix_override:/usr/lib/python3/dist-packages/colcon_core/task/python/colcon_distutils_commands:/home/darc-f1-01/ros2_ws/install/safety_node/lib/python3.10/site-packages:${PYTHONPATH} /usr/bin/python3 -W ignore:setup.py install is deprecated -W ignore:easy_install command is deprecated setup.py egg_info --egg-base ../../build/safety_node build --build-base /home/darc-f1-01/ros2_ws/build/safety_node/build install --record /home/darc-f1-01/ros2_ws/build/safety_node/install.log --single-version-externally-managed install_data
