[0.328s] DEBUG:colcon:Command line arguments: ['/usr/bin/colcon', 'build', '--packages-select', 'wall_follower']
[0.329s] DEBUG:colcon:Parsed command line arguments: Namespace(log_base=None, log_level=None, verb_name='build', build_base='build', install_base='install', merge_install=False, symlink_install=False, test_result_base=None, continue_on_error=False, executor='parallel', parallel_workers=6, event_handlers=None, ignore_user_meta=False, metas=['./colcon.meta'], base_paths=['.'], packages_ignore=None, packages_ignore_regex=None, paths=None, packages_up_to=None, packages_up_to_regex=None, packages_above=None, packages_above_and_dependencies=None, packages_above_depth=None, packages_select_by_dep=None, packages_skip_by_dep=None, packages_skip_up_to=None, packages_select_build_failed=False, packages_skip_build_finished=False, packages_select_test_failures=False, packages_skip_test_passed=False, packages_select=['wall_follower'], packages_skip=None, packages_select_regex=None, packages_skip_regex=None, packages_start=None, packages_end=None, allow_overriding=[], cmake_args=None, cmake_target=None, cmake_target_skip_unavailable=False, cmake_clean_cache=False, cmake_clean_first=False, cmake_force_configure=False, ament_cmake_args=None, catkin_cmake_args=None, catkin_skip_building_tests=False, verb_parser=<colcon_defaults.argument_parser.defaults.DefaultArgumentsDecorator object at 0xffffa8c9dea0>, verb_extension=<colcon_core.verb.build.BuildVerb object at 0xffffa8ee3760>, main=<bound method BuildVerb.main of <colcon_core.verb.build.BuildVerb object at 0xffffa8ee3760>>)
[0.856s] Level 1:colcon.colcon_core.package_discovery:discover_packages(colcon_meta) check parameters
[0.856s] Level 1:colcon.colcon_core.package_discovery:discover_packages(recursive) check parameters
[0.856s] Level 1:colcon.colcon_core.package_discovery:discover_packages(ignore) check parameters
[0.856s] Level 1:colcon.colcon_core.package_discovery:discover_packages(path) check parameters
[0.856s] Level 1:colcon.colcon_core.package_discovery:discover_packages(colcon_meta) discover
[0.857s] Level 1:colcon.colcon_core.package_discovery:discover_packages(recursive) discover
[0.857s] INFO:colcon.colcon_core.package_discovery:Crawling recursively for packages in '/home/darc-f1-01/ros2_ws'
[0.857s] Level 1:colcon.colcon_core.package_identification:_identify(.) by extensions ['ignore', 'ignore_ament_install']
[0.857s] Level 1:colcon.colcon_core.package_identification:_identify(.) by extension 'ignore'
[0.857s] Level 1:colcon.colcon_core.package_identification:_identify(.) by extension 'ignore_ament_install'
[0.858s] Level 1:colcon.colcon_core.package_identification:_identify(.) by extensions ['colcon_pkg']
[0.858s] Level 1:colcon.colcon_core.package_identification:_identify(.) by extension 'colcon_pkg'
[0.858s] Level 1:colcon.colcon_core.package_identification:_identify(.) by extensions ['colcon_meta']
[0.858s] Level 1:colcon.colcon_core.package_identification:_identify(.) by extension 'colcon_meta'
[0.858s] Level 1:colcon.colcon_core.package_identification:_identify(.) by extensions ['ros']
[0.858s] Level 1:colcon.colcon_core.package_identification:_identify(.) by extension 'ros'
[0.884s] Level 1:colcon.colcon_core.package_identification:_identify(.) by extensions ['cmake', 'python']
[0.884s] Level 1:colcon.colcon_core.package_identification:_identify(.) by extension 'cmake'
[0.884s] Level 1:colcon.colcon_core.package_identification:_identify(.) by extension 'python'
[0.884s] Level 1:colcon.colcon_core.package_identification:_identify(.) by extensions ['python_setup_py']
[0.884s] Level 1:colcon.colcon_core.package_identification:_identify(.) by extension 'python_setup_py'
[0.885s] Level 1:colcon.colcon_core.package_identification:_identify(bags) by extensions ['ignore', 'ignore_ament_install']
[0.886s] Level 1:colcon.colcon_core.package_identification:_identify(bags) by extension 'ignore'
[0.886s] Level 1:colcon.colcon_core.package_identification:_identify(bags) by extension 'ignore_ament_install'
[0.886s] Level 1:colcon.colcon_core.package_identification:_identify(bags) by extensions ['colcon_pkg']
[0.886s] Level 1:colcon.colcon_core.package_identification:_identify(bags) by extension 'colcon_pkg'
[0.886s] Level 1:colcon.colcon_core.package_identification:_identify(bags) by extensions ['colcon_meta']
[0.886s] Level 1:colcon.colcon_core.package_identification:_identify(bags) by extension 'colcon_meta'
[0.886s] Level 1:colcon.colcon_core.package_identification:_identify(bags) by extensions ['ros']
[0.887s] Level 1:colcon.colcon_core.package_identification:_identify(bags) by extension 'ros'
[0.887s] Level 1:colcon.colcon_core.package_identification:_identify(bags) by extensions ['cmake', 'python']
[0.887s] Level 1:colcon.colcon_core.package_identification:_identify(bags) by extension 'cmake'
[0.887s] Level 1:colcon.colcon_core.package_identification:_identify(bags) by extension 'python'
[0.887s] Level 1:colcon.colcon_core.package_identification:_identify(bags) by extensions ['python_setup_py']
[0.887s] Level 1:colcon.colcon_core.package_identification:_identify(bags) by extension 'python_setup_py'
[0.888s] Level 1:colcon.colcon_core.package_identification:_identify(bags/accel_test_1) by extensions ['ignore', 'ignore_ament_install']
[0.888s] Level 1:colcon.colcon_core.package_identification:_identify(bags/accel_test_1) by extension 'ignore'
[0.888s] Level 1:colcon.colcon_core.package_identification:_identify(bags/accel_test_1) by extension 'ignore_ament_install'
[0.888s] Level 1:colcon.colcon_core.package_identification:_identify(bags/accel_test_1) by extensions ['colcon_pkg']
[0.888s] Level 1:colcon.colcon_core.package_identification:_identify(bags/accel_test_1) by extension 'colcon_pkg'
[0.889s] Level 1:colcon.colcon_core.package_identification:_identify(bags/accel_test_1) by extensions ['colcon_meta']
[0.889s] Level 1:colcon.colcon_core.package_identification:_identify(bags/accel_test_1) by extension 'colcon_meta'
[0.889s] Level 1:colcon.colcon_core.package_identification:_identify(bags/accel_test_1) by extensions ['ros']
[0.889s] Level 1:colcon.colcon_core.package_identification:_identify(bags/accel_test_1) by extension 'ros'
[0.889s] Level 1:colcon.colcon_core.package_identification:_identify(bags/accel_test_1) by extensions ['cmake', 'python']
[0.889s] Level 1:colcon.colcon_core.package_identification:_identify(bags/accel_test_1) by extension 'cmake'
[0.889s] Level 1:colcon.colcon_core.package_identification:_identify(bags/accel_test_1) by extension 'python'
[0.889s] Level 1:colcon.colcon_core.package_identification:_identify(bags/accel_test_1) by extensions ['python_setup_py']
[0.889s] Level 1:colcon.colcon_core.package_identification:_identify(bags/accel_test_1) by extension 'python_setup_py'
[0.890s] Level 1:colcon.colcon_core.package_identification:_identify(build) by extensions ['ignore', 'ignore_ament_install']
[0.890s] Level 1:colcon.colcon_core.package_identification:_identify(build) by extension 'ignore'
[0.890s] Level 1:colcon.colcon_core.package_identification:_identify(build) ignored
[0.890s] Level 1:colcon.colcon_core.package_identification:_identify(install) by extensions ['ignore', 'ignore_ament_install']
[0.890s] Level 1:colcon.colcon_core.package_identification:_identify(install) by extension 'ignore'
[0.891s] Level 1:colcon.colcon_core.package_identification:_identify(install) ignored
[0.891s] Level 1:colcon.colcon_core.package_identification:_identify(log) by extensions ['ignore', 'ignore_ament_install']
[0.891s] Level 1:colcon.colcon_core.package_identification:_identify(log) by extension 'ignore'
[0.891s] Level 1:colcon.colcon_core.package_identification:_identify(log) ignored
[0.891s] Level 1:colcon.colcon_core.package_identification:_identify(src) by extensions ['ignore', 'ignore_ament_install']
[0.892s] Level 1:colcon.colcon_core.package_identification:_identify(src) by extension 'ignore'
[0.892s] Level 1:colcon.colcon_core.package_identification:_identify(src) by extension 'ignore_ament_install'
[0.892s] Level 1:colcon.colcon_core.package_identification:_identify(src) by extensions ['colcon_pkg']
[0.892s] Level 1:colcon.colcon_core.package_identification:_identify(src) by extension 'colcon_pkg'
[0.892s] Level 1:colcon.colcon_core.package_identification:_identify(src) by extensions ['colcon_meta']
[0.892s] Level 1:colcon.colcon_core.package_identification:_identify(src) by extension 'colcon_meta'
[0.892s] Level 1:colcon.colcon_core.package_identification:_identify(src) by extensions ['ros']
[0.892s] Level 1:colcon.colcon_core.package_identification:_identify(src) by extension 'ros'
[0.892s] Level 1:colcon.colcon_core.package_identification:_identify(src) by extensions ['cmake', 'python']
[0.893s] Level 1:colcon.colcon_core.package_identification:_identify(src) by extension 'cmake'
[0.893s] Level 1:colcon.colcon_core.package_identification:_identify(src) by extension 'python'
[0.893s] Level 1:colcon.colcon_core.package_identification:_identify(src) by extensions ['python_setup_py']
[0.893s] Level 1:colcon.colcon_core.package_identification:_identify(src) by extension 'python_setup_py'
[0.893s] Level 1:colcon.colcon_core.package_identification:_identify(src/5M_test) by extensions ['ignore', 'ignore_ament_install']
[0.893s] Level 1:colcon.colcon_core.package_identification:_identify(src/5M_test) by extension 'ignore'
[0.894s] Level 1:colcon.colcon_core.package_identification:_identify(src/5M_test) by extension 'ignore_ament_install'
[0.894s] Level 1:colcon.colcon_core.package_identification:_identify(src/5M_test) by extensions ['colcon_pkg']
[0.894s] Level 1:colcon.colcon_core.package_identification:_identify(src/5M_test) by extension 'colcon_pkg'
[0.894s] Level 1:colcon.colcon_core.package_identification:_identify(src/5M_test) by extensions ['colcon_meta']
[0.894s] Level 1:colcon.colcon_core.package_identification:_identify(src/5M_test) by extension 'colcon_meta'
[0.894s] Level 1:colcon.colcon_core.package_identification:_identify(src/5M_test) by extensions ['ros']
[0.894s] Level 1:colcon.colcon_core.package_identification:_identify(src/5M_test) by extension 'ros'
[0.901s] DEBUG:colcon.colcon_core.package_identification:Package 'src/5M_test' with type 'ros.ament_python' and name '5M_test'
[0.901s] Level 1:colcon.colcon_core.package_identification:_identify(src/AEB) by extensions ['ignore', 'ignore_ament_install']
[0.902s] Level 1:colcon.colcon_core.package_identification:_identify(src/AEB) by extension 'ignore'
[0.902s] Level 1:colcon.colcon_core.package_identification:_identify(src/AEB) by extension 'ignore_ament_install'
[0.902s] Level 1:colcon.colcon_core.package_identification:_identify(src/AEB) by extensions ['colcon_pkg']
[0.902s] Level 1:colcon.colcon_core.package_identification:_identify(src/AEB) by extension 'colcon_pkg'
[0.902s] Level 1:colcon.colcon_core.package_identification:_identify(src/AEB) by extensions ['colcon_meta']
[0.902s] Level 1:colcon.colcon_core.package_identification:_identify(src/AEB) by extension 'colcon_meta'
[0.903s] Level 1:colcon.colcon_core.package_identification:_identify(src/AEB) by extensions ['ros']
[0.903s] Level 1:colcon.colcon_core.package_identification:_identify(src/AEB) by extension 'ros'
[0.904s] DEBUG:colcon.colcon_core.package_identification:Package 'src/AEB' with type 'ros.ament_python' and name 'AEB'
[0.905s] Level 1:colcon.colcon_core.package_identification:_identify(src/drive2) by extensions ['ignore', 'ignore_ament_install']
[0.905s] Level 1:colcon.colcon_core.package_identification:_identify(src/drive2) by extension 'ignore'
[0.905s] Level 1:colcon.colcon_core.package_identification:_identify(src/drive2) by extension 'ignore_ament_install'
[0.905s] Level 1:colcon.colcon_core.package_identification:_identify(src/drive2) by extensions ['colcon_pkg']
[0.905s] Level 1:colcon.colcon_core.package_identification:_identify(src/drive2) by extension 'colcon_pkg'
[0.906s] Level 1:colcon.colcon_core.package_identification:_identify(src/drive2) by extensions ['colcon_meta']
[0.906s] Level 1:colcon.colcon_core.package_identification:_identify(src/drive2) by extension 'colcon_meta'
[0.906s] Level 1:colcon.colcon_core.package_identification:_identify(src/drive2) by extensions ['ros']
[0.906s] Level 1:colcon.colcon_core.package_identification:_identify(src/drive2) by extension 'ros'
[0.907s] DEBUG:colcon.colcon_core.package_identification:Package 'src/drive2' with type 'ros.ament_python' and name 'drive2'
[0.908s] Level 1:colcon.colcon_core.package_identification:_identify(src/safety_pkg) by extensions ['ignore', 'ignore_ament_install']
[0.908s] Level 1:colcon.colcon_core.package_identification:_identify(src/safety_pkg) by extension 'ignore'
[0.908s] Level 1:colcon.colcon_core.package_identification:_identify(src/safety_pkg) by extension 'ignore_ament_install'
[0.908s] Level 1:colcon.colcon_core.package_identification:_identify(src/safety_pkg) by extensions ['colcon_pkg']
[0.908s] Level 1:colcon.colcon_core.package_identification:_identify(src/safety_pkg) by extension 'colcon_pkg'
[0.909s] Level 1:colcon.colcon_core.package_identification:_identify(src/safety_pkg) by extensions ['colcon_meta']
[0.909s] Level 1:colcon.colcon_core.package_identification:_identify(src/safety_pkg) by extension 'colcon_meta'
[0.909s] Level 1:colcon.colcon_core.package_identification:_identify(src/safety_pkg) by extensions ['ros']
[0.909s] Level 1:colcon.colcon_core.package_identification:_identify(src/safety_pkg) by extension 'ros'
[0.911s] DEBUG:colcon.colcon_core.package_identification:Package 'src/safety_pkg' with type 'ros.ament_python' and name 'safety_pkg'
[0.912s] Level 1:colcon.colcon_core.package_identification:_identify(src/stop) by extensions ['ignore', 'ignore_ament_install']
[0.912s] Level 1:colcon.colcon_core.package_identification:_identify(src/stop) by extension 'ignore'
[0.912s] Level 1:colcon.colcon_core.package_identification:_identify(src/stop) by extension 'ignore_ament_install'
[0.912s] Level 1:colcon.colcon_core.package_identification:_identify(src/stop) by extensions ['colcon_pkg']
[0.912s] Level 1:colcon.colcon_core.package_identification:_identify(src/stop) by extension 'colcon_pkg'
[0.913s] Level 1:colcon.colcon_core.package_identification:_identify(src/stop) by extensions ['colcon_meta']
[0.913s] Level 1:colcon.colcon_core.package_identification:_identify(src/stop) by extension 'colcon_meta'
[0.913s] Level 1:colcon.colcon_core.package_identification:_identify(src/stop) by extensions ['ros']
[0.913s] Level 1:colcon.colcon_core.package_identification:_identify(src/stop) by extension 'ros'
[0.915s] DEBUG:colcon.colcon_core.package_identification:Package 'src/stop' with type 'ros.ament_python' and name 'safety_node'
[0.915s] Level 1:colcon.colcon_core.package_identification:_identify(src/wall_follower) by extensions ['ignore', 'ignore_ament_install']
[0.915s] Level 1:colcon.colcon_core.package_identification:_identify(src/wall_follower) by extension 'ignore'
[0.915s] Level 1:colcon.colcon_core.package_identification:_identify(src/wall_follower) by extension 'ignore_ament_install'
[0.916s] Level 1:colcon.colcon_core.package_identification:_identify(src/wall_follower) by extensions ['colcon_pkg']
[0.916s] Level 1:colcon.colcon_core.package_identification:_identify(src/wall_follower) by extension 'colcon_pkg'
[0.916s] Level 1:colcon.colcon_core.package_identification:_identify(src/wall_follower) by extensions ['colcon_meta']
[0.916s] Level 1:colcon.colcon_core.package_identification:_identify(src/wall_follower) by extension 'colcon_meta'
[0.916s] Level 1:colcon.colcon_core.package_identification:_identify(src/wall_follower) by extensions ['ros']
[0.916s] Level 1:colcon.colcon_core.package_identification:_identify(src/wall_follower) by extension 'ros'
[0.918s] DEBUG:colcon.colcon_core.package_identification:Package 'src/wall_follower' with type 'ros.ament_python' and name 'wall_follower'
[0.918s] Level 1:colcon.colcon_core.package_discovery:discover_packages(recursive) using defaults
[0.918s] Level 1:colcon.colcon_core.package_discovery:discover_packages(ignore) discover
[0.918s] Level 1:colcon.colcon_core.package_discovery:discover_packages(ignore) using defaults
[0.918s] Level 1:colcon.colcon_core.package_discovery:discover_packages(path) discover
[0.918s] Level 1:colcon.colcon_core.package_discovery:discover_packages(path) using defaults
[1.005s] INFO:colcon.colcon_core.package_selection:Skipping not selected package '5M_test' in 'src/5M_test'
[1.005s] INFO:colcon.colcon_core.package_selection:Skipping not selected package 'AEB' in 'src/AEB'
[1.005s] INFO:colcon.colcon_core.package_selection:Skipping not selected package 'drive2' in 'src/drive2'
[1.005s] INFO:colcon.colcon_core.package_selection:Skipping not selected package 'safety_node' in 'src/stop'
[1.006s] INFO:colcon.colcon_core.package_selection:Skipping not selected package 'safety_pkg' in 'src/safety_pkg'
[1.007s] Level 1:colcon.colcon_core.package_discovery:discover_packages(prefix_path) check parameters
[1.007s] Level 1:colcon.colcon_core.package_discovery:discover_packages(prefix_path) discover
[1.015s] DEBUG:colcon.colcon_installed_package_information.package_discovery:Found 6 installed packages in /home/darc-f1-01/ros2_ws/install
[1.017s] DEBUG:colcon.colcon_installed_package_information.package_discovery:Found 14 installed packages in /home/darc-f1-01/f1tenth_ws/install
[1.020s] DEBUG:colcon.colcon_installed_package_information.package_discovery:Found 288 installed packages in /opt/ros/humble
[1.023s] Level 1:colcon.colcon_core.package_discovery:discover_packages(prefix_path) using defaults
[1.117s] Level 5:colcon.colcon_core.verb:set package 'wall_follower' build argument 'cmake_args' from command line to 'None'
[1.117s] Level 5:colcon.colcon_core.verb:set package 'wall_follower' build argument 'cmake_target' from command line to 'None'
[1.117s] Level 5:colcon.colcon_core.verb:set package 'wall_follower' build argument 'cmake_target_skip_unavailable' from command line to 'False'
[1.118s] Level 5:colcon.colcon_core.verb:set package 'wall_follower' build argument 'cmake_clean_cache' from command line to 'False'
[1.118s] Level 5:colcon.colcon_core.verb:set package 'wall_follower' build argument 'cmake_clean_first' from command line to 'False'
[1.118s] Level 5:colcon.colcon_core.verb:set package 'wall_follower' build argument 'cmake_force_configure' from command line to 'False'
[1.118s] Level 5:colcon.colcon_core.verb:set package 'wall_follower' build argument 'ament_cmake_args' from command line to 'None'
[1.118s] Level 5:colcon.colcon_core.verb:set package 'wall_follower' build argument 'catkin_cmake_args' from command line to 'None'
[1.118s] Level 5:colcon.colcon_core.verb:set package 'wall_follower' build argument 'catkin_skip_building_tests' from command line to 'False'
[1.118s] DEBUG:colcon.colcon_core.verb:Building package 'wall_follower' with the following arguments: {'ament_cmake_args': None, 'build_base': '/home/darc-f1-01/ros2_ws/build/wall_follower', 'catkin_cmake_args': None, 'catkin_skip_building_tests': False, 'cmake_args': None, 'cmake_clean_cache': False, 'cmake_clean_first': False, 'cmake_force_configure': False, 'cmake_target': None, 'cmake_target_skip_unavailable': False, 'install_base': '/home/darc-f1-01/ros2_ws/install/wall_follower', 'merge_install': False, 'path': '/home/darc-f1-01/ros2_ws/src/wall_follower', 'symlink_install': False, 'test_result_base': None}
[1.118s] INFO:colcon.colcon_core.executor:Executing jobs using 'parallel' executor
[1.121s] DEBUG:colcon.colcon_parallel_executor.executor.parallel:run_until_complete
[1.121s] INFO:colcon.colcon_ros.task.ament_python.build:Building ROS package in '/home/darc-f1-01/ros2_ws/src/wall_follower' with build type 'ament_python'
[1.122s] Level 1:colcon.colcon_core.shell:create_environment_hook('wall_follower', 'ament_prefix_path')
[1.130s] INFO:colcon.colcon_core.plugin_system:Skipping extension 'colcon_core.shell.bat': Not used on non-Windows systems
[1.130s] INFO:colcon.colcon_core.shell:Creating environment hook '/home/darc-f1-01/ros2_ws/install/wall_follower/share/wall_follower/hook/ament_prefix_path.ps1'
[1.132s] INFO:colcon.colcon_core.shell:Creating environment descriptor '/home/darc-f1-01/ros2_ws/install/wall_follower/share/wall_follower/hook/ament_prefix_path.dsv'
[1.133s] INFO:colcon.colcon_core.shell:Creating environment hook '/home/darc-f1-01/ros2_ws/install/wall_follower/share/wall_follower/hook/ament_prefix_path.sh'
[1.135s] INFO:colcon.colcon_core.shell:Skip shell extension 'powershell' for command environment: Not usable outside of PowerShell
[1.135s] DEBUG:colcon.colcon_core.shell:Skip shell extension 'dsv' for command environment
[1.808s] INFO:colcon.colcon_core.task.python.build:Building Python package in '/home/darc-f1-01/ros2_ws/src/wall_follower'
[1.809s] INFO:colcon.colcon_core.shell:Skip shell extension 'powershell' for command environment: Not usable outside of PowerShell
[1.809s] DEBUG:colcon.colcon_core.shell:Skip shell extension 'dsv' for command environment
[2.698s] DEBUG:colcon.colcon_core.event_handler.log_command:Invoking command in '/home/darc-f1-01/ros2_ws/src/wall_follower': PYTHONPATH=/home/darc-f1-01/ros2_ws/build/wall_follower/prefix_override:/usr/lib/python3/dist-packages/colcon_core/task/python/colcon_distutils_commands:/home/darc-f1-01/ros2_ws/install/wall_follower/lib/python3.10/site-packages:${PYTHONPATH} /usr/bin/python3 -W ignore:setup.py install is deprecated -W ignore:easy_install command is deprecated setup.py egg_info --egg-base ../../build/wall_follower build --build-base /home/darc-f1-01/ros2_ws/build/wall_follower/build install --record /home/darc-f1-01/ros2_ws/build/wall_follower/install.log --single-version-externally-managed install_data
[3.459s] DEBUG:colcon.colcon_core.event_handler.log_command:Invoked command in '/home/darc-f1-01/ros2_ws/src/wall_follower' returned '0': PYTHONPATH=/home/darc-f1-01/ros2_ws/build/wall_follower/prefix_override:/usr/lib/python3/dist-packages/colcon_core/task/python/colcon_distutils_commands:/home/darc-f1-01/ros2_ws/install/wall_follower/lib/python3.10/site-packages:${PYTHONPATH} /usr/bin/python3 -W ignore:setup.py install is deprecated -W ignore:easy_install command is deprecated setup.py egg_info --egg-base ../../build/wall_follower build --build-base /home/darc-f1-01/ros2_ws/build/wall_follower/build install --record /home/darc-f1-01/ros2_ws/build/wall_follower/install.log --single-version-externally-managed install_data
[3.471s] Level 1:colcon.colcon_core.environment:checking '/home/darc-f1-01/ros2_ws/install/wall_follower' for CMake module files
[3.472s] Level 1:colcon.colcon_core.environment:checking '/home/darc-f1-01/ros2_ws/install/wall_follower' for CMake config files
[3.474s] Level 1:colcon.colcon_core.environment:checking '/home/darc-f1-01/ros2_ws/install/wall_follower/lib'
[3.474s] Level 1:colcon.colcon_core.environment:checking '/home/darc-f1-01/ros2_ws/install/wall_follower/bin'
[3.474s] Level 1:colcon.colcon_core.environment:checking '/home/darc-f1-01/ros2_ws/install/wall_follower/lib/pkgconfig/wall_follower.pc'
[3.475s] Level 1:colcon.colcon_core.environment:checking '/home/darc-f1-01/ros2_ws/install/wall_follower/lib/python3.10/site-packages'
[3.475s] Level 1:colcon.colcon_core.shell:create_environment_hook('wall_follower', 'pythonpath')
[3.476s] INFO:colcon.colcon_core.shell:Creating environment hook '/home/darc-f1-01/ros2_ws/install/wall_follower/share/wall_follower/hook/pythonpath.ps1'
[3.477s] INFO:colcon.colcon_core.shell:Creating environment descriptor '/home/darc-f1-01/ros2_ws/install/wall_follower/share/wall_follower/hook/pythonpath.dsv'
[3.479s] INFO:colcon.colcon_core.shell:Creating environment hook '/home/darc-f1-01/ros2_ws/install/wall_follower/share/wall_follower/hook/pythonpath.sh'
[3.481s] Level 1:colcon.colcon_core.environment:checking '/home/darc-f1-01/ros2_ws/install/wall_follower/bin'
[3.481s] Level 1:colcon.colcon_core.environment:create_environment_scripts_only(wall_follower)
[3.482s] INFO:colcon.colcon_core.shell:Creating package script '/home/darc-f1-01/ros2_ws/install/wall_follower/share/wall_follower/package.ps1'
[3.486s] INFO:colcon.colcon_core.shell:Creating package descriptor '/home/darc-f1-01/ros2_ws/install/wall_follower/share/wall_follower/package.dsv'
[3.488s] INFO:colcon.colcon_core.shell:Creating package script '/home/darc-f1-01/ros2_ws/install/wall_follower/share/wall_follower/package.sh'
[3.491s] INFO:colcon.colcon_core.shell:Creating package script '/home/darc-f1-01/ros2_ws/install/wall_follower/share/wall_follower/package.bash'
[3.494s] INFO:colcon.colcon_core.shell:Creating package script '/home/darc-f1-01/ros2_ws/install/wall_follower/share/wall_follower/package.zsh'
[3.497s] Level 1:colcon.colcon_core.environment:create_file_with_runtime_dependencies(/home/darc-f1-01/ros2_ws/install/wall_follower/share/colcon-core/packages/wall_follower)
[3.499s] DEBUG:colcon.colcon_parallel_executor.executor.parallel:closing loop
[3.500s] DEBUG:colcon.colcon_parallel_executor.executor.parallel:loop closed
[3.500s] DEBUG:colcon.colcon_parallel_executor.executor.parallel:run_until_complete finished with '0'
[3.500s] DEBUG:colcon.colcon_core.event_reactor:joining thread
[3.521s] INFO:colcon.colcon_core.plugin_system:Skipping extension 'colcon_notification.desktop_notification.terminal_notifier': Not used on non-Darwin systems
[3.522s] INFO:colcon.colcon_core.plugin_system:Skipping extension 'colcon_notification.desktop_notification.win32': Not used on non-Windows systems
[3.522s] INFO:colcon.colcon_notification.desktop_notification:Sending desktop notification using 'notify2'
[3.589s] DEBUG:colcon.colcon_core.event_reactor:joined thread
[3.590s] INFO:colcon.colcon_core.shell:Creating prefix script '/home/darc-f1-01/ros2_ws/install/local_setup.ps1'
[3.593s] INFO:colcon.colcon_core.shell:Creating prefix util module '/home/darc-f1-01/ros2_ws/install/_local_setup_util_ps1.py'
[3.598s] INFO:colcon.colcon_core.shell:Creating prefix chain script '/home/darc-f1-01/ros2_ws/install/setup.ps1'
[3.604s] INFO:colcon.colcon_core.shell:Creating prefix script '/home/darc-f1-01/ros2_ws/install/local_setup.sh'
[3.605s] INFO:colcon.colcon_core.shell:Creating prefix util module '/home/darc-f1-01/ros2_ws/install/_local_setup_util_sh.py'
[3.607s] INFO:colcon.colcon_core.shell:Creating prefix chain script '/home/darc-f1-01/ros2_ws/install/setup.sh'
[3.612s] INFO:colcon.colcon_core.shell:Creating prefix script '/home/darc-f1-01/ros2_ws/install/local_setup.bash'
[3.613s] INFO:colcon.colcon_core.shell:Creating prefix chain script '/home/darc-f1-01/ros2_ws/install/setup.bash'
[3.620s] INFO:colcon.colcon_core.shell:Creating prefix script '/home/darc-f1-01/ros2_ws/install/local_setup.zsh'
[3.622s] INFO:colcon.colcon_core.shell:Creating prefix chain script '/home/darc-f1-01/ros2_ws/install/setup.zsh'
