[4.454s] Invoking command in '/home/darc-f1-01/ros2_ws/src/safety_pkg': PYTHONPATH=/home/darc-f1-01/ros2_ws/build/safety_pkg/prefix_override:/usr/lib/python3/dist-packages/colcon_core/task/python/colcon_distutils_commands:/home/darc-f1-01/ros2_ws/install/safety_pkg/lib/python3.10/site-packages:${PYTHONPATH} /usr/bin/python3 -W ignore:setup.py install is deprecated -W ignore:easy_install command is deprecated setup.py egg_info --egg-base ../../build/safety_pkg build --build-base /home/darc-f1-01/ros2_ws/build/safety_pkg/build install --record /home/darc-f1-01/ros2_ws/build/safety_pkg/install.log --single-version-externally-managed install_data
[5.097s] running egg_info
[5.099s] writing ../../build/safety_pkg/safety_pkg.egg-info/PKG-INFO
[5.100s] writing dependency_links to ../../build/safety_pkg/safety_pkg.egg-info/dependency_links.txt
[5.100s] writing entry points to ../../build/safety_pkg/safety_pkg.egg-info/entry_points.txt
[5.101s] writing requirements to ../../build/safety_pkg/safety_pkg.egg-info/requires.txt
[5.102s] writing top-level names to ../../build/safety_pkg/safety_pkg.egg-info/top_level.txt
[5.106s] reading manifest file '../../build/safety_pkg/safety_pkg.egg-info/SOURCES.txt'
[5.108s] writing manifest file '../../build/safety_pkg/safety_pkg.egg-info/SOURCES.txt'
[5.108s] running build
[5.108s] running build_py
[5.108s] copying safety_pkg/safety_node.py -> /home/darc-f1-01/ros2_ws/build/safety_pkg/build/lib/safety_pkg
[5.109s] running install
[5.109s] running install_lib
[5.114s] copying /home/darc-f1-01/ros2_ws/build/safety_pkg/build/lib/safety_pkg/safety_node.py -> /home/darc-f1-01/ros2_ws/install/safety_pkg/lib/python3.10/site-packages/safety_pkg
[5.116s] byte-compiling /home/darc-f1-01/ros2_ws/install/safety_pkg/lib/python3.10/site-packages/safety_pkg/safety_node.py to safety_node.cpython-310.pyc
[5.119s] running install_data
[5.119s] running install_egg_info
[5.125s] removing '/home/darc-f1-01/ros2_ws/install/safety_pkg/lib/python3.10/site-packages/safety_pkg-0.0.0-py3.10.egg-info' (and everything under it)
[5.126s] Copying ../../build/safety_pkg/safety_pkg.egg-info to /home/darc-f1-01/ros2_ws/install/safety_pkg/lib/python3.10/site-packages/safety_pkg-0.0.0-py3.10.egg-info
[5.130s] running install_scripts
[5.177s] Installing safety_node script to /home/darc-f1-01/ros2_ws/install/safety_pkg/lib/safety_pkg
[5.177s] writing list of installed files to '/home/darc-f1-01/ros2_ws/build/safety_pkg/install.log'
[5.270s] Invoked command in '/home/darc-f1-01/ros2_ws/src/safety_pkg' returned '0': PYTHONPATH=/home/darc-f1-01/ros2_ws/build/safety_pkg/prefix_override:/usr/lib/python3/dist-packages/colcon_core/task/python/colcon_distutils_commands:/home/darc-f1-01/ros2_ws/install/safety_pkg/lib/python3.10/site-packages:${PYTHONPATH} /usr/bin/python3 -W ignore:setup.py install is deprecated -W ignore:easy_install command is deprecated setup.py egg_info --egg-base ../../build/safety_pkg build --build-base /home/darc-f1-01/ros2_ws/build/safety_pkg/build install --record /home/darc-f1-01/ros2_ws/build/safety_pkg/install.log --single-version-externally-managed install_data
