[3.606s] Invoking command in '/home/darc-f1-01/ros2_ws/src/stop': PYTHONPATH=/home/darc-f1-01/ros2_ws/build/safety_node/prefix_override:/usr/lib/python3/dist-packages/colcon_core/task/python/colcon_distutils_commands:/home/darc-f1-01/ros2_ws/install/safety_node/lib/python3.10/site-packages:${PYTHONPATH} /usr/bin/python3 -W ignore:setup.py install is deprecated -W ignore:easy_install command is deprecated setup.py egg_info --egg-base ../../build/safety_node build --build-base /home/darc-f1-01/ros2_ws/build/safety_node/build install --record /home/darc-f1-01/ros2_ws/build/safety_node/install.log --single-version-externally-managed install_data
[4.240s] running egg_info
[4.243s] writing ../../build/safety_node/safety_node.egg-info/PKG-INFO
[4.244s] writing dependency_links to ../../build/safety_node/safety_node.egg-info/dependency_links.txt
[4.244s] writing entry points to ../../build/safety_node/safety_node.egg-info/entry_points.txt
[4.244s] writing requirements to ../../build/safety_node/safety_node.egg-info/requires.txt
[4.244s] writing top-level names to ../../build/safety_node/safety_node.egg-info/top_level.txt
[4.253s] reading manifest file '../../build/safety_node/safety_node.egg-info/SOURCES.txt'
[4.254s] writing manifest file '../../build/safety_node/safety_node.egg-info/SOURCES.txt'
[4.255s] running build
[4.255s] running build_py
[4.255s] copying safety_node/safety_node.py -> /home/darc-f1-01/ros2_ws/build/safety_node/build/lib/safety_node
[4.257s] running install
[4.258s] running install_lib
[4.261s] copying /home/darc-f1-01/ros2_ws/build/safety_node/build/lib/safety_node/safety_node.py -> /home/darc-f1-01/ros2_ws/install/safety_node/lib/python3.10/site-packages/safety_node
[4.263s] byte-compiling /home/darc-f1-01/ros2_ws/install/safety_node/lib/python3.10/site-packages/safety_node/safety_node.py to safety_node.cpython-310.pyc
[4.266s] running install_data
[4.267s] running install_egg_info
[4.273s] removing '/home/darc-f1-01/ros2_ws/install/safety_node/lib/python3.10/site-packages/safety_node-0.1.0-py3.10.egg-info' (and everything under it)
[4.274s] Copying ../../build/safety_node/safety_node.egg-info to /home/darc-f1-01/ros2_ws/install/safety_node/lib/python3.10/site-packages/safety_node-0.1.0-py3.10.egg-info
[4.277s] running install_scripts
[4.337s] Installing safety_node script to /home/darc-f1-01/ros2_ws/install/safety_node/lib/safety_node
[4.339s] writing list of installed files to '/home/darc-f1-01/ros2_ws/build/safety_node/install.log'
[4.453s] Invoked command in '/home/darc-f1-01/ros2_ws/src/stop' returned '0': PYTHONPATH=/home/darc-f1-01/ros2_ws/build/safety_node/prefix_override:/usr/lib/python3/dist-packages/colcon_core/task/python/colcon_distutils_commands:/home/darc-f1-01/ros2_ws/install/safety_node/lib/python3.10/site-packages:${PYTHONPATH} /usr/bin/python3 -W ignore:setup.py install is deprecated -W ignore:easy_install command is deprecated setup.py egg_info --egg-base ../../build/safety_node build --build-base /home/darc-f1-01/ros2_ws/build/safety_node/build install --record /home/darc-f1-01/ros2_ws/build/safety_node/install.log --single-version-externally-managed install_data
