[2.952s] Invoking command in '/home/darc-f1-01/ros2_ws/src/stop': PYTHONPATH=/home/darc-f1-01/ros2_ws/build/safety_node/prefix_override:/usr/lib/python3/dist-packages/colcon_core/task/python/colcon_distutils_commands:/home/darc-f1-01/ros2_ws/install/safety_node/lib/python3.10/site-packages:${PYTHONPATH} /usr/bin/python3 -W ignore:setup.py install is deprecated -W ignore:easy_install command is deprecated setup.py egg_info --egg-base ../../build/safety_node build --build-base /home/darc-f1-01/ros2_ws/build/safety_node/build install --record /home/darc-f1-01/ros2_ws/build/safety_node/install.log --single-version-externally-managed install_data
[3.577s] running egg_info
[3.579s] writing ../../build/safety_node/safety_node.egg-info/PKG-INFO
[3.586s] writing dependency_links to ../../build/safety_node/safety_node.egg-info/dependency_links.txt
[3.586s] writing entry points to ../../build/safety_node/safety_node.egg-info/entry_points.txt
[3.587s] writing requirements to ../../build/safety_node/safety_node.egg-info/requires.txt
[3.587s] writing top-level names to ../../build/safety_node/safety_node.egg-info/top_level.txt
[3.592s] reading manifest file '../../build/safety_node/safety_node.egg-info/SOURCES.txt'
[3.595s] writing manifest file '../../build/safety_node/safety_node.egg-info/SOURCES.txt'
[3.595s] running build
[3.595s] running build_py
[3.596s] running install
[3.597s] running install_lib
[3.601s] running install_data
[3.601s] running install_egg_info
[3.606s] removing '/home/darc-f1-01/ros2_ws/install/safety_node/lib/python3.10/site-packages/safety_node-0.1.0-py3.10.egg-info' (and everything under it)
[3.607s] Copying ../../build/safety_node/safety_node.egg-info to /home/darc-f1-01/ros2_ws/install/safety_node/lib/python3.10/site-packages/safety_node-0.1.0-py3.10.egg-info
[3.609s] running install_scripts
[3.661s] Installing safety_node script to /home/darc-f1-01/ros2_ws/install/safety_node/lib/safety_node
[3.662s] writing list of installed files to '/home/darc-f1-01/ros2_ws/build/safety_node/install.log'
[3.747s] Invoked command in '/home/darc-f1-01/ros2_ws/src/stop' returned '0': PYTHONPATH=/home/darc-f1-01/ros2_ws/build/safety_node/prefix_override:/usr/lib/python3/dist-packages/colcon_core/task/python/colcon_distutils_commands:/home/darc-f1-01/ros2_ws/install/safety_node/lib/python3.10/site-packages:${PYTHONPATH} /usr/bin/python3 -W ignore:setup.py install is deprecated -W ignore:easy_install command is deprecated setup.py egg_info --egg-base ../../build/safety_node build --build-base /home/darc-f1-01/ros2_ws/build/safety_node/build install --record /home/darc-f1-01/ros2_ws/build/safety_node/install.log --single-version-externally-managed install_data
