running egg_info
writing ../../build/drive2/drive2.egg-info/PKG-INFO
writing dependency_links to ../../build/drive2/drive2.egg-info/dependency_links.txt
writing entry points to ../../build/drive2/drive2.egg-info/entry_points.txt
writing requirements to ../../build/drive2/drive2.egg-info/requires.txt
writing top-level names to ../../build/drive2/drive2.egg-info/top_level.txt
reading manifest file '../../build/drive2/drive2.egg-info/SOURCES.txt'
writing manifest file '../../build/drive2/drive2.egg-info/SOURCES.txt'
running build
running build_py
creating /home/darc-f1-01/ros2_ws/build/drive2/build/lib/Drive_Straight_Const
copying Drive_Straight_Const/__init__.py -> /home/darc-f1-01/ros2_ws/build/drive2/build/lib/Drive_Straight_Const
copying Drive_Straight_Const/Drive_Straight_Const.py -> /home/darc-f1-01/ros2_ws/build/drive2/build/lib/Drive_Straight_Const
running install
running install_lib
creating /home/darc-f1-01/ros2_ws/install/drive2/lib/python3.10/site-packages/Drive_Straight_Const
copying /home/darc-f1-01/ros2_ws/build/drive2/build/lib/Drive_Straight_Const/__init__.py -> /home/darc-f1-01/ros2_ws/install/drive2/lib/python3.10/site-packages/Drive_Straight_Const
copying /home/darc-f1-01/ros2_ws/build/drive2/build/lib/Drive_Straight_Const/Drive_Straight_Const.py -> /home/darc-f1-01/ros2_ws/install/drive2/lib/python3.10/site-packages/Drive_Straight_Const
byte-compiling /home/darc-f1-01/ros2_ws/install/drive2/lib/python3.10/site-packages/Drive_Straight_Const/__init__.py to __init__.cpython-310.pyc
byte-compiling /home/darc-f1-01/ros2_ws/install/drive2/lib/python3.10/site-packages/Drive_Straight_Const/Drive_Straight_Const.py to Drive_Straight_Const.cpython-310.pyc
running install_data
running install_egg_info
removing '/home/darc-f1-01/ros2_ws/install/drive2/lib/python3.10/site-packages/drive2-0.0.0-py3.10.egg-info' (and everything under it)
Copying ../../build/drive2/drive2.egg-info to /home/darc-f1-01/ros2_ws/install/drive2/lib/python3.10/site-packages/drive2-0.0.0-py3.10.egg-info
running install_scripts
Installing Drive_Straight_Const script to /home/darc-f1-01/ros2_ws/install/drive2/lib/drive2
writing list of installed files to '/home/darc-f1-01/ros2_ws/build/drive2/install.log'
