[5.270s] Invoking command in '/home/darc-f1-01/ros2_ws/src/Drive_Straight_Const': PYTHONPATH=/home/darc-f1-01/ros2_ws/build/drive2/prefix_override:/usr/lib/python3/dist-packages/colcon_core/task/python/colcon_distutils_commands:/home/darc-f1-01/ros2_ws/install/drive2/lib/python3.10/site-packages:${PYTHONPATH} /usr/bin/python3 -W ignore:setup.py install is deprecated -W ignore:easy_install command is deprecated setup.py egg_info --egg-base ../../build/drive2 build --build-base /home/darc-f1-01/ros2_ws/build/drive2/build install --record /home/darc-f1-01/ros2_ws/build/drive2/install.log --single-version-externally-managed install_data
[5.928s] running egg_info
[5.930s] writing ../../build/drive2/drive2.egg-info/PKG-INFO
[5.931s] writing dependency_links to ../../build/drive2/drive2.egg-info/dependency_links.txt
[5.931s] writing entry points to ../../build/drive2/drive2.egg-info/entry_points.txt
[5.931s] writing requirements to ../../build/drive2/drive2.egg-info/requires.txt
[5.931s] writing top-level names to ../../build/drive2/drive2.egg-info/top_level.txt
[5.936s] reading manifest file '../../build/drive2/drive2.egg-info/SOURCES.txt'
[5.938s] writing manifest file '../../build/drive2/drive2.egg-info/SOURCES.txt'
[5.938s] running build
[5.939s] running build_py
[5.939s] creating /home/darc-f1-01/ros2_ws/build/drive2/build/lib/Drive_Straight_Const
[5.939s] copying Drive_Straight_Const/__init__.py -> /home/darc-f1-01/ros2_ws/build/drive2/build/lib/Drive_Straight_Const
[5.940s] copying Drive_Straight_Const/Drive_Straight_Const.py -> /home/darc-f1-01/ros2_ws/build/drive2/build/lib/Drive_Straight_Const
[5.940s] running install
[5.941s] running install_lib
[5.944s] creating /home/darc-f1-01/ros2_ws/install/drive2/lib/python3.10/site-packages/Drive_Straight_Const
[5.944s] copying /home/darc-f1-01/ros2_ws/build/drive2/build/lib/Drive_Straight_Const/__init__.py -> /home/darc-f1-01/ros2_ws/install/drive2/lib/python3.10/site-packages/Drive_Straight_Const
[5.947s] copying /home/darc-f1-01/ros2_ws/build/drive2/build/lib/Drive_Straight_Const/Drive_Straight_Const.py -> /home/darc-f1-01/ros2_ws/install/drive2/lib/python3.10/site-packages/Drive_Straight_Const
[5.950s] byte-compiling /home/darc-f1-01/ros2_ws/install/drive2/lib/python3.10/site-packages/Drive_Straight_Const/__init__.py to __init__.cpython-310.pyc
[5.950s] byte-compiling /home/darc-f1-01/ros2_ws/install/drive2/lib/python3.10/site-packages/Drive_Straight_Const/Drive_Straight_Const.py to Drive_Straight_Const.cpython-310.pyc
[5.951s] running install_data
[5.952s] running install_egg_info
[5.957s] removing '/home/darc-f1-01/ros2_ws/install/drive2/lib/python3.10/site-packages/drive2-0.0.0-py3.10.egg-info' (and everything under it)
[5.957s] Copying ../../build/drive2/drive2.egg-info to /home/darc-f1-01/ros2_ws/install/drive2/lib/python3.10/site-packages/drive2-0.0.0-py3.10.egg-info
[5.960s] running install_scripts
[6.015s] Installing Drive_Straight_Const script to /home/darc-f1-01/ros2_ws/install/drive2/lib/drive2
[6.016s] writing list of installed files to '/home/darc-f1-01/ros2_ws/build/drive2/install.log'
[6.121s] Invoked command in '/home/darc-f1-01/ros2_ws/src/Drive_Straight_Const' returned '0': PYTHONPATH=/home/darc-f1-01/ros2_ws/build/drive2/prefix_override:/usr/lib/python3/dist-packages/colcon_core/task/python/colcon_distutils_commands:/home/darc-f1-01/ros2_ws/install/drive2/lib/python3.10/site-packages:${PYTHONPATH} /usr/bin/python3 -W ignore:setup.py install is deprecated -W ignore:easy_install command is deprecated setup.py egg_info --egg-base ../../build/drive2 build --build-base /home/darc-f1-01/ros2_ws/build/drive2/build install --record /home/darc-f1-01/ros2_ws/build/drive2/install.log --single-version-externally-managed install_data
