running egg_info
writing ../../build/safety_pkg/safety_pkg.egg-info/PKG-INFO
writing dependency_links to ../../build/safety_pkg/safety_pkg.egg-info/dependency_links.txt
writing entry points to ../../build/safety_pkg/safety_pkg.egg-info/entry_points.txt
writing requirements to ../../build/safety_pkg/safety_pkg.egg-info/requires.txt
writing top-level names to ../../build/safety_pkg/safety_pkg.egg-info/top_level.txt
reading manifest file '../../build/safety_pkg/safety_pkg.egg-info/SOURCES.txt'
writing manifest file '../../build/safety_pkg/safety_pkg.egg-info/SOURCES.txt'
running build
running build_py
copying safety_pkg/safety_node.py -> /home/darc-f1-01/ros2_ws/build/safety_pkg/build/lib/safety_pkg
running install
running install_lib
copying /home/darc-f1-01/ros2_ws/build/safety_pkg/build/lib/safety_pkg/safety_node.py -> /home/darc-f1-01/ros2_ws/install/safety_pkg/lib/python3.10/site-packages/safety_pkg
byte-compiling /home/darc-f1-01/ros2_ws/install/safety_pkg/lib/python3.10/site-packages/safety_pkg/safety_node.py to safety_node.cpython-310.pyc
running install_data
running install_egg_info
removing '/home/darc-f1-01/ros2_ws/install/safety_pkg/lib/python3.10/site-packages/safety_pkg-0.0.0-py3.10.egg-info' (and everything under it)
Copying ../../build/safety_pkg/safety_pkg.egg-info to /home/darc-f1-01/ros2_ws/install/safety_pkg/lib/python3.10/site-packages/safety_pkg-0.0.0-py3.10.egg-info
running install_scripts
Installing safety_node script to /home/darc-f1-01/ros2_ws/install/safety_pkg/lib/safety_pkg
writing list of installed files to '/home/darc-f1-01/ros2_ws/build/safety_pkg/install.log'
