[4.576s] Invoking command in '/home/darc-f1-01/ros2_ws/src/wall_follower': PYTHONPATH=/home/darc-f1-01/ros2_ws/build/wall_follower/prefix_override:/usr/lib/python3/dist-packages/colcon_core/task/python/colcon_distutils_commands:/home/darc-f1-01/ros2_ws/install/wall_follower/lib/python3.10/site-packages:${PYTHONPATH} /usr/bin/python3 -W ignore:setup.py install is deprecated -W ignore:easy_install command is deprecated setup.py egg_info --egg-base ../../build/wall_follower build --build-base /home/darc-f1-01/ros2_ws/build/wall_follower/build install --record /home/darc-f1-01/ros2_ws/build/wall_follower/install.log --single-version-externally-managed install_data
[5.213s] running egg_info
[5.215s] writing ../../build/wall_follower/wall_follower.egg-info/PKG-INFO
[5.216s] writing dependency_links to ../../build/wall_follower/wall_follower.egg-info/dependency_links.txt
[5.217s] writing entry points to ../../build/wall_follower/wall_follower.egg-info/entry_points.txt
[5.217s] writing requirements to ../../build/wall_follower/wall_follower.egg-info/requires.txt
[5.218s] writing top-level names to ../../build/wall_follower/wall_follower.egg-info/top_level.txt
[5.223s] reading manifest file '../../build/wall_follower/wall_follower.egg-info/SOURCES.txt'
[5.224s] writing manifest file '../../build/wall_follower/wall_follower.egg-info/SOURCES.txt'
[5.225s] running build
[5.225s] running build_py
[5.226s] running install
[5.226s] running install_lib
[5.233s] running install_data
[5.233s] running install_egg_info
[5.237s] removing '/home/darc-f1-01/ros2_ws/install/wall_follower/lib/python3.10/site-packages/wall_follower-0.0.0-py3.10.egg-info' (and everything under it)
[5.238s] Copying ../../build/wall_follower/wall_follower.egg-info to /home/darc-f1-01/ros2_ws/install/wall_follower/lib/python3.10/site-packages/wall_follower-0.0.0-py3.10.egg-info
[5.241s] running install_scripts
[5.308s] Installing wall_follower script to /home/darc-f1-01/ros2_ws/install/wall_follower/lib/wall_follower
[5.308s] writing list of installed files to '/home/darc-f1-01/ros2_ws/build/wall_follower/install.log'
[5.380s] Invoked command in '/home/darc-f1-01/ros2_ws/src/wall_follower' returned '0': PYTHONPATH=/home/darc-f1-01/ros2_ws/build/wall_follower/prefix_override:/usr/lib/python3/dist-packages/colcon_core/task/python/colcon_distutils_commands:/home/darc-f1-01/ros2_ws/install/wall_follower/lib/python3.10/site-packages:${PYTHONPATH} /usr/bin/python3 -W ignore:setup.py install is deprecated -W ignore:easy_install command is deprecated setup.py egg_info --egg-base ../../build/wall_follower build --build-base /home/darc-f1-01/ros2_ws/build/wall_follower/build install --record /home/darc-f1-01/ros2_ws/build/wall_follower/install.log --single-version-externally-managed install_data
