[0.262s] DEBUG:colcon:Command line arguments: ['/usr/bin/colcon', 'build']
[0.262s] DEBUG:colcon:Parsed command line arguments: Namespace(log_base=None, log_level=None, verb_name='build', build_base='build', install_base='install', merge_install=False, symlink_install=False, test_result_base=None, continue_on_error=False, executor='parallel', parallel_workers=6, event_handlers=None, ignore_user_meta=False, metas=['./colcon.meta'], base_paths=['.'], packages_ignore=None, packages_ignore_regex=None, paths=None, packages_up_to=None, packages_up_to_regex=None, packages_above=None, packages_above_and_dependencies=None, packages_above_depth=None, packages_select_by_dep=None, packages_skip_by_dep=None, packages_skip_up_to=None, packages_select_build_failed=False, packages_skip_build_finished=False, packages_select_test_failures=False, packages_skip_test_passed=False, packages_select=None, packages_skip=None, packages_select_regex=None, packages_skip_regex=None, packages_start=None, packages_end=None, allow_overriding=[], cmake_args=None, cmake_target=None, cmake_target_skip_unavailable=False, cmake_clean_cache=False, cmake_clean_first=False, cmake_force_configure=False, ament_cmake_args=None, catkin_cmake_args=None, catkin_skip_building_tests=False, verb_parser=<colcon_defaults.argument_parser.defaults.DefaultArgumentsDecorator object at 0xffff930cf070>, verb_extension=<colcon_core.verb.build.BuildVerb object at 0xffff93090970>, main=<bound method BuildVerb.main of <colcon_core.verb.build.BuildVerb object at 0xffff93090970>>)
[0.697s] Level 1:colcon.colcon_core.package_discovery:discover_packages(colcon_meta) check parameters
[0.697s] Level 1:colcon.colcon_core.package_discovery:discover_packages(recursive) check parameters
[0.697s] Level 1:colcon.colcon_core.package_discovery:discover_packages(ignore) check parameters
[0.697s] Level 1:colcon.colcon_core.package_discovery:discover_packages(path) check parameters
[0.697s] Level 1:colcon.colcon_core.package_discovery:discover_packages(colcon_meta) discover
[0.697s] Level 1:colcon.colcon_core.package_discovery:discover_packages(recursive) discover
[0.698s] INFO:colcon.colcon_core.package_discovery:Crawling recursively for packages in '/home/darc-f1-01/ros2_ws'
[0.698s] Level 1:colcon.colcon_core.package_identification:_identify(.) by extensions ['ignore', 'ignore_ament_install']
[0.698s] Level 1:colcon.colcon_core.package_identification:_identify(.) by extension 'ignore'
[0.698s] Level 1:colcon.colcon_core.package_identification:_identify(.) by extension 'ignore_ament_install'
[0.698s] Level 1:colcon.colcon_core.package_identification:_identify(.) by extensions ['colcon_pkg']
[0.698s] Level 1:colcon.colcon_core.package_identification:_identify(.) by extension 'colcon_pkg'
[0.699s] Level 1:colcon.colcon_core.package_identification:_identify(.) by extensions ['colcon_meta']
[0.699s] Level 1:colcon.colcon_core.package_identification:_identify(.) by extension 'colcon_meta'
[0.699s] Level 1:colcon.colcon_core.package_identification:_identify(.) by extensions ['ros']
[0.699s] Level 1:colcon.colcon_core.package_identification:_identify(.) by extension 'ros'
[0.723s] Level 1:colcon.colcon_core.package_identification:_identify(.) by extensions ['cmake', 'python']
[0.724s] Level 1:colcon.colcon_core.package_identification:_identify(.) by extension 'cmake'
[0.724s] Level 1:colcon.colcon_core.package_identification:_identify(.) by extension 'python'
[0.724s] Level 1:colcon.colcon_core.package_identification:_identify(.) by extensions ['python_setup_py']
[0.724s] Level 1:colcon.colcon_core.package_identification:_identify(.) by extension 'python_setup_py'
[0.724s] Level 1:colcon.colcon_core.package_identification:_identify(bags) by extensions ['ignore', 'ignore_ament_install']
[0.725s] Level 1:colcon.colcon_core.package_identification:_identify(bags) by extension 'ignore'
[0.725s] Level 1:colcon.colcon_core.package_identification:_identify(bags) by extension 'ignore_ament_install'
[0.725s] Level 1:colcon.colcon_core.package_identification:_identify(bags) by extensions ['colcon_pkg']
[0.725s] Level 1:colcon.colcon_core.package_identification:_identify(bags) by extension 'colcon_pkg'
[0.725s] Level 1:colcon.colcon_core.package_identification:_identify(bags) by extensions ['colcon_meta']
[0.725s] Level 1:colcon.colcon_core.package_identification:_identify(bags) by extension 'colcon_meta'
[0.725s] Level 1:colcon.colcon_core.package_identification:_identify(bags) by extensions ['ros']
[0.725s] Level 1:colcon.colcon_core.package_identification:_identify(bags) by extension 'ros'
[0.726s] Level 1:colcon.colcon_core.package_identification:_identify(bags) by extensions ['cmake', 'python']
[0.726s] Level 1:colcon.colcon_core.package_identification:_identify(bags) by extension 'cmake'
[0.726s] Level 1:colcon.colcon_core.package_identification:_identify(bags) by extension 'python'
[0.726s] Level 1:colcon.colcon_core.package_identification:_identify(bags) by extensions ['python_setup_py']
[0.726s] Level 1:colcon.colcon_core.package_identification:_identify(bags) by extension 'python_setup_py'
[0.726s] Level 1:colcon.colcon_core.package_identification:_identify(bags/accel_test_1) by extensions ['ignore', 'ignore_ament_install']
[0.726s] Level 1:colcon.colcon_core.package_identification:_identify(bags/accel_test_1) by extension 'ignore'
[0.726s] Level 1:colcon.colcon_core.package_identification:_identify(bags/accel_test_1) by extension 'ignore_ament_install'
[0.727s] Level 1:colcon.colcon_core.package_identification:_identify(bags/accel_test_1) by extensions ['colcon_pkg']
[0.727s] Level 1:colcon.colcon_core.package_identification:_identify(bags/accel_test_1) by extension 'colcon_pkg'
[0.727s] Level 1:colcon.colcon_core.package_identification:_identify(bags/accel_test_1) by extensions ['colcon_meta']
[0.727s] Level 1:colcon.colcon_core.package_identification:_identify(bags/accel_test_1) by extension 'colcon_meta'
[0.727s] Level 1:colcon.colcon_core.package_identification:_identify(bags/accel_test_1) by extensions ['ros']
[0.727s] Level 1:colcon.colcon_core.package_identification:_identify(bags/accel_test_1) by extension 'ros'
[0.727s] Level 1:colcon.colcon_core.package_identification:_identify(bags/accel_test_1) by extensions ['cmake', 'python']
[0.727s] Level 1:colcon.colcon_core.package_identification:_identify(bags/accel_test_1) by extension 'cmake'
[0.727s] Level 1:colcon.colcon_core.package_identification:_identify(bags/accel_test_1) by extension 'python'
[0.727s] Level 1:colcon.colcon_core.package_identification:_identify(bags/accel_test_1) by extensions ['python_setup_py']
[0.728s] Level 1:colcon.colcon_core.package_identification:_identify(bags/accel_test_1) by extension 'python_setup_py'
[0.728s] Level 1:colcon.colcon_core.package_identification:_identify(build) by extensions ['ignore', 'ignore_ament_install']
[0.728s] Level 1:colcon.colcon_core.package_identification:_identify(build) by extension 'ignore'
[0.728s] Level 1:colcon.colcon_core.package_identification:_identify(build) ignored
[0.728s] Level 1:colcon.colcon_core.package_identification:_identify(install) by extensions ['ignore', 'ignore_ament_install']
[0.729s] Level 1:colcon.colcon_core.package_identification:_identify(install) by extension 'ignore'
[0.729s] Level 1:colcon.colcon_core.package_identification:_identify(install) ignored
[0.729s] Level 1:colcon.colcon_core.package_identification:_identify(log) by extensions ['ignore', 'ignore_ament_install']
[0.729s] Level 1:colcon.colcon_core.package_identification:_identify(log) by extension 'ignore'
[0.729s] Level 1:colcon.colcon_core.package_identification:_identify(log) ignored
[0.730s] Level 1:colcon.colcon_core.package_identification:_identify(src) by extensions ['ignore', 'ignore_ament_install']
[0.730s] Level 1:colcon.colcon_core.package_identification:_identify(src) by extension 'ignore'
[0.730s] Level 1:colcon.colcon_core.package_identification:_identify(src) by extension 'ignore_ament_install'
[0.730s] Level 1:colcon.colcon_core.package_identification:_identify(src) by extensions ['colcon_pkg']
[0.730s] Level 1:colcon.colcon_core.package_identification:_identify(src) by extension 'colcon_pkg'
[0.730s] Level 1:colcon.colcon_core.package_identification:_identify(src) by extensions ['colcon_meta']
[0.730s] Level 1:colcon.colcon_core.package_identification:_identify(src) by extension 'colcon_meta'
[0.730s] Level 1:colcon.colcon_core.package_identification:_identify(src) by extensions ['ros']
[0.730s] Level 1:colcon.colcon_core.package_identification:_identify(src) by extension 'ros'
[0.731s] Level 1:colcon.colcon_core.package_identification:_identify(src) by extensions ['cmake', 'python']
[0.731s] Level 1:colcon.colcon_core.package_identification:_identify(src) by extension 'cmake'
[0.731s] Level 1:colcon.colcon_core.package_identification:_identify(src) by extension 'python'
[0.731s] Level 1:colcon.colcon_core.package_identification:_identify(src) by extensions ['python_setup_py']
[0.731s] Level 1:colcon.colcon_core.package_identification:_identify(src) by extension 'python_setup_py'
[0.731s] Level 1:colcon.colcon_core.package_identification:_identify(src/drive2) by extensions ['ignore', 'ignore_ament_install']
[0.731s] Level 1:colcon.colcon_core.package_identification:_identify(src/drive2) by extension 'ignore'
[0.732s] Level 1:colcon.colcon_core.package_identification:_identify(src/drive2) by extension 'ignore_ament_install'
[0.732s] Level 1:colcon.colcon_core.package_identification:_identify(src/drive2) by extensions ['colcon_pkg']
[0.732s] Level 1:colcon.colcon_core.package_identification:_identify(src/drive2) by extension 'colcon_pkg'
[0.732s] Level 1:colcon.colcon_core.package_identification:_identify(src/drive2) by extensions ['colcon_meta']
[0.732s] Level 1:colcon.colcon_core.package_identification:_identify(src/drive2) by extension 'colcon_meta'
[0.732s] Level 1:colcon.colcon_core.package_identification:_identify(src/drive2) by extensions ['ros']
[0.732s] Level 1:colcon.colcon_core.package_identification:_identify(src/drive2) by extension 'ros'
[0.738s] DEBUG:colcon.colcon_core.package_identification:Package 'src/drive2' with type 'ros.ament_python' and name 'drive2'
[0.738s] Level 1:colcon.colcon_core.package_identification:_identify(src/gap_follow) by extensions ['ignore', 'ignore_ament_install']
[0.738s] Level 1:colcon.colcon_core.package_identification:_identify(src/gap_follow) by extension 'ignore'
[0.739s] Level 1:colcon.colcon_core.package_identification:_identify(src/gap_follow) by extension 'ignore_ament_install'
[0.739s] Level 1:colcon.colcon_core.package_identification:_identify(src/gap_follow) by extensions ['colcon_pkg']
[0.739s] Level 1:colcon.colcon_core.package_identification:_identify(src/gap_follow) by extension 'colcon_pkg'
[0.739s] Level 1:colcon.colcon_core.package_identification:_identify(src/gap_follow) by extensions ['colcon_meta']
[0.739s] Level 1:colcon.colcon_core.package_identification:_identify(src/gap_follow) by extension 'colcon_meta'
[0.739s] Level 1:colcon.colcon_core.package_identification:_identify(src/gap_follow) by extensions ['ros']
[0.739s] Level 1:colcon.colcon_core.package_identification:_identify(src/gap_follow) by extension 'ros'
[0.741s] DEBUG:colcon.colcon_core.package_identification:Package 'src/gap_follow' with type 'ros.ament_python' and name 'gap_follow'
[0.741s] Level 1:colcon.colcon_core.package_identification:_identify(src/safety_pkg) by extensions ['ignore', 'ignore_ament_install']
[0.741s] Level 1:colcon.colcon_core.package_identification:_identify(src/safety_pkg) by extension 'ignore'
[0.742s] Level 1:colcon.colcon_core.package_identification:_identify(src/safety_pkg) by extension 'ignore_ament_install'
[0.742s] Level 1:colcon.colcon_core.package_identification:_identify(src/safety_pkg) by extensions ['colcon_pkg']
[0.742s] Level 1:colcon.colcon_core.package_identification:_identify(src/safety_pkg) by extension 'colcon_pkg'
[0.742s] Level 1:colcon.colcon_core.package_identification:_identify(src/safety_pkg) by extensions ['colcon_meta']
[0.742s] Level 1:colcon.colcon_core.package_identification:_identify(src/safety_pkg) by extension 'colcon_meta'
[0.742s] Level 1:colcon.colcon_core.package_identification:_identify(src/safety_pkg) by extensions ['ros']
[0.742s] Level 1:colcon.colcon_core.package_identification:_identify(src/safety_pkg) by extension 'ros'
[0.744s] DEBUG:colcon.colcon_core.package_identification:Package 'src/safety_pkg' with type 'ros.ament_python' and name 'safety_pkg'
[0.744s] Level 1:colcon.colcon_core.package_identification:_identify(src/test_5M) by extensions ['ignore', 'ignore_ament_install']
[0.744s] Level 1:colcon.colcon_core.package_identification:_identify(src/test_5M) by extension 'ignore'
[0.744s] Level 1:colcon.colcon_core.package_identification:_identify(src/test_5M) by extension 'ignore_ament_install'
[0.745s] Level 1:colcon.colcon_core.package_identification:_identify(src/test_5M) by extensions ['colcon_pkg']
[0.745s] Level 1:colcon.colcon_core.package_identification:_identify(src/test_5M) by extension 'colcon_pkg'
[0.745s] Level 1:colcon.colcon_core.package_identification:_identify(src/test_5M) by extensions ['colcon_meta']
[0.745s] Level 1:colcon.colcon_core.package_identification:_identify(src/test_5M) by extension 'colcon_meta'
[0.745s] Level 1:colcon.colcon_core.package_identification:_identify(src/test_5M) by extensions ['ros']
[0.745s] Level 1:colcon.colcon_core.package_identification:_identify(src/test_5M) by extension 'ros'
[0.747s] DEBUG:colcon.colcon_core.package_identification:Package 'src/test_5M' with type 'ros.ament_python' and name '5M_test'
[0.747s] Level 1:colcon.colcon_core.package_identification:_identify(src/wall_follower) by extensions ['ignore', 'ignore_ament_install']
[0.747s] Level 1:colcon.colcon_core.package_identification:_identify(src/wall_follower) by extension 'ignore'
[0.747s] Level 1:colcon.colcon_core.package_identification:_identify(src/wall_follower) by extension 'ignore_ament_install'
[0.748s] Level 1:colcon.colcon_core.package_identification:_identify(src/wall_follower) by extensions ['colcon_pkg']
[0.748s] Level 1:colcon.colcon_core.package_identification:_identify(src/wall_follower) by extension 'colcon_pkg'
[0.748s] Level 1:colcon.colcon_core.package_identification:_identify(src/wall_follower) by extensions ['colcon_meta']
[0.748s] Level 1:colcon.colcon_core.package_identification:_identify(src/wall_follower) by extension 'colcon_meta'
[0.748s] Level 1:colcon.colcon_core.package_identification:_identify(src/wall_follower) by extensions ['ros']
[0.748s] Level 1:colcon.colcon_core.package_identification:_identify(src/wall_follower) by extension 'ros'
[0.750s] DEBUG:colcon.colcon_core.package_identification:Package 'src/wall_follower' with type 'ros.ament_python' and name 'wall_follower'
[0.750s] Level 1:colcon.colcon_core.package_discovery:discover_packages(recursive) using defaults
[0.750s] Level 1:colcon.colcon_core.package_discovery:discover_packages(ignore) discover
[0.750s] Level 1:colcon.colcon_core.package_discovery:discover_packages(ignore) using defaults
[0.750s] Level 1:colcon.colcon_core.package_discovery:discover_packages(path) discover
[0.750s] Level 1:colcon.colcon_core.package_discovery:discover_packages(path) using defaults
[0.832s] Level 1:colcon.colcon_core.package_discovery:discover_packages(prefix_path) check parameters
[0.833s] Level 1:colcon.colcon_core.package_discovery:discover_packages(prefix_path) discover
[0.839s] DEBUG:colcon.colcon_installed_package_information.package_discovery:Found 7 installed packages in /home/darc-f1-01/ros2_ws/install
[0.841s] DEBUG:colcon.colcon_installed_package_information.package_discovery:Found 14 installed packages in /home/darc-f1-01/f1tenth_ws/install
[0.844s] DEBUG:colcon.colcon_installed_package_information.package_discovery:Found 288 installed packages in /opt/ros/humble
[0.847s] Level 1:colcon.colcon_core.package_discovery:discover_packages(prefix_path) using defaults
[0.937s] Level 5:colcon.colcon_core.verb:set package '5M_test' build argument 'cmake_args' from command line to 'None'
[0.938s] Level 5:colcon.colcon_core.verb:set package '5M_test' build argument 'cmake_target' from command line to 'None'
[0.938s] Level 5:colcon.colcon_core.verb:set package '5M_test' build argument 'cmake_target_skip_unavailable' from command line to 'False'
[0.938s] Level 5:colcon.colcon_core.verb:set package '5M_test' build argument 'cmake_clean_cache' from command line to 'False'
[0.938s] Level 5:colcon.colcon_core.verb:set package '5M_test' build argument 'cmake_clean_first' from command line to 'False'
[0.938s] Level 5:colcon.colcon_core.verb:set package '5M_test' build argument 'cmake_force_configure' from command line to 'False'
[0.938s] Level 5:colcon.colcon_core.verb:set package '5M_test' build argument 'ament_cmake_args' from command line to 'None'
[0.938s] Level 5:colcon.colcon_core.verb:set package '5M_test' build argument 'catkin_cmake_args' from command line to 'None'
[0.938s] Level 5:colcon.colcon_core.verb:set package '5M_test' build argument 'catkin_skip_building_tests' from command line to 'False'
[0.938s] DEBUG:colcon.colcon_core.verb:Building package '5M_test' with the following arguments: {'ament_cmake_args': None, 'build_base': '/home/darc-f1-01/ros2_ws/build/5M_test', 'catkin_cmake_args': None, 'catkin_skip_building_tests': False, 'cmake_args': None, 'cmake_clean_cache': False, 'cmake_clean_first': False, 'cmake_force_configure': False, 'cmake_target': None, 'cmake_target_skip_unavailable': False, 'install_base': '/home/darc-f1-01/ros2_ws/install/5M_test', 'merge_install': False, 'path': '/home/darc-f1-01/ros2_ws/src/test_5M', 'symlink_install': False, 'test_result_base': None}
[0.939s] Level 5:colcon.colcon_core.verb:set package 'drive2' build argument 'cmake_args' from command line to 'None'
[0.939s] Level 5:colcon.colcon_core.verb:set package 'drive2' build argument 'cmake_target' from command line to 'None'
[0.939s] Level 5:colcon.colcon_core.verb:set package 'drive2' build argument 'cmake_target_skip_unavailable' from command line to 'False'
[0.939s] Level 5:colcon.colcon_core.verb:set package 'drive2' build argument 'cmake_clean_cache' from command line to 'False'
[0.939s] Level 5:colcon.colcon_core.verb:set package 'drive2' build argument 'cmake_clean_first' from command line to 'False'
[0.939s] Level 5:colcon.colcon_core.verb:set package 'drive2' build argument 'cmake_force_configure' from command line to 'False'
[0.939s] Level 5:colcon.colcon_core.verb:set package 'drive2' build argument 'ament_cmake_args' from command line to 'None'
[0.939s] Level 5:colcon.colcon_core.verb:set package 'drive2' build argument 'catkin_cmake_args' from command line to 'None'
[0.940s] Level 5:colcon.colcon_core.verb:set package 'drive2' build argument 'catkin_skip_building_tests' from command line to 'False'
[0.940s] DEBUG:colcon.colcon_core.verb:Building package 'drive2' with the following arguments: {'ament_cmake_args': None, 'build_base': '/home/darc-f1-01/ros2_ws/build/drive2', 'catkin_cmake_args': None, 'catkin_skip_building_tests': False, 'cmake_args': None, 'cmake_clean_cache': False, 'cmake_clean_first': False, 'cmake_force_configure': False, 'cmake_target': None, 'cmake_target_skip_unavailable': False, 'install_base': '/home/darc-f1-01/ros2_ws/install/drive2', 'merge_install': False, 'path': '/home/darc-f1-01/ros2_ws/src/drive2', 'symlink_install': False, 'test_result_base': None}
[0.940s] Level 5:colcon.colcon_core.verb:set package 'gap_follow' build argument 'cmake_args' from command line to 'None'
[0.940s] Level 5:colcon.colcon_core.verb:set package 'gap_follow' build argument 'cmake_target' from command line to 'None'
[0.940s] Level 5:colcon.colcon_core.verb:set package 'gap_follow' build argument 'cmake_target_skip_unavailable' from command line to 'False'
[0.940s] Level 5:colcon.colcon_core.verb:set package 'gap_follow' build argument 'cmake_clean_cache' from command line to 'False'
[0.941s] Level 5:colcon.colcon_core.verb:set package 'gap_follow' build argument 'cmake_clean_first' from command line to 'False'
[0.941s] Level 5:colcon.colcon_core.verb:set package 'gap_follow' build argument 'cmake_force_configure' from command line to 'False'
[0.941s] Level 5:colcon.colcon_core.verb:set package 'gap_follow' build argument 'ament_cmake_args' from command line to 'None'
[0.941s] Level 5:colcon.colcon_core.verb:set package 'gap_follow' build argument 'catkin_cmake_args' from command line to 'None'
[0.941s] Level 5:colcon.colcon_core.verb:set package 'gap_follow' build argument 'catkin_skip_building_tests' from command line to 'False'
[0.941s] DEBUG:colcon.colcon_core.verb:Building package 'gap_follow' with the following arguments: {'ament_cmake_args': None, 'build_base': '/home/darc-f1-01/ros2_ws/build/gap_follow', 'catkin_cmake_args': None, 'catkin_skip_building_tests': False, 'cmake_args': None, 'cmake_clean_cache': False, 'cmake_clean_first': False, 'cmake_force_configure': False, 'cmake_target': None, 'cmake_target_skip_unavailable': False, 'install_base': '/home/darc-f1-01/ros2_ws/install/gap_follow', 'merge_install': False, 'path': '/home/darc-f1-01/ros2_ws/src/gap_follow', 'symlink_install': False, 'test_result_base': None}
[0.942s] Level 5:colcon.colcon_core.verb:set package 'safety_pkg' build argument 'cmake_args' from command line to 'None'
[0.942s] Level 5:colcon.colcon_core.verb:set package 'safety_pkg' build argument 'cmake_target' from command line to 'None'
[0.942s] Level 5:colcon.colcon_core.verb:set package 'safety_pkg' build argument 'cmake_target_skip_unavailable' from command line to 'False'
[0.942s] Level 5:colcon.colcon_core.verb:set package 'safety_pkg' build argument 'cmake_clean_cache' from command line to 'False'
[0.942s] Level 5:colcon.colcon_core.verb:set package 'safety_pkg' build argument 'cmake_clean_first' from command line to 'False'
[0.942s] Level 5:colcon.colcon_core.verb:set package 'safety_pkg' build argument 'cmake_force_configure' from command line to 'False'
[0.942s] Level 5:colcon.colcon_core.verb:set package 'safety_pkg' build argument 'ament_cmake_args' from command line to 'None'
[0.942s] Level 5:colcon.colcon_core.verb:set package 'safety_pkg' build argument 'catkin_cmake_args' from command line to 'None'
[0.942s] Level 5:colcon.colcon_core.verb:set package 'safety_pkg' build argument 'catkin_skip_building_tests' from command line to 'False'
[0.942s] DEBUG:colcon.colcon_core.verb:Building package 'safety_pkg' with the following arguments: {'ament_cmake_args': None, 'build_base': '/home/darc-f1-01/ros2_ws/build/safety_pkg', 'catkin_cmake_args': None, 'catkin_skip_building_tests': False, 'cmake_args': None, 'cmake_clean_cache': False, 'cmake_clean_first': False, 'cmake_force_configure': False, 'cmake_target': None, 'cmake_target_skip_unavailable': False, 'install_base': '/home/darc-f1-01/ros2_ws/install/safety_pkg', 'merge_install': False, 'path': '/home/darc-f1-01/ros2_ws/src/safety_pkg', 'symlink_install': False, 'test_result_base': None}
[0.943s] Level 5:colcon.colcon_core.verb:set package 'wall_follower' build argument 'cmake_args' from command line to 'None'
[0.943s] Level 5:colcon.colcon_core.verb:set package 'wall_follower' build argument 'cmake_target' from command line to 'None'
[0.943s] Level 5:colcon.colcon_core.verb:set package 'wall_follower' build argument 'cmake_target_skip_unavailable' from command line to 'False'
[0.943s] Level 5:colcon.colcon_core.verb:set package 'wall_follower' build argument 'cmake_clean_cache' from command line to 'False'
[0.943s] Level 5:colcon.colcon_core.verb:set package 'wall_follower' build argument 'cmake_clean_first' from command line to 'False'
[0.943s] Level 5:colcon.colcon_core.verb:set package 'wall_follower' build argument 'cmake_force_configure' from command line to 'False'
[0.943s] Level 5:colcon.colcon_core.verb:set package 'wall_follower' build argument 'ament_cmake_args' from command line to 'None'
[0.943s] Level 5:colcon.colcon_core.verb:set package 'wall_follower' build argument 'catkin_cmake_args' from command line to 'None'
[0.943s] Level 5:colcon.colcon_core.verb:set package 'wall_follower' build argument 'catkin_skip_building_tests' from command line to 'False'
[0.943s] DEBUG:colcon.colcon_core.verb:Building package 'wall_follower' with the following arguments: {'ament_cmake_args': None, 'build_base': '/home/darc-f1-01/ros2_ws/build/wall_follower', 'catkin_cmake_args': None, 'catkin_skip_building_tests': False, 'cmake_args': None, 'cmake_clean_cache': False, 'cmake_clean_first': False, 'cmake_force_configure': False, 'cmake_target': None, 'cmake_target_skip_unavailable': False, 'install_base': '/home/darc-f1-01/ros2_ws/install/wall_follower', 'merge_install': False, 'path': '/home/darc-f1-01/ros2_ws/src/wall_follower', 'symlink_install': False, 'test_result_base': None}
[0.944s] INFO:colcon.colcon_core.executor:Executing jobs using 'parallel' executor
[0.946s] DEBUG:colcon.colcon_parallel_executor.executor.parallel:run_until_complete
[0.947s] INFO:colcon.colcon_ros.task.ament_python.build:Building ROS package in '/home/darc-f1-01/ros2_ws/src/test_5M' with build type 'ament_python'
[0.947s] Level 1:colcon.colcon_core.shell:create_environment_hook('5M_test', 'ament_prefix_path')
[0.953s] INFO:colcon.colcon_core.plugin_system:Skipping extension 'colcon_core.shell.bat': Not used on non-Windows systems
[0.953s] INFO:colcon.colcon_core.shell:Creating environment hook '/home/darc-f1-01/ros2_ws/install/5M_test/share/5M_test/hook/ament_prefix_path.ps1'
[0.955s] INFO:colcon.colcon_core.shell:Creating environment descriptor '/home/darc-f1-01/ros2_ws/install/5M_test/share/5M_test/hook/ament_prefix_path.dsv'
[0.956s] INFO:colcon.colcon_core.shell:Creating environment hook '/home/darc-f1-01/ros2_ws/install/5M_test/share/5M_test/hook/ament_prefix_path.sh'
[0.958s] INFO:colcon.colcon_core.shell:Skip shell extension 'powershell' for command environment: Not usable outside of PowerShell
[0.958s] DEBUG:colcon.colcon_core.shell:Skip shell extension 'dsv' for command environment
[0.969s] INFO:colcon.colcon_ros.task.ament_python.build:Building ROS package in '/home/darc-f1-01/ros2_ws/src/drive2' with build type 'ament_python'
[0.969s] Level 1:colcon.colcon_core.shell:create_environment_hook('drive2', 'ament_prefix_path')
[0.970s] INFO:colcon.colcon_core.shell:Creating environment hook '/home/darc-f1-01/ros2_ws/install/drive2/share/drive2/hook/ament_prefix_path.ps1'
[0.971s] INFO:colcon.colcon_core.shell:Creating environment descriptor '/home/darc-f1-01/ros2_ws/install/drive2/share/drive2/hook/ament_prefix_path.dsv'
[0.972s] INFO:colcon.colcon_core.shell:Creating environment hook '/home/darc-f1-01/ros2_ws/install/drive2/share/drive2/hook/ament_prefix_path.sh'
[0.973s] INFO:colcon.colcon_core.shell:Skip shell extension 'powershell' for command environment: Not usable outside of PowerShell
[0.973s] DEBUG:colcon.colcon_core.shell:Skip shell extension 'dsv' for command environment
[0.983s] INFO:colcon.colcon_ros.task.ament_python.build:Building ROS package in '/home/darc-f1-01/ros2_ws/src/gap_follow' with build type 'ament_python'
[0.984s] Level 1:colcon.colcon_core.shell:create_environment_hook('gap_follow', 'ament_prefix_path')
[0.984s] INFO:colcon.colcon_core.shell:Creating environment hook '/home/darc-f1-01/ros2_ws/install/gap_follow/share/gap_follow/hook/ament_prefix_path.ps1'
[0.985s] INFO:colcon.colcon_core.shell:Creating environment descriptor '/home/darc-f1-01/ros2_ws/install/gap_follow/share/gap_follow/hook/ament_prefix_path.dsv'
[0.986s] INFO:colcon.colcon_core.shell:Creating environment hook '/home/darc-f1-01/ros2_ws/install/gap_follow/share/gap_follow/hook/ament_prefix_path.sh'
[0.987s] INFO:colcon.colcon_core.shell:Skip shell extension 'powershell' for command environment: Not usable outside of PowerShell
[0.988s] DEBUG:colcon.colcon_core.shell:Skip shell extension 'dsv' for command environment
[0.999s] INFO:colcon.colcon_ros.task.ament_python.build:Building ROS package in '/home/darc-f1-01/ros2_ws/src/safety_pkg' with build type 'ament_python'
[1.000s] Level 1:colcon.colcon_core.shell:create_environment_hook('safety_pkg', 'ament_prefix_path')
[1.000s] INFO:colcon.colcon_core.shell:Creating environment hook '/home/darc-f1-01/ros2_ws/install/safety_pkg/share/safety_pkg/hook/ament_prefix_path.ps1'
[1.002s] INFO:colcon.colcon_core.shell:Creating environment descriptor '/home/darc-f1-01/ros2_ws/install/safety_pkg/share/safety_pkg/hook/ament_prefix_path.dsv'
[1.003s] INFO:colcon.colcon_core.shell:Creating environment hook '/home/darc-f1-01/ros2_ws/install/safety_pkg/share/safety_pkg/hook/ament_prefix_path.sh'
[1.004s] INFO:colcon.colcon_core.shell:Skip shell extension 'powershell' for command environment: Not usable outside of PowerShell
[1.004s] DEBUG:colcon.colcon_core.shell:Skip shell extension 'dsv' for command environment
[1.013s] INFO:colcon.colcon_ros.task.ament_python.build:Building ROS package in '/home/darc-f1-01/ros2_ws/src/wall_follower' with build type 'ament_python'
[1.014s] Level 1:colcon.colcon_core.shell:create_environment_hook('wall_follower', 'ament_prefix_path')
[1.015s] INFO:colcon.colcon_core.shell:Creating environment hook '/home/darc-f1-01/ros2_ws/install/wall_follower/share/wall_follower/hook/ament_prefix_path.ps1'
[1.016s] INFO:colcon.colcon_core.shell:Creating environment descriptor '/home/darc-f1-01/ros2_ws/install/wall_follower/share/wall_follower/hook/ament_prefix_path.dsv'
[1.017s] INFO:colcon.colcon_core.shell:Creating environment hook '/home/darc-f1-01/ros2_ws/install/wall_follower/share/wall_follower/hook/ament_prefix_path.sh'
[1.018s] INFO:colcon.colcon_core.shell:Skip shell extension 'powershell' for command environment: Not usable outside of PowerShell
[1.018s] DEBUG:colcon.colcon_core.shell:Skip shell extension 'dsv' for command environment
[1.706s] WARNING:colcon.colcon_ros.task.ament_python.build:Package '5M_test' doesn't explicitly install a marker in the package index (colcon-ros currently does it implicitly but that fallback will be removed in the future)
[1.707s] WARNING:colcon.colcon_ros.task.ament_python.build:Package '5M_test' doesn't explicitly install the 'package.xml' file (colcon-ros currently does it implicitly but that fallback will be removed in the future)
[1.707s] INFO:colcon.colcon_core.task.python.build:Building Python package in '/home/darc-f1-01/ros2_ws/src/test_5M'
[1.708s] INFO:colcon.colcon_core.shell:Skip shell extension 'powershell' for command environment: Not usable outside of PowerShell
[1.708s] DEBUG:colcon.colcon_core.shell:Skip shell extension 'dsv' for command environment
[2.402s] INFO:colcon.colcon_core.task.python.build:Building Python package in '/home/darc-f1-01/ros2_ws/src/drive2'
[2.403s] INFO:colcon.colcon_core.shell:Skip shell extension 'powershell' for command environment: Not usable outside of PowerShell
[2.403s] DEBUG:colcon.colcon_core.shell:Skip shell extension 'dsv' for command environment
[3.100s] INFO:colcon.colcon_core.task.python.build:Building Python package in '/home/darc-f1-01/ros2_ws/src/gap_follow'
[3.101s] INFO:colcon.colcon_core.shell:Skip shell extension 'powershell' for command environment: Not usable outside of PowerShell
[3.102s] DEBUG:colcon.colcon_core.shell:Skip shell extension 'dsv' for command environment
[3.794s] INFO:colcon.colcon_core.task.python.build:Building Python package in '/home/darc-f1-01/ros2_ws/src/safety_pkg'
[3.795s] INFO:colcon.colcon_core.shell:Skip shell extension 'powershell' for command environment: Not usable outside of PowerShell
[3.795s] DEBUG:colcon.colcon_core.shell:Skip shell extension 'dsv' for command environment
[4.473s] INFO:colcon.colcon_core.task.python.build:Building Python package in '/home/darc-f1-01/ros2_ws/src/wall_follower'
[4.474s] INFO:colcon.colcon_core.shell:Skip shell extension 'powershell' for command environment: Not usable outside of PowerShell
[4.475s] DEBUG:colcon.colcon_core.shell:Skip shell extension 'dsv' for command environment
[5.439s] DEBUG:colcon.colcon_core.event_handler.log_command:Invoking command in '/home/darc-f1-01/ros2_ws/src/gap_follow': PYTHONPATH=/home/darc-f1-01/ros2_ws/build/gap_follow/prefix_override:/usr/lib/python3/dist-packages/colcon_core/task/python/colcon_distutils_commands:/home/darc-f1-01/ros2_ws/install/gap_follow/lib/python3.10/site-packages:${PYTHONPATH} /usr/bin/python3 -W ignore:setup.py install is deprecated -W ignore:easy_install command is deprecated setup.py egg_info --egg-base ../../build/gap_follow build --build-base /home/darc-f1-01/ros2_ws/build/gap_follow/build install --record /home/darc-f1-01/ros2_ws/build/gap_follow/install.log --single-version-externally-managed install_data
[5.452s] DEBUG:colcon.colcon_core.event_handler.log_command:Invoking command in '/home/darc-f1-01/ros2_ws/src/drive2': PYTHONPATH=/home/darc-f1-01/ros2_ws/build/drive2/prefix_override:/usr/lib/python3/dist-packages/colcon_core/task/python/colcon_distutils_commands:/home/darc-f1-01/ros2_ws/install/drive2/lib/python3.10/site-packages:${PYTHONPATH} /usr/bin/python3 -W ignore:setup.py install is deprecated -W ignore:easy_install command is deprecated setup.py egg_info --egg-base ../../build/drive2 build --build-base /home/darc-f1-01/ros2_ws/build/drive2/build install --record /home/darc-f1-01/ros2_ws/build/drive2/install.log --single-version-externally-managed install_data
[5.459s] DEBUG:colcon.colcon_core.event_handler.log_command:Invoking command in '/home/darc-f1-01/ros2_ws/src/test_5M': PYTHONPATH=/home/darc-f1-01/ros2_ws/build/5M_test/prefix_override:/usr/lib/python3/dist-packages/colcon_core/task/python/colcon_distutils_commands:/home/darc-f1-01/ros2_ws/install/5M_test/lib/python3.10/site-packages:${PYTHONPATH} /usr/bin/python3 -W ignore:setup.py install is deprecated -W ignore:easy_install command is deprecated setup.py egg_info --egg-base ../../build/5M_test build --build-base /home/darc-f1-01/ros2_ws/build/5M_test/build install --record /home/darc-f1-01/ros2_ws/build/5M_test/install.log --single-version-externally-managed install_data
[5.491s] DEBUG:colcon.colcon_core.event_handler.log_command:Invoking command in '/home/darc-f1-01/ros2_ws/src/safety_pkg': PYTHONPATH=/home/darc-f1-01/ros2_ws/build/safety_pkg/prefix_override:/usr/lib/python3/dist-packages/colcon_core/task/python/colcon_distutils_commands:/home/darc-f1-01/ros2_ws/install/safety_pkg/lib/python3.10/site-packages:${PYTHONPATH} /usr/bin/python3 -W ignore:setup.py install is deprecated -W ignore:easy_install command is deprecated setup.py egg_info --egg-base ../../build/safety_pkg build --build-base /home/darc-f1-01/ros2_ws/build/safety_pkg/build install --record /home/darc-f1-01/ros2_ws/build/safety_pkg/install.log --single-version-externally-managed install_data
[5.560s] DEBUG:colcon.colcon_core.event_handler.log_command:Invoking command in '/home/darc-f1-01/ros2_ws/src/wall_follower': PYTHONPATH=/home/darc-f1-01/ros2_ws/build/wall_follower/prefix_override:/usr/lib/python3/dist-packages/colcon_core/task/python/colcon_distutils_commands:/home/darc-f1-01/ros2_ws/install/wall_follower/lib/python3.10/site-packages:${PYTHONPATH} /usr/bin/python3 -W ignore:setup.py install is deprecated -W ignore:easy_install command is deprecated setup.py egg_info --egg-base ../../build/wall_follower build --build-base /home/darc-f1-01/ros2_ws/build/wall_follower/build install --record /home/darc-f1-01/ros2_ws/build/wall_follower/install.log --single-version-externally-managed install_data
[6.229s] DEBUG:colcon.colcon_core.event_handler.log_command:Invoked command in '/home/darc-f1-01/ros2_ws/src/test_5M' returned '1': PYTHONPATH=/home/darc-f1-01/ros2_ws/build/5M_test/prefix_override:/usr/lib/python3/dist-packages/colcon_core/task/python/colcon_distutils_commands:/home/darc-f1-01/ros2_ws/install/5M_test/lib/python3.10/site-packages:${PYTHONPATH} /usr/bin/python3 -W ignore:setup.py install is deprecated -W ignore:easy_install command is deprecated setup.py egg_info --egg-base ../../build/5M_test build --build-base /home/darc-f1-01/ros2_ws/build/5M_test/build install --record /home/darc-f1-01/ros2_ws/build/5M_test/install.log --single-version-externally-managed install_data
[6.430s] DEBUG:colcon.colcon_parallel_executor.executor.parallel:closing loop
[6.431s] DEBUG:colcon.colcon_parallel_executor.executor.parallel:loop closed
[6.431s] DEBUG:colcon.colcon_parallel_executor.executor.parallel:run_until_complete finished with '1'
[6.431s] DEBUG:colcon.colcon_core.event_reactor:joining thread
[6.456s] INFO:colcon.colcon_core.plugin_system:Skipping extension 'colcon_notification.desktop_notification.terminal_notifier': Not used on non-Darwin systems
[6.456s] INFO:colcon.colcon_core.plugin_system:Skipping extension 'colcon_notification.desktop_notification.win32': Not used on non-Windows systems
[6.457s] INFO:colcon.colcon_notification.desktop_notification:Sending desktop notification using 'notify2'
[6.503s] DEBUG:colcon.colcon_core.event_reactor:joined thread
[6.505s] INFO:colcon.colcon_core.shell:Creating prefix script '/home/darc-f1-01/ros2_ws/install/local_setup.ps1'
[6.509s] INFO:colcon.colcon_core.shell:Creating prefix util module '/home/darc-f1-01/ros2_ws/install/_local_setup_util_ps1.py'
[6.514s] INFO:colcon.colcon_core.shell:Creating prefix chain script '/home/darc-f1-01/ros2_ws/install/setup.ps1'
[6.520s] INFO:colcon.colcon_core.shell:Creating prefix script '/home/darc-f1-01/ros2_ws/install/local_setup.sh'
[6.522s] INFO:colcon.colcon_core.shell:Creating prefix util module '/home/darc-f1-01/ros2_ws/install/_local_setup_util_sh.py'
[6.523s] INFO:colcon.colcon_core.shell:Creating prefix chain script '/home/darc-f1-01/ros2_ws/install/setup.sh'
[6.529s] INFO:colcon.colcon_core.shell:Creating prefix script '/home/darc-f1-01/ros2_ws/install/local_setup.bash'
[6.531s] INFO:colcon.colcon_core.shell:Creating prefix chain script '/home/darc-f1-01/ros2_ws/install/setup.bash'
[6.536s] INFO:colcon.colcon_core.shell:Creating prefix script '/home/darc-f1-01/ros2_ws/install/local_setup.zsh'
[6.537s] INFO:colcon.colcon_core.shell:Creating prefix chain script '/home/darc-f1-01/ros2_ws/install/setup.zsh'
