[4.481s] Invoking command in '/home/darc-f1-01/ros2_ws/src/safety_pkg': PYTHONPATH=/home/darc-f1-01/ros2_ws/build/safety_pkg/prefix_override:/usr/lib/python3/dist-packages/colcon_core/task/python/colcon_distutils_commands:/home/darc-f1-01/ros2_ws/install/safety_pkg/lib/python3.10/site-packages:${PYTHONPATH} /usr/bin/python3 -W ignore:setup.py install is deprecated -W ignore:easy_install command is deprecated setup.py egg_info --egg-base ../../build/safety_pkg build --build-base /home/darc-f1-01/ros2_ws/build/safety_pkg/build install --record /home/darc-f1-01/ros2_ws/build/safety_pkg/install.log --single-version-externally-managed install_data
[5.227s] running egg_info
[5.233s] writing ../../build/safety_pkg/safety_pkg.egg-info/PKG-INFO
[5.234s] writing dependency_links to ../../build/safety_pkg/safety_pkg.egg-info/dependency_links.txt
[5.234s] writing entry points to ../../build/safety_pkg/safety_pkg.egg-info/entry_points.txt
[5.234s] writing requirements to ../../build/safety_pkg/safety_pkg.egg-info/requires.txt
[5.234s] writing top-level names to ../../build/safety_pkg/safety_pkg.egg-info/top_level.txt
[5.237s] reading manifest file '../../build/safety_pkg/safety_pkg.egg-info/SOURCES.txt'
[5.239s] writing manifest file '../../build/safety_pkg/safety_pkg.egg-info/SOURCES.txt'
[5.239s] running build
[5.239s] running build_py
[5.240s] copying safety_pkg/safety_node.py -> /home/darc-f1-01/ros2_ws/build/safety_pkg/build/lib/safety_pkg
[5.240s] running install
[5.241s] running install_lib
[5.246s] copying /home/darc-f1-01/ros2_ws/build/safety_pkg/build/lib/safety_pkg/safety_node.py -> /home/darc-f1-01/ros2_ws/install/safety_pkg/lib/python3.10/site-packages/safety_pkg
[5.248s] byte-compiling /home/darc-f1-01/ros2_ws/install/safety_pkg/lib/python3.10/site-packages/safety_pkg/safety_node.py to safety_node.cpython-310.pyc
[5.250s] running install_data
[5.250s] running install_egg_info
[5.256s] removing '/home/darc-f1-01/ros2_ws/install/safety_pkg/lib/python3.10/site-packages/safety_pkg-0.0.0-py3.10.egg-info' (and everything under it)
[5.256s] Copying ../../build/safety_pkg/safety_pkg.egg-info to /home/darc-f1-01/ros2_ws/install/safety_pkg/lib/python3.10/site-packages/safety_pkg-0.0.0-py3.10.egg-info
[5.259s] running install_scripts
[5.320s] Installing safety_node script to /home/darc-f1-01/ros2_ws/install/safety_pkg/lib/safety_pkg
[5.320s] writing list of installed files to '/home/darc-f1-01/ros2_ws/build/safety_pkg/install.log'
[5.422s] Invoked command in '/home/darc-f1-01/ros2_ws/src/safety_pkg' returned '0': PYTHONPATH=/home/darc-f1-01/ros2_ws/build/safety_pkg/prefix_override:/usr/lib/python3/dist-packages/colcon_core/task/python/colcon_distutils_commands:/home/darc-f1-01/ros2_ws/install/safety_pkg/lib/python3.10/site-packages:${PYTHONPATH} /usr/bin/python3 -W ignore:setup.py install is deprecated -W ignore:easy_install command is deprecated setup.py egg_info --egg-base ../../build/safety_pkg build --build-base /home/darc-f1-01/ros2_ws/build/safety_pkg/build install --record /home/darc-f1-01/ros2_ws/build/safety_pkg/install.log --single-version-externally-managed install_data
