[5.261s] Invoking command in '/home/darc-f1-01/ros2_ws/src/AEB': PYTHONPATH=/home/darc-f1-01/ros2_ws/build/AEB/prefix_override:/usr/lib/python3/dist-packages/colcon_core/task/python/colcon_distutils_commands:/home/darc-f1-01/ros2_ws/install/AEB/lib/python3.10/site-packages:${PYTHONPATH} /usr/bin/python3 -W ignore:setup.py install is deprecated -W ignore:easy_install command is deprecated setup.py egg_info --egg-base ../../build/AEB build --build-base /home/darc-f1-01/ros2_ws/build/AEB/build install --record /home/darc-f1-01/ros2_ws/build/AEB/install.log --single-version-externally-managed install_data
[5.994s] running egg_info
[5.996s] writing ../../build/AEB/AEB.egg-info/PKG-INFO
[5.997s] writing dependency_links to ../../build/AEB/AEB.egg-info/dependency_links.txt
[5.998s] writing entry points to ../../build/AEB/AEB.egg-info/entry_points.txt
[5.999s] writing requirements to ../../build/AEB/AEB.egg-info/requires.txt
[6.000s] writing top-level names to ../../build/AEB/AEB.egg-info/top_level.txt
[6.006s] reading manifest file '../../build/AEB/AEB.egg-info/SOURCES.txt'
[6.009s] writing manifest file '../../build/AEB/AEB.egg-info/SOURCES.txt'
[6.009s] running build
[6.010s] running build_py
[6.015s] running install
[6.016s] running install_lib
[6.027s] running install_data
[6.029s] running install_egg_info
[6.036s] removing '/home/darc-f1-01/ros2_ws/install/AEB/lib/python3.10/site-packages/AEB-0.0.0-py3.10.egg-info' (and everything under it)
[6.040s] Copying ../../build/AEB/AEB.egg-info to /home/darc-f1-01/ros2_ws/install/AEB/lib/python3.10/site-packages/AEB-0.0.0-py3.10.egg-info
[6.043s] running install_scripts
[6.138s] Installing AEB script to /home/darc-f1-01/ros2_ws/install/AEB/lib/AEB
[6.138s] writing list of installed files to '/home/darc-f1-01/ros2_ws/build/AEB/install.log'
[6.867s] Invoked command in '/home/darc-f1-01/ros2_ws/src/AEB' returned '0': PYTHONPATH=/home/darc-f1-01/ros2_ws/build/AEB/prefix_override:/usr/lib/python3/dist-packages/colcon_core/task/python/colcon_distutils_commands:/home/darc-f1-01/ros2_ws/install/AEB/lib/python3.10/site-packages:${PYTHONPATH} /usr/bin/python3 -W ignore:setup.py install is deprecated -W ignore:easy_install command is deprecated setup.py egg_info --egg-base ../../build/AEB build --build-base /home/darc-f1-01/ros2_ws/build/AEB/build install --record /home/darc-f1-01/ros2_ws/build/AEB/install.log --single-version-externally-managed install_data
