[1.582s] Invoking command in '/home/darc-f1-01/ros2_ws/src/safety_pkg': PYTHONPATH=/home/darc-f1-01/ros2_ws/build/safety_pkg/prefix_override:/usr/lib/python3/dist-packages/colcon_core/task/python/colcon_distutils_commands:/home/darc-f1-01/ros2_ws/install/safety_pkg/lib/python3.10/site-packages:${PYTHONPATH} /usr/bin/python3 -W ignore:setup.py install is deprecated -W ignore:easy_install command is deprecated setup.py egg_info --egg-base ../../build/safety_pkg build --build-base /home/darc-f1-01/ros2_ws/build/safety_pkg/build install --record /home/darc-f1-01/ros2_ws/build/safety_pkg/install.log --single-version-externally-managed install_data
[2.206s] running egg_info
[2.207s] writing ../../build/safety_pkg/safety_pkg.egg-info/PKG-INFO
[2.208s] writing dependency_links to ../../build/safety_pkg/safety_pkg.egg-info/dependency_links.txt
[2.208s] writing entry points to ../../build/safety_pkg/safety_pkg.egg-info/entry_points.txt
[2.209s] writing requirements to ../../build/safety_pkg/safety_pkg.egg-info/requires.txt
[2.209s] writing top-level names to ../../build/safety_pkg/safety_pkg.egg-info/top_level.txt
[2.213s] reading manifest file '../../build/safety_pkg/safety_pkg.egg-info/SOURCES.txt'
[2.214s] writing manifest file '../../build/safety_pkg/safety_pkg.egg-info/SOURCES.txt'
[2.215s] running build
[2.215s] running build_py
[2.215s] copying safety_pkg/safety_node.py -> /home/darc-f1-01/ros2_ws/build/safety_pkg/build/lib/safety_pkg
[2.216s] running install
[2.216s] running install_lib
[2.220s] copying /home/darc-f1-01/ros2_ws/build/safety_pkg/build/lib/safety_pkg/safety_node.py -> /home/darc-f1-01/ros2_ws/install/safety_pkg/lib/python3.10/site-packages/safety_pkg
[2.222s] byte-compiling /home/darc-f1-01/ros2_ws/install/safety_pkg/lib/python3.10/site-packages/safety_pkg/safety_node.py to safety_node.cpython-310.pyc
[2.224s] running install_data
[2.225s] running install_egg_info
[2.229s] removing '/home/darc-f1-01/ros2_ws/install/safety_pkg/lib/python3.10/site-packages/safety_pkg-0.0.0-py3.10.egg-info' (and everything under it)
[2.230s] Copying ../../build/safety_pkg/safety_pkg.egg-info to /home/darc-f1-01/ros2_ws/install/safety_pkg/lib/python3.10/site-packages/safety_pkg-0.0.0-py3.10.egg-info
[2.232s] running install_scripts
[2.281s] Installing safety_node script to /home/darc-f1-01/ros2_ws/install/safety_pkg/lib/safety_pkg
[2.282s] writing list of installed files to '/home/darc-f1-01/ros2_ws/build/safety_pkg/install.log'
[2.357s] Invoked command in '/home/darc-f1-01/ros2_ws/src/safety_pkg' returned '0': PYTHONPATH=/home/darc-f1-01/ros2_ws/build/safety_pkg/prefix_override:/usr/lib/python3/dist-packages/colcon_core/task/python/colcon_distutils_commands:/home/darc-f1-01/ros2_ws/install/safety_pkg/lib/python3.10/site-packages:${PYTHONPATH} /usr/bin/python3 -W ignore:setup.py install is deprecated -W ignore:easy_install command is deprecated setup.py egg_info --egg-base ../../build/safety_pkg build --build-base /home/darc-f1-01/ros2_ws/build/safety_pkg/build install --record /home/darc-f1-01/ros2_ws/build/safety_pkg/install.log --single-version-externally-managed install_data
