running egg_info
creating ../../build/safety_pkg/safety_pkg.egg-info
writing ../../build/safety_pkg/safety_pkg.egg-info/PKG-INFO
writing dependency_links to ../../build/safety_pkg/safety_pkg.egg-info/dependency_links.txt
writing entry points to ../../build/safety_pkg/safety_pkg.egg-info/entry_points.txt
writing requirements to ../../build/safety_pkg/safety_pkg.egg-info/requires.txt
writing top-level names to ../../build/safety_pkg/safety_pkg.egg-info/top_level.txt
writing manifest file '../../build/safety_pkg/safety_pkg.egg-info/SOURCES.txt'
reading manifest file '../../build/safety_pkg/safety_pkg.egg-info/SOURCES.txt'
writing manifest file '../../build/safety_pkg/safety_pkg.egg-info/SOURCES.txt'
running build
running build_py
creating /home/darc-f1-01/ros2_ws/build/safety_pkg/build
creating /home/darc-f1-01/ros2_ws/build/safety_pkg/build/lib
creating /home/darc-f1-01/ros2_ws/build/safety_pkg/build/lib/safety_pkg
copying safety_pkg/__init__.py -> /home/darc-f1-01/ros2_ws/build/safety_pkg/build/lib/safety_pkg
copying safety_pkg/safety_node.py -> /home/darc-f1-01/ros2_ws/build/safety_pkg/build/lib/safety_pkg
running install
running install_lib
creating /home/darc-f1-01/ros2_ws/install/safety_pkg/lib/python3.10/site-packages/safety_pkg
copying /home/darc-f1-01/ros2_ws/build/safety_pkg/build/lib/safety_pkg/__init__.py -> /home/darc-f1-01/ros2_ws/install/safety_pkg/lib/python3.10/site-packages/safety_pkg
copying /home/darc-f1-01/ros2_ws/build/safety_pkg/build/lib/safety_pkg/safety_node.py -> /home/darc-f1-01/ros2_ws/install/safety_pkg/lib/python3.10/site-packages/safety_pkg
byte-compiling /home/darc-f1-01/ros2_ws/install/safety_pkg/lib/python3.10/site-packages/safety_pkg/__init__.py to __init__.cpython-310.pyc
byte-compiling /home/darc-f1-01/ros2_ws/install/safety_pkg/lib/python3.10/site-packages/safety_pkg/safety_node.py to safety_node.cpython-310.pyc
running install_data
creating /home/darc-f1-01/ros2_ws/install/safety_pkg/share/ament_index
creating /home/darc-f1-01/ros2_ws/install/safety_pkg/share/ament_index/resource_index
creating /home/darc-f1-01/ros2_ws/install/safety_pkg/share/ament_index/resource_index/packages
copying resource/safety_pkg -> /home/darc-f1-01/ros2_ws/install/safety_pkg/share/ament_index/resource_index/packages
copying package.xml -> /home/darc-f1-01/ros2_ws/install/safety_pkg/share/safety_pkg
running install_egg_info
Copying ../../build/safety_pkg/safety_pkg.egg-info to /home/darc-f1-01/ros2_ws/install/safety_pkg/lib/python3.10/site-packages/safety_pkg-0.0.0-py3.10.egg-info
running install_scripts
Installing safety_node script to /home/darc-f1-01/ros2_ws/install/safety_pkg/lib/safety_pkg
writing list of installed files to '/home/darc-f1-01/ros2_ws/build/safety_pkg/install.log'
