[2.321s] Invoking command in '/home/darc-f1-01/ros2_ws/src/drive2': PYTHONPATH=/home/darc-f1-01/ros2_ws/build/drive2/prefix_override:/usr/lib/python3/dist-packages/colcon_core/task/python/colcon_distutils_commands:/home/darc-f1-01/ros2_ws/install/drive2/lib/python3.10/site-packages:${PYTHONPATH} /usr/bin/python3 -W ignore:setup.py install is deprecated -W ignore:easy_install command is deprecated setup.py egg_info --egg-base ../../build/drive2 build --build-base /home/darc-f1-01/ros2_ws/build/drive2/build install --record /home/darc-f1-01/ros2_ws/build/drive2/install.log --single-version-externally-managed install_data
[2.927s] running egg_info
[2.929s] writing ../../build/drive2/drive2.egg-info/PKG-INFO
[2.929s] writing dependency_links to ../../build/drive2/drive2.egg-info/dependency_links.txt
[2.930s] writing entry points to ../../build/drive2/drive2.egg-info/entry_points.txt
[2.930s] writing requirements to ../../build/drive2/drive2.egg-info/requires.txt
[2.930s] writing top-level names to ../../build/drive2/drive2.egg-info/top_level.txt
[2.935s] reading manifest file '../../build/drive2/drive2.egg-info/SOURCES.txt'
[2.937s] writing manifest file '../../build/drive2/drive2.egg-info/SOURCES.txt'
[2.937s] running build
[2.937s] running build_py
[2.937s] running install
[2.938s] running install_lib
[2.944s] running install_data
[2.944s] running install_egg_info
[2.949s] removing '/home/darc-f1-01/ros2_ws/install/drive2/lib/python3.10/site-packages/drive2-0.0.0-py3.10.egg-info' (and everything under it)
[2.949s] Copying ../../build/drive2/drive2.egg-info to /home/darc-f1-01/ros2_ws/install/drive2/lib/python3.10/site-packages/drive2-0.0.0-py3.10.egg-info
[2.951s] running install_scripts
[3.001s] Installing drive2 script to /home/darc-f1-01/ros2_ws/install/drive2/lib/drive2
[3.001s] writing list of installed files to '/home/darc-f1-01/ros2_ws/build/drive2/install.log'
[3.125s] Invoked command in '/home/darc-f1-01/ros2_ws/src/drive2' returned '0': PYTHONPATH=/home/darc-f1-01/ros2_ws/build/drive2/prefix_override:/usr/lib/python3/dist-packages/colcon_core/task/python/colcon_distutils_commands:/home/darc-f1-01/ros2_ws/install/drive2/lib/python3.10/site-packages:${PYTHONPATH} /usr/bin/python3 -W ignore:setup.py install is deprecated -W ignore:easy_install command is deprecated setup.py egg_info --egg-base ../../build/drive2 build --build-base /home/darc-f1-01/ros2_ws/build/drive2/build install --record /home/darc-f1-01/ros2_ws/build/drive2/install.log --single-version-externally-managed install_data
