[5.534s] Invoking command in '/home/darc-f1-01/ros2_ws/src/wall_follower': PYTHONPATH=/home/darc-f1-01/ros2_ws/build/wall_follower/prefix_override:/usr/lib/python3/dist-packages/colcon_core/task/python/colcon_distutils_commands:/home/darc-f1-01/ros2_ws/install/wall_follower/lib/python3.10/site-packages:${PYTHONPATH} /usr/bin/python3 -W ignore:setup.py install is deprecated -W ignore:easy_install command is deprecated setup.py egg_info --egg-base ../../build/wall_follower build --build-base /home/darc-f1-01/ros2_ws/build/wall_follower/build install --record /home/darc-f1-01/ros2_ws/build/wall_follower/install.log --single-version-externally-managed install_data
[6.378s] running egg_info
[6.380s] writing ../../build/wall_follower/wall_follower.egg-info/PKG-INFO
[6.380s] writing dependency_links to ../../build/wall_follower/wall_follower.egg-info/dependency_links.txt
[6.381s] writing entry points to ../../build/wall_follower/wall_follower.egg-info/entry_points.txt
[6.381s] writing requirements to ../../build/wall_follower/wall_follower.egg-info/requires.txt
[6.382s] writing top-level names to ../../build/wall_follower/wall_follower.egg-info/top_level.txt
[6.386s] reading manifest file '../../build/wall_follower/wall_follower.egg-info/SOURCES.txt'
[6.388s] writing manifest file '../../build/wall_follower/wall_follower.egg-info/SOURCES.txt'
[6.388s] running build
[6.388s] running build_py
[6.389s] copying wall_follower/wall_follower.py -> /home/darc-f1-01/ros2_ws/build/wall_follower/build/lib/wall_follower
[6.389s] running install
[6.390s] running install_lib
[6.395s] copying /home/darc-f1-01/ros2_ws/build/wall_follower/build/lib/wall_follower/wall_follower.py -> /home/darc-f1-01/ros2_ws/install/wall_follower/lib/python3.10/site-packages/wall_follower
[6.398s] byte-compiling /home/darc-f1-01/ros2_ws/install/wall_follower/lib/python3.10/site-packages/wall_follower/wall_follower.py to wall_follower.cpython-310.pyc
[6.401s] running install_data
[6.401s] running install_egg_info
[6.406s] removing '/home/darc-f1-01/ros2_ws/install/wall_follower/lib/python3.10/site-packages/wall_follower-0.0.0-py3.10.egg-info' (and everything under it)
[6.407s] Copying ../../build/wall_follower/wall_follower.egg-info to /home/darc-f1-01/ros2_ws/install/wall_follower/lib/python3.10/site-packages/wall_follower-0.0.0-py3.10.egg-info
[6.409s] running install_scripts
[6.467s] Installing wall_follower script to /home/darc-f1-01/ros2_ws/install/wall_follower/lib/wall_follower
[6.469s] writing list of installed files to '/home/darc-f1-01/ros2_ws/build/wall_follower/install.log'
[6.557s] Invoked command in '/home/darc-f1-01/ros2_ws/src/wall_follower' returned '0': PYTHONPATH=/home/darc-f1-01/ros2_ws/build/wall_follower/prefix_override:/usr/lib/python3/dist-packages/colcon_core/task/python/colcon_distutils_commands:/home/darc-f1-01/ros2_ws/install/wall_follower/lib/python3.10/site-packages:${PYTHONPATH} /usr/bin/python3 -W ignore:setup.py install is deprecated -W ignore:easy_install command is deprecated setup.py egg_info --egg-base ../../build/wall_follower build --build-base /home/darc-f1-01/ros2_ws/build/wall_follower/build install --record /home/darc-f1-01/ros2_ws/build/wall_follower/install.log --single-version-externally-managed install_data
