[3.741s] Invoking command in '/home/darc-f1-01/ros2_ws/src/drive2': PYTHONPATH=/home/darc-f1-01/ros2_ws/build/drive2/prefix_override:/usr/lib/python3/dist-packages/colcon_core/task/python/colcon_distutils_commands:/home/darc-f1-01/ros2_ws/install/drive2/lib/python3.10/site-packages:${PYTHONPATH} /usr/bin/python3 -W ignore:setup.py install is deprecated -W ignore:easy_install command is deprecated setup.py egg_info --egg-base ../../build/drive2 build --build-base /home/darc-f1-01/ros2_ws/build/drive2/build install --record /home/darc-f1-01/ros2_ws/build/drive2/install.log --single-version-externally-managed install_data
[4.377s] running egg_info
[4.378s] writing ../../build/drive2/drive2.egg-info/PKG-INFO
[4.378s] writing dependency_links to ../../build/drive2/drive2.egg-info/dependency_links.txt
[4.379s] writing entry points to ../../build/drive2/drive2.egg-info/entry_points.txt
[4.379s] writing requirements to ../../build/drive2/drive2.egg-info/requires.txt
[4.380s] writing top-level names to ../../build/drive2/drive2.egg-info/top_level.txt
[4.383s] reading manifest file '../../build/drive2/drive2.egg-info/SOURCES.txt'
[4.385s] writing manifest file '../../build/drive2/drive2.egg-info/SOURCES.txt'
[4.385s] running build
[4.386s] running build_py
[4.386s] running install
[4.387s] running install_lib
[4.395s] running install_data
[4.395s] running install_egg_info
[4.398s] removing '/home/darc-f1-01/ros2_ws/install/drive2/lib/python3.10/site-packages/drive2-0.0.0-py3.10.egg-info' (and everything under it)
[4.399s] Copying ../../build/drive2/drive2.egg-info to /home/darc-f1-01/ros2_ws/install/drive2/lib/python3.10/site-packages/drive2-0.0.0-py3.10.egg-info
[4.402s] running install_scripts
[4.455s] Installing drive2 script to /home/darc-f1-01/ros2_ws/install/drive2/lib/drive2
[4.456s] writing list of installed files to '/home/darc-f1-01/ros2_ws/build/drive2/install.log'
[4.581s] Invoked command in '/home/darc-f1-01/ros2_ws/src/drive2' returned '0': PYTHONPATH=/home/darc-f1-01/ros2_ws/build/drive2/prefix_override:/usr/lib/python3/dist-packages/colcon_core/task/python/colcon_distutils_commands:/home/darc-f1-01/ros2_ws/install/drive2/lib/python3.10/site-packages:${PYTHONPATH} /usr/bin/python3 -W ignore:setup.py install is deprecated -W ignore:easy_install command is deprecated setup.py egg_info --egg-base ../../build/drive2 build --build-base /home/darc-f1-01/ros2_ws/build/drive2/build install --record /home/darc-f1-01/ros2_ws/build/drive2/install.log --single-version-externally-managed install_data
