running egg_info
writing ../../build/gap_follow/gap_follow.egg-info/PKG-INFO
writing dependency_links to ../../build/gap_follow/gap_follow.egg-info/dependency_links.txt
writing entry points to ../../build/gap_follow/gap_follow.egg-info/entry_points.txt
writing requirements to ../../build/gap_follow/gap_follow.egg-info/requires.txt
writing top-level names to ../../build/gap_follow/gap_follow.egg-info/top_level.txt
reading manifest file '../../build/gap_follow/gap_follow.egg-info/SOURCES.txt'
writing manifest file '../../build/gap_follow/gap_follow.egg-info/SOURCES.txt'
running build
running build_py
running install
running install_lib
running install_data
copying resource/gap_follow -> /home/darc-f1-01/ros2_ws/install/gap_follow/share/ament_index/resource_index/packages
running install_egg_info
removing '/home/darc-f1-01/ros2_ws/install/gap_follow/lib/python3.10/site-packages/gap_follow-0.0.0-py3.10.egg-info' (and everything under it)
Copying ../../build/gap_follow/gap_follow.egg-info to /home/darc-f1-01/ros2_ws/install/gap_follow/lib/python3.10/site-packages/gap_follow-0.0.0-py3.10.egg-info
running install_scripts
Installing gap_follow script to /home/darc-f1-01/ros2_ws/install/gap_follow/lib/gap_follow
writing list of installed files to '/home/darc-f1-01/ros2_ws/build/gap_follow/install.log'
