running egg_info
creating ../../build/AEB/AEB.egg-info
writing ../../build/AEB/AEB.egg-info/PKG-INFO
writing dependency_links to ../../build/AEB/AEB.egg-info/dependency_links.txt
writing entry points to ../../build/AEB/AEB.egg-info/entry_points.txt
writing requirements to ../../build/AEB/AEB.egg-info/requires.txt
writing top-level names to ../../build/AEB/AEB.egg-info/top_level.txt
writing manifest file '../../build/AEB/AEB.egg-info/SOURCES.txt'
reading manifest file '../../build/AEB/AEB.egg-info/SOURCES.txt'
writing manifest file '../../build/AEB/AEB.egg-info/SOURCES.txt'
running build
running build_py
creating /home/darc-f1-01/ros2_ws/build/AEB/build
creating /home/darc-f1-01/ros2_ws/build/AEB/build/lib
creating /home/darc-f1-01/ros2_ws/build/AEB/build/lib/AEB
copying AEB/__init__.py -> /home/darc-f1-01/ros2_ws/build/AEB/build/lib/AEB
copying AEB/AEB.py -> /home/darc-f1-01/ros2_ws/build/AEB/build/lib/AEB
running install
running install_lib
creating /home/darc-f1-01/ros2_ws/install/AEB/lib/python3.10/site-packages/AEB
copying /home/darc-f1-01/ros2_ws/build/AEB/build/lib/AEB/__init__.py -> /home/darc-f1-01/ros2_ws/install/AEB/lib/python3.10/site-packages/AEB
copying /home/darc-f1-01/ros2_ws/build/AEB/build/lib/AEB/AEB.py -> /home/darc-f1-01/ros2_ws/install/AEB/lib/python3.10/site-packages/AEB
byte-compiling /home/darc-f1-01/ros2_ws/install/AEB/lib/python3.10/site-packages/AEB/__init__.py to __init__.cpython-310.pyc
byte-compiling /home/darc-f1-01/ros2_ws/install/AEB/lib/python3.10/site-packages/AEB/AEB.py to AEB.cpython-310.pyc
running install_data
creating /home/darc-f1-01/ros2_ws/install/AEB/share/ament_index
creating /home/darc-f1-01/ros2_ws/install/AEB/share/ament_index/resource_index
creating /home/darc-f1-01/ros2_ws/install/AEB/share/ament_index/resource_index/packages
copying resource/AEB -> /home/darc-f1-01/ros2_ws/install/AEB/share/ament_index/resource_index/packages
copying package.xml -> /home/darc-f1-01/ros2_ws/install/AEB/share/AEB
running install_egg_info
Copying ../../build/AEB/AEB.egg-info to /home/darc-f1-01/ros2_ws/install/AEB/lib/python3.10/site-packages/AEB-0.0.0-py3.10.egg-info
running install_scripts
writing list of installed files to '/home/darc-f1-01/ros2_ws/build/AEB/install.log'
