[5.409s] Invoking command in '/home/darc-f1-01/ros2_ws/src/safety_pkg': PYTHONPATH=/home/darc-f1-01/ros2_ws/build/safety_pkg/prefix_override:/usr/lib/python3/dist-packages/colcon_core/task/python/colcon_distutils_commands:/home/darc-f1-01/ros2_ws/install/safety_pkg/lib/python3.10/site-packages:${PYTHONPATH} /usr/bin/python3 -W ignore:setup.py install is deprecated -W ignore:easy_install command is deprecated setup.py egg_info --egg-base ../../build/safety_pkg build --build-base /home/darc-f1-01/ros2_ws/build/safety_pkg/build install --record /home/darc-f1-01/ros2_ws/build/safety_pkg/install.log --single-version-externally-managed install_data
[6.076s] running egg_info
[6.078s] writing ../../build/safety_pkg/safety_pkg.egg-info/PKG-INFO
[6.078s] writing dependency_links to ../../build/safety_pkg/safety_pkg.egg-info/dependency_links.txt
[6.079s] writing entry points to ../../build/safety_pkg/safety_pkg.egg-info/entry_points.txt
[6.080s] writing requirements to ../../build/safety_pkg/safety_pkg.egg-info/requires.txt
[6.080s] writing top-level names to ../../build/safety_pkg/safety_pkg.egg-info/top_level.txt
[6.084s] reading manifest file '../../build/safety_pkg/safety_pkg.egg-info/SOURCES.txt'
[6.086s] writing manifest file '../../build/safety_pkg/safety_pkg.egg-info/SOURCES.txt'
[6.087s] running build
[6.087s] running build_py
[6.088s] running install
[6.089s] running install_lib
[6.098s] running install_data
[6.098s] running install_egg_info
[6.103s] removing '/home/darc-f1-01/ros2_ws/install/safety_pkg/lib/python3.10/site-packages/safety_pkg-0.0.0-py3.10.egg-info' (and everything under it)
[6.104s] Copying ../../build/safety_pkg/safety_pkg.egg-info to /home/darc-f1-01/ros2_ws/install/safety_pkg/lib/python3.10/site-packages/safety_pkg-0.0.0-py3.10.egg-info
[6.106s] running install_scripts
[6.165s] Installing safety_node script to /home/darc-f1-01/ros2_ws/install/safety_pkg/lib/safety_pkg
[6.166s] writing list of installed files to '/home/darc-f1-01/ros2_ws/build/safety_pkg/install.log'
[6.262s] Invoked command in '/home/darc-f1-01/ros2_ws/src/safety_pkg' returned '0': PYTHONPATH=/home/darc-f1-01/ros2_ws/build/safety_pkg/prefix_override:/usr/lib/python3/dist-packages/colcon_core/task/python/colcon_distutils_commands:/home/darc-f1-01/ros2_ws/install/safety_pkg/lib/python3.10/site-packages:${PYTHONPATH} /usr/bin/python3 -W ignore:setup.py install is deprecated -W ignore:easy_install command is deprecated setup.py egg_info --egg-base ../../build/safety_pkg build --build-base /home/darc-f1-01/ros2_ws/build/safety_pkg/build install --record /home/darc-f1-01/ros2_ws/build/safety_pkg/install.log --single-version-externally-managed install_data
