[1.524s] Invoking command in '/home/darc-f1-01/ros2_ws/src/wall_follower': PYTHONPATH=/home/darc-f1-01/ros2_ws/build/wall_follower/prefix_override:/usr/lib/python3/dist-packages/colcon_core/task/python/colcon_distutils_commands:/home/darc-f1-01/ros2_ws/install/wall_follower/lib/python3.10/site-packages:${PYTHONPATH} /usr/bin/python3 -W ignore:setup.py install is deprecated -W ignore:easy_install command is deprecated setup.py egg_info --egg-base ../../build/wall_follower build --build-base /home/darc-f1-01/ros2_ws/build/wall_follower/build install --record /home/darc-f1-01/ros2_ws/build/wall_follower/install.log --single-version-externally-managed install_data
[2.113s] running egg_info
[2.114s] creating ../../build/wall_follower/wall_follower.egg-info
[2.114s] writing ../../build/wall_follower/wall_follower.egg-info/PKG-INFO
[2.115s] writing dependency_links to ../../build/wall_follower/wall_follower.egg-info/dependency_links.txt
[2.115s] writing entry points to ../../build/wall_follower/wall_follower.egg-info/entry_points.txt
[2.115s] writing requirements to ../../build/wall_follower/wall_follower.egg-info/requires.txt
[2.116s] writing top-level names to ../../build/wall_follower/wall_follower.egg-info/top_level.txt
[2.116s] writing manifest file '../../build/wall_follower/wall_follower.egg-info/SOURCES.txt'
[2.120s] reading manifest file '../../build/wall_follower/wall_follower.egg-info/SOURCES.txt'
[2.121s] writing manifest file '../../build/wall_follower/wall_follower.egg-info/SOURCES.txt'
[2.121s] running build
[2.122s] running build_py
[2.122s] creating /home/darc-f1-01/ros2_ws/build/wall_follower/build
[2.122s] creating /home/darc-f1-01/ros2_ws/build/wall_follower/build/lib
[2.122s] creating /home/darc-f1-01/ros2_ws/build/wall_follower/build/lib/wall_follower
[2.122s] copying wall_follower/wall_follower.py -> /home/darc-f1-01/ros2_ws/build/wall_follower/build/lib/wall_follower
[2.123s] copying wall_follower/__init__.py -> /home/darc-f1-01/ros2_ws/build/wall_follower/build/lib/wall_follower
[2.123s] running install
[2.124s] running install_lib
[2.128s] creating /home/darc-f1-01/ros2_ws/install/wall_follower/lib/python3.10/site-packages/wall_follower
[2.128s] copying /home/darc-f1-01/ros2_ws/build/wall_follower/build/lib/wall_follower/wall_follower.py -> /home/darc-f1-01/ros2_ws/install/wall_follower/lib/python3.10/site-packages/wall_follower
[2.128s] copying /home/darc-f1-01/ros2_ws/build/wall_follower/build/lib/wall_follower/__init__.py -> /home/darc-f1-01/ros2_ws/install/wall_follower/lib/python3.10/site-packages/wall_follower
[2.130s] byte-compiling /home/darc-f1-01/ros2_ws/install/wall_follower/lib/python3.10/site-packages/wall_follower/wall_follower.py to wall_follower.cpython-310.pyc
[2.133s] byte-compiling /home/darc-f1-01/ros2_ws/install/wall_follower/lib/python3.10/site-packages/wall_follower/__init__.py to __init__.cpython-310.pyc
[2.133s] running install_data
[2.133s] creating /home/darc-f1-01/ros2_ws/install/wall_follower/share/ament_index
[2.134s] creating /home/darc-f1-01/ros2_ws/install/wall_follower/share/ament_index/resource_index
[2.134s] creating /home/darc-f1-01/ros2_ws/install/wall_follower/share/ament_index/resource_index/packages
[2.134s] copying resource/wall_follower -> /home/darc-f1-01/ros2_ws/install/wall_follower/share/ament_index/resource_index/packages
[2.134s] copying package.xml -> /home/darc-f1-01/ros2_ws/install/wall_follower/share/wall_follower
[2.134s] running install_egg_info
[2.138s] Copying ../../build/wall_follower/wall_follower.egg-info to /home/darc-f1-01/ros2_ws/install/wall_follower/lib/python3.10/site-packages/wall_follower-0.0.0-py3.10.egg-info
[2.140s] running install_scripts
[2.187s] Installing wall_follower script to /home/darc-f1-01/ros2_ws/install/wall_follower/lib/wall_follower
[2.188s] writing list of installed files to '/home/darc-f1-01/ros2_ws/build/wall_follower/install.log'
[2.258s] Invoked command in '/home/darc-f1-01/ros2_ws/src/wall_follower' returned '0': PYTHONPATH=/home/darc-f1-01/ros2_ws/build/wall_follower/prefix_override:/usr/lib/python3/dist-packages/colcon_core/task/python/colcon_distutils_commands:/home/darc-f1-01/ros2_ws/install/wall_follower/lib/python3.10/site-packages:${PYTHONPATH} /usr/bin/python3 -W ignore:setup.py install is deprecated -W ignore:easy_install command is deprecated setup.py egg_info --egg-base ../../build/wall_follower build --build-base /home/darc-f1-01/ros2_ws/build/wall_follower/build install --record /home/darc-f1-01/ros2_ws/build/wall_follower/install.log --single-version-externally-managed install_data
