[5.348s] Invoking command in '/home/darc-f1-01/ros2_ws/src/AEB': PYTHONPATH=/home/darc-f1-01/ros2_ws/build/AEB/prefix_override:/usr/lib/python3/dist-packages/colcon_core/task/python/colcon_distutils_commands:/home/darc-f1-01/ros2_ws/install/AEB/lib/python3.10/site-packages:${PYTHONPATH} /usr/bin/python3 -W ignore:setup.py install is deprecated -W ignore:easy_install command is deprecated setup.py egg_info --egg-base ../../build/AEB build --build-base /home/darc-f1-01/ros2_ws/build/AEB/build install --record /home/darc-f1-01/ros2_ws/build/AEB/install.log --single-version-externally-managed install_data
[6.050s] running egg_info
[6.051s] writing ../../build/AEB/AEB.egg-info/PKG-INFO
[6.053s] writing dependency_links to ../../build/AEB/AEB.egg-info/dependency_links.txt
[6.053s] writing entry points to ../../build/AEB/AEB.egg-info/entry_points.txt
[6.053s] writing requirements to ../../build/AEB/AEB.egg-info/requires.txt
[6.054s] writing top-level names to ../../build/AEB/AEB.egg-info/top_level.txt
[6.059s] reading manifest file '../../build/AEB/AEB.egg-info/SOURCES.txt'
[6.063s] writing manifest file '../../build/AEB/AEB.egg-info/SOURCES.txt'
[6.064s] running build
[6.064s] running build_py
[6.068s] running install
[6.069s] running install_lib
[6.084s] running install_data
[6.085s] running install_egg_info
[6.093s] removing '/home/darc-f1-01/ros2_ws/install/AEB/lib/python3.10/site-packages/AEB-0.0.0-py3.10.egg-info' (and everything under it)
[6.094s] Copying ../../build/AEB/AEB.egg-info to /home/darc-f1-01/ros2_ws/install/AEB/lib/python3.10/site-packages/AEB-0.0.0-py3.10.egg-info
[6.098s] running install_scripts
[6.165s] Installing AEB script to /home/darc-f1-01/ros2_ws/install/AEB/lib/AEB
[6.167s] writing list of installed files to '/home/darc-f1-01/ros2_ws/build/AEB/install.log'
[7.000s] Invoked command in '/home/darc-f1-01/ros2_ws/src/AEB' returned '0': PYTHONPATH=/home/darc-f1-01/ros2_ws/build/AEB/prefix_override:/usr/lib/python3/dist-packages/colcon_core/task/python/colcon_distutils_commands:/home/darc-f1-01/ros2_ws/install/AEB/lib/python3.10/site-packages:${PYTHONPATH} /usr/bin/python3 -W ignore:setup.py install is deprecated -W ignore:easy_install command is deprecated setup.py egg_info --egg-base ../../build/AEB build --build-base /home/darc-f1-01/ros2_ws/build/AEB/build install --record /home/darc-f1-01/ros2_ws/build/AEB/install.log --single-version-externally-managed install_data
