[2.275s] Invoking command in '/home/darc-f1-01/ros2_ws/src/stop': PYTHONPATH=/home/darc-f1-01/ros2_ws/build/safety_node/prefix_override:/usr/lib/python3/dist-packages/colcon_core/task/python/colcon_distutils_commands:/home/darc-f1-01/ros2_ws/install/safety_node/lib/python3.10/site-packages:${PYTHONPATH} /usr/bin/python3 -W ignore:setup.py install is deprecated -W ignore:easy_install command is deprecated setup.py egg_info --egg-base ../../build/safety_node build --build-base /home/darc-f1-01/ros2_ws/build/safety_node/build install --record /home/darc-f1-01/ros2_ws/build/safety_node/install.log --single-version-externally-managed install_data
[2.894s] running egg_info
[2.896s] creating ../../build/safety_node/safety_node.egg-info
[2.896s] writing ../../build/safety_node/safety_node.egg-info/PKG-INFO
[2.897s] writing dependency_links to ../../build/safety_node/safety_node.egg-info/dependency_links.txt
[2.897s] writing entry points to ../../build/safety_node/safety_node.egg-info/entry_points.txt
[2.897s] writing requirements to ../../build/safety_node/safety_node.egg-info/requires.txt
[2.898s] writing top-level names to ../../build/safety_node/safety_node.egg-info/top_level.txt
[2.898s] writing manifest file '../../build/safety_node/safety_node.egg-info/SOURCES.txt'
[2.902s] reading manifest file '../../build/safety_node/safety_node.egg-info/SOURCES.txt'
[2.904s] writing manifest file '../../build/safety_node/safety_node.egg-info/SOURCES.txt'
[2.904s] running build
[2.904s] running build_py
[2.904s] creating /home/darc-f1-01/ros2_ws/build/safety_node/build
[2.905s] creating /home/darc-f1-01/ros2_ws/build/safety_node/build/lib
[2.905s] creating /home/darc-f1-01/ros2_ws/build/safety_node/build/lib/safety_node
[2.905s] copying safety_node/__init__.py -> /home/darc-f1-01/ros2_ws/build/safety_node/build/lib/safety_node
[2.905s] copying safety_node/safety_node.py -> /home/darc-f1-01/ros2_ws/build/safety_node/build/lib/safety_node
[2.906s] running install
[2.906s] running install_lib
[2.908s] creating /home/darc-f1-01/ros2_ws/install/safety_node/lib/python3.10/site-packages/safety_node
[2.908s] copying /home/darc-f1-01/ros2_ws/build/safety_node/build/lib/safety_node/__init__.py -> /home/darc-f1-01/ros2_ws/install/safety_node/lib/python3.10/site-packages/safety_node
[2.908s] copying /home/darc-f1-01/ros2_ws/build/safety_node/build/lib/safety_node/safety_node.py -> /home/darc-f1-01/ros2_ws/install/safety_node/lib/python3.10/site-packages/safety_node
[2.910s] byte-compiling /home/darc-f1-01/ros2_ws/install/safety_node/lib/python3.10/site-packages/safety_node/__init__.py to __init__.cpython-310.pyc
[2.910s] byte-compiling /home/darc-f1-01/ros2_ws/install/safety_node/lib/python3.10/site-packages/safety_node/safety_node.py to safety_node.cpython-310.pyc
[2.911s] running install_data
[2.911s] creating /home/darc-f1-01/ros2_ws/install/safety_node/share/ament_index
[2.912s] creating /home/darc-f1-01/ros2_ws/install/safety_node/share/ament_index/resource_index
[2.912s] creating /home/darc-f1-01/ros2_ws/install/safety_node/share/ament_index/resource_index/packages
[2.912s] copying resource/safety_node -> /home/darc-f1-01/ros2_ws/install/safety_node/share/ament_index/resource_index/packages
[2.912s] copying package.xml -> /home/darc-f1-01/ros2_ws/install/safety_node/share/safety_node
[2.912s] running install_egg_info
[2.917s] Copying ../../build/safety_node/safety_node.egg-info to /home/darc-f1-01/ros2_ws/install/safety_node/lib/python3.10/site-packages/safety_node-0.1.0-py3.10.egg-info
[2.919s] running install_scripts
[2.971s] Installing safety_node script to /home/darc-f1-01/ros2_ws/install/safety_node/lib/safety_node
[2.972s] writing list of installed files to '/home/darc-f1-01/ros2_ws/build/safety_node/install.log'
[3.048s] Invoked command in '/home/darc-f1-01/ros2_ws/src/stop' returned '0': PYTHONPATH=/home/darc-f1-01/ros2_ws/build/safety_node/prefix_override:/usr/lib/python3/dist-packages/colcon_core/task/python/colcon_distutils_commands:/home/darc-f1-01/ros2_ws/install/safety_node/lib/python3.10/site-packages:${PYTHONPATH} /usr/bin/python3 -W ignore:setup.py install is deprecated -W ignore:easy_install command is deprecated setup.py egg_info --egg-base ../../build/safety_node build --build-base /home/darc-f1-01/ros2_ws/build/safety_node/build install --record /home/darc-f1-01/ros2_ws/build/safety_node/install.log --single-version-externally-managed install_data
