[3.717s] Invoking command in '/home/darc-f1-01/ros2_ws/src/AEB': PYTHONPATH=/home/darc-f1-01/ros2_ws/build/AEB/prefix_override:/usr/lib/python3/dist-packages/colcon_core/task/python/colcon_distutils_commands:/home/darc-f1-01/ros2_ws/install/AEB/lib/python3.10/site-packages:${PYTHONPATH} /usr/bin/python3 -W ignore:setup.py install is deprecated -W ignore:easy_install command is deprecated setup.py egg_info --egg-base ../../build/AEB build --build-base /home/darc-f1-01/ros2_ws/build/AEB/build install --record /home/darc-f1-01/ros2_ws/build/AEB/install.log --single-version-externally-managed install_data
[4.344s] running egg_info
[4.346s] writing ../../build/AEB/AEB.egg-info/PKG-INFO
[4.348s] writing dependency_links to ../../build/AEB/AEB.egg-info/dependency_links.txt
[4.348s] writing entry points to ../../build/AEB/AEB.egg-info/entry_points.txt
[4.348s] writing requirements to ../../build/AEB/AEB.egg-info/requires.txt
[4.349s] writing top-level names to ../../build/AEB/AEB.egg-info/top_level.txt
[4.353s] reading manifest file '../../build/AEB/AEB.egg-info/SOURCES.txt'
[4.355s] writing manifest file '../../build/AEB/AEB.egg-info/SOURCES.txt'
[4.356s] running build
[4.356s] running build_py
[4.357s] running install
[4.357s] running install_lib
[4.365s] running install_data
[4.365s] running install_egg_info
[4.369s] removing '/home/darc-f1-01/ros2_ws/install/AEB/lib/python3.10/site-packages/AEB-0.0.0-py3.10.egg-info' (and everything under it)
[4.370s] Copying ../../build/AEB/AEB.egg-info to /home/darc-f1-01/ros2_ws/install/AEB/lib/python3.10/site-packages/AEB-0.0.0-py3.10.egg-info
[4.372s] running install_scripts
[4.424s] writing list of installed files to '/home/darc-f1-01/ros2_ws/build/AEB/install.log'
[4.567s] Invoked command in '/home/darc-f1-01/ros2_ws/src/AEB' returned '0': PYTHONPATH=/home/darc-f1-01/ros2_ws/build/AEB/prefix_override:/usr/lib/python3/dist-packages/colcon_core/task/python/colcon_distutils_commands:/home/darc-f1-01/ros2_ws/install/AEB/lib/python3.10/site-packages:${PYTHONPATH} /usr/bin/python3 -W ignore:setup.py install is deprecated -W ignore:easy_install command is deprecated setup.py egg_info --egg-base ../../build/AEB build --build-base /home/darc-f1-01/ros2_ws/build/AEB/build install --record /home/darc-f1-01/ros2_ws/build/AEB/install.log --single-version-externally-managed install_data
