[3.643s] Invoking command in '/home/darc-f1-01/ros2_ws/src/AEB': PYTHONPATH=/home/darc-f1-01/ros2_ws/build/AEB/prefix_override:/usr/lib/python3/dist-packages/colcon_core/task/python/colcon_distutils_commands:/home/darc-f1-01/ros2_ws/install/AEB/lib/python3.10/site-packages:${PYTHONPATH} /usr/bin/python3 -W ignore:setup.py install is deprecated -W ignore:easy_install command is deprecated setup.py egg_info --egg-base ../../build/AEB build --build-base /home/darc-f1-01/ros2_ws/build/AEB/build install --record /home/darc-f1-01/ros2_ws/build/AEB/install.log --single-version-externally-managed install_data
[4.252s] running egg_info
[4.254s] writing ../../build/AEB/AEB.egg-info/PKG-INFO
[4.254s] writing dependency_links to ../../build/AEB/AEB.egg-info/dependency_links.txt
[4.255s] writing entry points to ../../build/AEB/AEB.egg-info/entry_points.txt
[4.255s] writing requirements to ../../build/AEB/AEB.egg-info/requires.txt
[4.255s] writing top-level names to ../../build/AEB/AEB.egg-info/top_level.txt
[4.260s] reading manifest file '../../build/AEB/AEB.egg-info/SOURCES.txt'
[4.263s] writing manifest file '../../build/AEB/AEB.egg-info/SOURCES.txt'
[4.263s] running build
[4.263s] running build_py
[4.264s] running install
[4.265s] running install_lib
[4.272s] running install_data
[4.273s] running install_egg_info
[4.281s] removing '/home/darc-f1-01/ros2_ws/install/AEB/lib/python3.10/site-packages/AEB-0.0.0-py3.10.egg-info' (and everything under it)
[4.281s] Copying ../../build/AEB/AEB.egg-info to /home/darc-f1-01/ros2_ws/install/AEB/lib/python3.10/site-packages/AEB-0.0.0-py3.10.egg-info
[4.282s] running install_scripts
[4.331s] writing list of installed files to '/home/darc-f1-01/ros2_ws/build/AEB/install.log'
[4.415s] Invoked command in '/home/darc-f1-01/ros2_ws/src/AEB' returned '0': PYTHONPATH=/home/darc-f1-01/ros2_ws/build/AEB/prefix_override:/usr/lib/python3/dist-packages/colcon_core/task/python/colcon_distutils_commands:/home/darc-f1-01/ros2_ws/install/AEB/lib/python3.10/site-packages:${PYTHONPATH} /usr/bin/python3 -W ignore:setup.py install is deprecated -W ignore:easy_install command is deprecated setup.py egg_info --egg-base ../../build/AEB build --build-base /home/darc-f1-01/ros2_ws/build/AEB/build install --record /home/darc-f1-01/ros2_ws/build/AEB/install.log --single-version-externally-managed install_data
