[1.606s] Invoking command in '/home/darc-f1-01/ros2_ws/src/drive2': PYTHONPATH=/home/darc-f1-01/ros2_ws/build/drive2/prefix_override:/usr/lib/python3/dist-packages/colcon_core/task/python/colcon_distutils_commands:/home/darc-f1-01/ros2_ws/install/drive2/lib/python3.10/site-packages:${PYTHONPATH} /usr/bin/python3 -W ignore:setup.py install is deprecated -W ignore:easy_install command is deprecated setup.py egg_info --egg-base ../../build/drive2 build --build-base /home/darc-f1-01/ros2_ws/build/drive2/build install --record /home/darc-f1-01/ros2_ws/build/drive2/install.log --single-version-externally-managed install_data
[2.230s] running egg_info
[2.232s] writing ../../build/drive2/drive2.egg-info/PKG-INFO
[2.232s] writing dependency_links to ../../build/drive2/drive2.egg-info/dependency_links.txt
[2.233s] writing entry points to ../../build/drive2/drive2.egg-info/entry_points.txt
[2.233s] writing requirements to ../../build/drive2/drive2.egg-info/requires.txt
[2.233s] writing top-level names to ../../build/drive2/drive2.egg-info/top_level.txt
[2.238s] reading manifest file '../../build/drive2/drive2.egg-info/SOURCES.txt'
[2.239s] writing manifest file '../../build/drive2/drive2.egg-info/SOURCES.txt'
[2.240s] running build
[2.240s] running build_py
[2.240s] copying drive2/drive2.py -> /home/darc-f1-01/ros2_ws/build/drive2/build/lib/drive2
[2.241s] running install
[2.241s] running install_lib
[2.246s] copying /home/darc-f1-01/ros2_ws/build/drive2/build/lib/drive2/drive2.py -> /home/darc-f1-01/ros2_ws/install/drive2/lib/python3.10/site-packages/drive2
[2.248s] byte-compiling /home/darc-f1-01/ros2_ws/install/drive2/lib/python3.10/site-packages/drive2/drive2.py to drive2.cpython-310.pyc
[2.249s] running install_data
[2.249s] running install_egg_info
[2.254s] removing '/home/darc-f1-01/ros2_ws/install/drive2/lib/python3.10/site-packages/drive2-0.0.0-py3.10.egg-info' (and everything under it)
[2.254s] Copying ../../build/drive2/drive2.egg-info to /home/darc-f1-01/ros2_ws/install/drive2/lib/python3.10/site-packages/drive2-0.0.0-py3.10.egg-info
[2.257s] running install_scripts
[2.305s] Installing drive2 script to /home/darc-f1-01/ros2_ws/install/drive2/lib/drive2
[2.306s] writing list of installed files to '/home/darc-f1-01/ros2_ws/build/drive2/install.log'
[2.379s] Invoked command in '/home/darc-f1-01/ros2_ws/src/drive2' returned '0': PYTHONPATH=/home/darc-f1-01/ros2_ws/build/drive2/prefix_override:/usr/lib/python3/dist-packages/colcon_core/task/python/colcon_distutils_commands:/home/darc-f1-01/ros2_ws/install/drive2/lib/python3.10/site-packages:${PYTHONPATH} /usr/bin/python3 -W ignore:setup.py install is deprecated -W ignore:easy_install command is deprecated setup.py egg_info --egg-base ../../build/drive2 build --build-base /home/darc-f1-01/ros2_ws/build/drive2/build install --record /home/darc-f1-01/ros2_ws/build/drive2/install.log --single-version-externally-managed install_data
