running egg_info
creating ../../build/drive2/drive2.egg-info
writing ../../build/drive2/drive2.egg-info/PKG-INFO
writing dependency_links to ../../build/drive2/drive2.egg-info/dependency_links.txt
writing entry points to ../../build/drive2/drive2.egg-info/entry_points.txt
writing requirements to ../../build/drive2/drive2.egg-info/requires.txt
writing top-level names to ../../build/drive2/drive2.egg-info/top_level.txt
writing manifest file '../../build/drive2/drive2.egg-info/SOURCES.txt'
reading manifest file '../../build/drive2/drive2.egg-info/SOURCES.txt'
writing manifest file '../../build/drive2/drive2.egg-info/SOURCES.txt'
running build
running build_py
creating /home/darc-f1-01/ros2_ws/build/drive2/build
creating /home/darc-f1-01/ros2_ws/build/drive2/build/lib
creating /home/darc-f1-01/ros2_ws/build/drive2/build/lib/drive2
copying drive2/drive2.py -> /home/darc-f1-01/ros2_ws/build/drive2/build/lib/drive2
copying drive2/__init__.py -> /home/darc-f1-01/ros2_ws/build/drive2/build/lib/drive2
running install
running install_lib
creating /home/darc-f1-01/ros2_ws/install/drive2/lib/python3.10/site-packages/drive2
copying /home/darc-f1-01/ros2_ws/build/drive2/build/lib/drive2/drive2.py -> /home/darc-f1-01/ros2_ws/install/drive2/lib/python3.10/site-packages/drive2
copying /home/darc-f1-01/ros2_ws/build/drive2/build/lib/drive2/__init__.py -> /home/darc-f1-01/ros2_ws/install/drive2/lib/python3.10/site-packages/drive2
byte-compiling /home/darc-f1-01/ros2_ws/install/drive2/lib/python3.10/site-packages/drive2/drive2.py to drive2.cpython-310.pyc
byte-compiling /home/darc-f1-01/ros2_ws/install/drive2/lib/python3.10/site-packages/drive2/__init__.py to __init__.cpython-310.pyc
running install_data
creating /home/darc-f1-01/ros2_ws/install/drive2/share/ament_index
creating /home/darc-f1-01/ros2_ws/install/drive2/share/ament_index/resource_index
creating /home/darc-f1-01/ros2_ws/install/drive2/share/ament_index/resource_index/packages
copying resource/drive2 -> /home/darc-f1-01/ros2_ws/install/drive2/share/ament_index/resource_index/packages
copying package.xml -> /home/darc-f1-01/ros2_ws/install/drive2/share/drive2
running install_egg_info
Copying ../../build/drive2/drive2.egg-info to /home/darc-f1-01/ros2_ws/install/drive2/lib/python3.10/site-packages/drive2-0.0.0-py3.10.egg-info
running install_scripts
Installing drive2 script to /home/darc-f1-01/ros2_ws/install/drive2/lib/drive2
writing list of installed files to '/home/darc-f1-01/ros2_ws/build/drive2/install.log'
