[2.243s] Invoking command in '/home/darc-f1-01/ros2_ws/src/drive2': PYTHONPATH=/home/darc-f1-01/ros2_ws/build/drive2/prefix_override:/usr/lib/python3/dist-packages/colcon_core/task/python/colcon_distutils_commands:/home/darc-f1-01/ros2_ws/install/drive2/lib/python3.10/site-packages:${PYTHONPATH} /usr/bin/python3 -W ignore:setup.py install is deprecated -W ignore:easy_install command is deprecated setup.py egg_info --egg-base ../../build/drive2 build --build-base /home/darc-f1-01/ros2_ws/build/drive2/build install --record /home/darc-f1-01/ros2_ws/build/drive2/install.log --single-version-externally-managed install_data
[2.864s] running egg_info
[2.865s] creating ../../build/drive2/drive2.egg-info
[2.865s] writing ../../build/drive2/drive2.egg-info/PKG-INFO
[2.866s] writing dependency_links to ../../build/drive2/drive2.egg-info/dependency_links.txt
[2.866s] writing entry points to ../../build/drive2/drive2.egg-info/entry_points.txt
[2.866s] writing requirements to ../../build/drive2/drive2.egg-info/requires.txt
[2.866s] writing top-level names to ../../build/drive2/drive2.egg-info/top_level.txt
[2.867s] writing manifest file '../../build/drive2/drive2.egg-info/SOURCES.txt'
[2.871s] reading manifest file '../../build/drive2/drive2.egg-info/SOURCES.txt'
[2.873s] writing manifest file '../../build/drive2/drive2.egg-info/SOURCES.txt'
[2.873s] running build
[2.873s] running build_py
[2.873s] creating /home/darc-f1-01/ros2_ws/build/drive2/build
[2.874s] creating /home/darc-f1-01/ros2_ws/build/drive2/build/lib
[2.874s] creating /home/darc-f1-01/ros2_ws/build/drive2/build/lib/drive2
[2.874s] copying drive2/drive2.py -> /home/darc-f1-01/ros2_ws/build/drive2/build/lib/drive2
[2.874s] copying drive2/__init__.py -> /home/darc-f1-01/ros2_ws/build/drive2/build/lib/drive2
[2.874s] running install
[2.875s] running install_lib
[2.880s] creating /home/darc-f1-01/ros2_ws/install/drive2/lib/python3.10/site-packages/drive2
[2.880s] copying /home/darc-f1-01/ros2_ws/build/drive2/build/lib/drive2/drive2.py -> /home/darc-f1-01/ros2_ws/install/drive2/lib/python3.10/site-packages/drive2
[2.880s] copying /home/darc-f1-01/ros2_ws/build/drive2/build/lib/drive2/__init__.py -> /home/darc-f1-01/ros2_ws/install/drive2/lib/python3.10/site-packages/drive2
[2.882s] byte-compiling /home/darc-f1-01/ros2_ws/install/drive2/lib/python3.10/site-packages/drive2/drive2.py to drive2.cpython-310.pyc
[2.883s] byte-compiling /home/darc-f1-01/ros2_ws/install/drive2/lib/python3.10/site-packages/drive2/__init__.py to __init__.cpython-310.pyc
[2.883s] running install_data
[2.884s] creating /home/darc-f1-01/ros2_ws/install/drive2/share/ament_index
[2.884s] creating /home/darc-f1-01/ros2_ws/install/drive2/share/ament_index/resource_index
[2.884s] creating /home/darc-f1-01/ros2_ws/install/drive2/share/ament_index/resource_index/packages
[2.884s] copying resource/drive2 -> /home/darc-f1-01/ros2_ws/install/drive2/share/ament_index/resource_index/packages
[2.884s] copying package.xml -> /home/darc-f1-01/ros2_ws/install/drive2/share/drive2
[2.884s] running install_egg_info
[2.889s] Copying ../../build/drive2/drive2.egg-info to /home/darc-f1-01/ros2_ws/install/drive2/lib/python3.10/site-packages/drive2-0.0.0-py3.10.egg-info
[2.891s] running install_scripts
[2.940s] Installing drive2 script to /home/darc-f1-01/ros2_ws/install/drive2/lib/drive2
[2.940s] writing list of installed files to '/home/darc-f1-01/ros2_ws/build/drive2/install.log'
[3.020s] Invoked command in '/home/darc-f1-01/ros2_ws/src/drive2' returned '0': PYTHONPATH=/home/darc-f1-01/ros2_ws/build/drive2/prefix_override:/usr/lib/python3/dist-packages/colcon_core/task/python/colcon_distutils_commands:/home/darc-f1-01/ros2_ws/install/drive2/lib/python3.10/site-packages:${PYTHONPATH} /usr/bin/python3 -W ignore:setup.py install is deprecated -W ignore:easy_install command is deprecated setup.py egg_info --egg-base ../../build/drive2 build --build-base /home/darc-f1-01/ros2_ws/build/drive2/build install --record /home/darc-f1-01/ros2_ws/build/drive2/install.log --single-version-externally-managed install_data
