[3.598s] Invoking command in '/home/darc-f1-01/ros2_ws/src/drive2': PYTHONPATH=/home/darc-f1-01/ros2_ws/build/drive2/prefix_override:/usr/lib/python3/dist-packages/colcon_core/task/python/colcon_distutils_commands:/home/darc-f1-01/ros2_ws/install/drive2/lib/python3.10/site-packages:${PYTHONPATH} /usr/bin/python3 -W ignore:setup.py install is deprecated -W ignore:easy_install command is deprecated setup.py egg_info --egg-base ../../build/drive2 build --build-base /home/darc-f1-01/ros2_ws/build/drive2/build install --record /home/darc-f1-01/ros2_ws/build/drive2/install.log --single-version-externally-managed install_data
[4.228s] running egg_info
[4.228s] writing ../../build/drive2/drive2.egg-info/PKG-INFO
[4.229s] writing dependency_links to ../../build/drive2/drive2.egg-info/dependency_links.txt
[4.230s] writing entry points to ../../build/drive2/drive2.egg-info/entry_points.txt
[4.230s] writing requirements to ../../build/drive2/drive2.egg-info/requires.txt
[4.230s] writing top-level names to ../../build/drive2/drive2.egg-info/top_level.txt
[4.234s] reading manifest file '../../build/drive2/drive2.egg-info/SOURCES.txt'
[4.236s] writing manifest file '../../build/drive2/drive2.egg-info/SOURCES.txt'
[4.236s] running build
[4.237s] running build_py
[4.237s] copying drive2/drive2.py -> /home/darc-f1-01/ros2_ws/build/drive2/build/lib/drive2
[4.237s] running install
[4.238s] running install_lib
[4.243s] copying /home/darc-f1-01/ros2_ws/build/drive2/build/lib/drive2/drive2.py -> /home/darc-f1-01/ros2_ws/install/drive2/lib/python3.10/site-packages/drive2
[4.245s] byte-compiling /home/darc-f1-01/ros2_ws/install/drive2/lib/python3.10/site-packages/drive2/drive2.py to drive2.cpython-310.pyc
[4.246s] running install_data
[4.246s] running install_egg_info
[4.251s] removing '/home/darc-f1-01/ros2_ws/install/drive2/lib/python3.10/site-packages/drive2-0.0.0-py3.10.egg-info' (and everything under it)
[4.251s] Copying ../../build/drive2/drive2.egg-info to /home/darc-f1-01/ros2_ws/install/drive2/lib/python3.10/site-packages/drive2-0.0.0-py3.10.egg-info
[4.254s] running install_scripts
[4.304s] Installing drive2 script to /home/darc-f1-01/ros2_ws/install/drive2/lib/drive2
[4.305s] writing list of installed files to '/home/darc-f1-01/ros2_ws/build/drive2/install.log'
[4.390s] Invoked command in '/home/darc-f1-01/ros2_ws/src/drive2' returned '0': PYTHONPATH=/home/darc-f1-01/ros2_ws/build/drive2/prefix_override:/usr/lib/python3/dist-packages/colcon_core/task/python/colcon_distutils_commands:/home/darc-f1-01/ros2_ws/install/drive2/lib/python3.10/site-packages:${PYTHONPATH} /usr/bin/python3 -W ignore:setup.py install is deprecated -W ignore:easy_install command is deprecated setup.py egg_info --egg-base ../../build/drive2 build --build-base /home/darc-f1-01/ros2_ws/build/drive2/build install --record /home/darc-f1-01/ros2_ws/build/drive2/install.log --single-version-externally-managed install_data
