[4.539s] Invoking command in '/home/darc-f1-01/ros2_ws/src/safety_pkg': PYTHONPATH=/home/darc-f1-01/ros2_ws/build/safety_pkg/prefix_override:/usr/lib/python3/dist-packages/colcon_core/task/python/colcon_distutils_commands:/home/darc-f1-01/ros2_ws/install/safety_pkg/lib/python3.10/site-packages:${PYTHONPATH} /usr/bin/python3 -W ignore:setup.py install is deprecated -W ignore:easy_install command is deprecated setup.py egg_info --egg-base ../../build/safety_pkg build --build-base /home/darc-f1-01/ros2_ws/build/safety_pkg/build install --record /home/darc-f1-01/ros2_ws/build/safety_pkg/install.log --single-version-externally-managed install_data
[5.190s] running egg_info
[5.193s] writing ../../build/safety_pkg/safety_pkg.egg-info/PKG-INFO
[5.193s] writing dependency_links to ../../build/safety_pkg/safety_pkg.egg-info/dependency_links.txt
[5.194s] writing entry points to ../../build/safety_pkg/safety_pkg.egg-info/entry_points.txt
[5.195s] writing requirements to ../../build/safety_pkg/safety_pkg.egg-info/requires.txt
[5.196s] writing top-level names to ../../build/safety_pkg/safety_pkg.egg-info/top_level.txt
[5.198s] reading manifest file '../../build/safety_pkg/safety_pkg.egg-info/SOURCES.txt'
[5.200s] writing manifest file '../../build/safety_pkg/safety_pkg.egg-info/SOURCES.txt'
[5.201s] running build
[5.201s] running build_py
[5.201s] running install
[5.201s] running install_lib
[5.208s] running install_data
[5.208s] running install_egg_info
[5.212s] removing '/home/darc-f1-01/ros2_ws/install/safety_pkg/lib/python3.10/site-packages/safety_pkg-0.0.0-py3.10.egg-info' (and everything under it)
[5.214s] Copying ../../build/safety_pkg/safety_pkg.egg-info to /home/darc-f1-01/ros2_ws/install/safety_pkg/lib/python3.10/site-packages/safety_pkg-0.0.0-py3.10.egg-info
[5.215s] running install_scripts
[5.270s] Installing safety_node script to /home/darc-f1-01/ros2_ws/install/safety_pkg/lib/safety_pkg
[5.271s] writing list of installed files to '/home/darc-f1-01/ros2_ws/build/safety_pkg/install.log'
[5.366s] Invoked command in '/home/darc-f1-01/ros2_ws/src/safety_pkg' returned '0': PYTHONPATH=/home/darc-f1-01/ros2_ws/build/safety_pkg/prefix_override:/usr/lib/python3/dist-packages/colcon_core/task/python/colcon_distutils_commands:/home/darc-f1-01/ros2_ws/install/safety_pkg/lib/python3.10/site-packages:${PYTHONPATH} /usr/bin/python3 -W ignore:setup.py install is deprecated -W ignore:easy_install command is deprecated setup.py egg_info --egg-base ../../build/safety_pkg build --build-base /home/darc-f1-01/ros2_ws/build/safety_pkg/build install --record /home/darc-f1-01/ros2_ws/build/safety_pkg/install.log --single-version-externally-managed install_data
