[0.258s] DEBUG:colcon:Command line arguments: ['/usr/bin/colcon', 'build', '--packages-select', 'gap_follow']
[0.258s] DEBUG:colcon:Parsed command line arguments: Namespace(log_base=None, log_level=None, verb_name='build', build_base='build', install_base='install', merge_install=False, symlink_install=False, test_result_base=None, continue_on_error=False, executor='parallel', parallel_workers=6, event_handlers=None, ignore_user_meta=False, metas=['./colcon.meta'], base_paths=['.'], packages_ignore=None, packages_ignore_regex=None, paths=None, packages_up_to=None, packages_up_to_regex=None, packages_above=None, packages_above_and_dependencies=None, packages_above_depth=None, packages_select_by_dep=None, packages_skip_by_dep=None, packages_skip_up_to=None, packages_select_build_failed=False, packages_skip_build_finished=False, packages_select_test_failures=False, packages_skip_test_passed=False, packages_select=['gap_follow'], packages_skip=None, packages_select_regex=None, packages_skip_regex=None, packages_start=None, packages_end=None, allow_overriding=[], cmake_args=None, cmake_target=None, cmake_target_skip_unavailable=False, cmake_clean_cache=False, cmake_clean_first=False, cmake_force_configure=False, ament_cmake_args=None, catkin_cmake_args=None, catkin_skip_building_tests=False, verb_parser=<colcon_defaults.argument_parser.defaults.DefaultArgumentsDecorator object at 0xffff8e3f2560>, verb_extension=<colcon_core.verb.build.BuildVerb object at 0xffff8e63fe20>, main=<bound method BuildVerb.main of <colcon_core.verb.build.BuildVerb object at 0xffff8e63fe20>>)
[0.688s] Level 1:colcon.colcon_core.package_discovery:discover_packages(colcon_meta) check parameters
[0.688s] Level 1:colcon.colcon_core.package_discovery:discover_packages(recursive) check parameters
[0.688s] Level 1:colcon.colcon_core.package_discovery:discover_packages(ignore) check parameters
[0.688s] Level 1:colcon.colcon_core.package_discovery:discover_packages(path) check parameters
[0.688s] Level 1:colcon.colcon_core.package_discovery:discover_packages(colcon_meta) discover
[0.689s] Level 1:colcon.colcon_core.package_discovery:discover_packages(recursive) discover
[0.689s] INFO:colcon.colcon_core.package_discovery:Crawling recursively for packages in '/home/darc-f1-01/ros2_ws'
[0.689s] Level 1:colcon.colcon_core.package_identification:_identify(.) by extensions ['ignore', 'ignore_ament_install']
[0.689s] Level 1:colcon.colcon_core.package_identification:_identify(.) by extension 'ignore'
[0.689s] Level 1:colcon.colcon_core.package_identification:_identify(.) by extension 'ignore_ament_install'
[0.690s] Level 1:colcon.colcon_core.package_identification:_identify(.) by extensions ['colcon_pkg']
[0.690s] Level 1:colcon.colcon_core.package_identification:_identify(.) by extension 'colcon_pkg'
[0.690s] Level 1:colcon.colcon_core.package_identification:_identify(.) by extensions ['colcon_meta']
[0.690s] Level 1:colcon.colcon_core.package_identification:_identify(.) by extension 'colcon_meta'
[0.690s] Level 1:colcon.colcon_core.package_identification:_identify(.) by extensions ['ros']
[0.690s] Level 1:colcon.colcon_core.package_identification:_identify(.) by extension 'ros'
[0.714s] Level 1:colcon.colcon_core.package_identification:_identify(.) by extensions ['cmake', 'python']
[0.715s] Level 1:colcon.colcon_core.package_identification:_identify(.) by extension 'cmake'
[0.715s] Level 1:colcon.colcon_core.package_identification:_identify(.) by extension 'python'
[0.715s] Level 1:colcon.colcon_core.package_identification:_identify(.) by extensions ['python_setup_py']
[0.715s] Level 1:colcon.colcon_core.package_identification:_identify(.) by extension 'python_setup_py'
[0.715s] Level 1:colcon.colcon_core.package_identification:_identify(bags) by extensions ['ignore', 'ignore_ament_install']
[0.716s] Level 1:colcon.colcon_core.package_identification:_identify(bags) by extension 'ignore'
[0.716s] Level 1:colcon.colcon_core.package_identification:_identify(bags) by extension 'ignore_ament_install'
[0.716s] Level 1:colcon.colcon_core.package_identification:_identify(bags) by extensions ['colcon_pkg']
[0.716s] Level 1:colcon.colcon_core.package_identification:_identify(bags) by extension 'colcon_pkg'
[0.716s] Level 1:colcon.colcon_core.package_identification:_identify(bags) by extensions ['colcon_meta']
[0.716s] Level 1:colcon.colcon_core.package_identification:_identify(bags) by extension 'colcon_meta'
[0.716s] Level 1:colcon.colcon_core.package_identification:_identify(bags) by extensions ['ros']
[0.716s] Level 1:colcon.colcon_core.package_identification:_identify(bags) by extension 'ros'
[0.717s] Level 1:colcon.colcon_core.package_identification:_identify(bags) by extensions ['cmake', 'python']
[0.717s] Level 1:colcon.colcon_core.package_identification:_identify(bags) by extension 'cmake'
[0.717s] Level 1:colcon.colcon_core.package_identification:_identify(bags) by extension 'python'
[0.717s] Level 1:colcon.colcon_core.package_identification:_identify(bags) by extensions ['python_setup_py']
[0.717s] Level 1:colcon.colcon_core.package_identification:_identify(bags) by extension 'python_setup_py'
[0.717s] Level 1:colcon.colcon_core.package_identification:_identify(bags/accel_test_1) by extensions ['ignore', 'ignore_ament_install']
[0.717s] Level 1:colcon.colcon_core.package_identification:_identify(bags/accel_test_1) by extension 'ignore'
[0.717s] Level 1:colcon.colcon_core.package_identification:_identify(bags/accel_test_1) by extension 'ignore_ament_install'
[0.718s] Level 1:colcon.colcon_core.package_identification:_identify(bags/accel_test_1) by extensions ['colcon_pkg']
[0.718s] Level 1:colcon.colcon_core.package_identification:_identify(bags/accel_test_1) by extension 'colcon_pkg'
[0.718s] Level 1:colcon.colcon_core.package_identification:_identify(bags/accel_test_1) by extensions ['colcon_meta']
[0.718s] Level 1:colcon.colcon_core.package_identification:_identify(bags/accel_test_1) by extension 'colcon_meta'
[0.718s] Level 1:colcon.colcon_core.package_identification:_identify(bags/accel_test_1) by extensions ['ros']
[0.718s] Level 1:colcon.colcon_core.package_identification:_identify(bags/accel_test_1) by extension 'ros'
[0.718s] Level 1:colcon.colcon_core.package_identification:_identify(bags/accel_test_1) by extensions ['cmake', 'python']
[0.718s] Level 1:colcon.colcon_core.package_identification:_identify(bags/accel_test_1) by extension 'cmake'
[0.718s] Level 1:colcon.colcon_core.package_identification:_identify(bags/accel_test_1) by extension 'python'
[0.718s] Level 1:colcon.colcon_core.package_identification:_identify(bags/accel_test_1) by extensions ['python_setup_py']
[0.719s] Level 1:colcon.colcon_core.package_identification:_identify(bags/accel_test_1) by extension 'python_setup_py'
[0.719s] Level 1:colcon.colcon_core.package_identification:_identify(build) by extensions ['ignore', 'ignore_ament_install']
[0.719s] Level 1:colcon.colcon_core.package_identification:_identify(build) by extension 'ignore'
[0.719s] Level 1:colcon.colcon_core.package_identification:_identify(build) ignored
[0.719s] Level 1:colcon.colcon_core.package_identification:_identify(install) by extensions ['ignore', 'ignore_ament_install']
[0.720s] Level 1:colcon.colcon_core.package_identification:_identify(install) by extension 'ignore'
[0.720s] Level 1:colcon.colcon_core.package_identification:_identify(install) ignored
[0.720s] Level 1:colcon.colcon_core.package_identification:_identify(log) by extensions ['ignore', 'ignore_ament_install']
[0.720s] Level 1:colcon.colcon_core.package_identification:_identify(log) by extension 'ignore'
[0.720s] Level 1:colcon.colcon_core.package_identification:_identify(log) ignored
[0.721s] Level 1:colcon.colcon_core.package_identification:_identify(src) by extensions ['ignore', 'ignore_ament_install']
[0.721s] Level 1:colcon.colcon_core.package_identification:_identify(src) by extension 'ignore'
[0.721s] Level 1:colcon.colcon_core.package_identification:_identify(src) by extension 'ignore_ament_install'
[0.721s] Level 1:colcon.colcon_core.package_identification:_identify(src) by extensions ['colcon_pkg']
[0.721s] Level 1:colcon.colcon_core.package_identification:_identify(src) by extension 'colcon_pkg'
[0.721s] Level 1:colcon.colcon_core.package_identification:_identify(src) by extensions ['colcon_meta']
[0.721s] Level 1:colcon.colcon_core.package_identification:_identify(src) by extension 'colcon_meta'
[0.721s] Level 1:colcon.colcon_core.package_identification:_identify(src) by extensions ['ros']
[0.722s] Level 1:colcon.colcon_core.package_identification:_identify(src) by extension 'ros'
[0.722s] Level 1:colcon.colcon_core.package_identification:_identify(src) by extensions ['cmake', 'python']
[0.722s] Level 1:colcon.colcon_core.package_identification:_identify(src) by extension 'cmake'
[0.722s] Level 1:colcon.colcon_core.package_identification:_identify(src) by extension 'python'
[0.722s] Level 1:colcon.colcon_core.package_identification:_identify(src) by extensions ['python_setup_py']
[0.722s] Level 1:colcon.colcon_core.package_identification:_identify(src) by extension 'python_setup_py'
[0.722s] Level 1:colcon.colcon_core.package_identification:_identify(src/5M_test) by extensions ['ignore', 'ignore_ament_install']
[0.722s] Level 1:colcon.colcon_core.package_identification:_identify(src/5M_test) by extension 'ignore'
[0.723s] Level 1:colcon.colcon_core.package_identification:_identify(src/5M_test) by extension 'ignore_ament_install'
[0.723s] Level 1:colcon.colcon_core.package_identification:_identify(src/5M_test) by extensions ['colcon_pkg']
[0.723s] Level 1:colcon.colcon_core.package_identification:_identify(src/5M_test) by extension 'colcon_pkg'
[0.723s] Level 1:colcon.colcon_core.package_identification:_identify(src/5M_test) by extensions ['colcon_meta']
[0.723s] Level 1:colcon.colcon_core.package_identification:_identify(src/5M_test) by extension 'colcon_meta'
[0.723s] Level 1:colcon.colcon_core.package_identification:_identify(src/5M_test) by extensions ['ros']
[0.723s] Level 1:colcon.colcon_core.package_identification:_identify(src/5M_test) by extension 'ros'
[0.729s] DEBUG:colcon.colcon_core.package_identification:Package 'src/5M_test' with type 'ros.ament_python' and name '5M_test'
[0.729s] Level 1:colcon.colcon_core.package_identification:_identify(src/AEB) by extensions ['ignore', 'ignore_ament_install']
[0.729s] Level 1:colcon.colcon_core.package_identification:_identify(src/AEB) by extension 'ignore'
[0.729s] Level 1:colcon.colcon_core.package_identification:_identify(src/AEB) by extension 'ignore_ament_install'
[0.730s] Level 1:colcon.colcon_core.package_identification:_identify(src/AEB) by extensions ['colcon_pkg']
[0.730s] Level 1:colcon.colcon_core.package_identification:_identify(src/AEB) by extension 'colcon_pkg'
[0.730s] Level 1:colcon.colcon_core.package_identification:_identify(src/AEB) by extensions ['colcon_meta']
[0.730s] Level 1:colcon.colcon_core.package_identification:_identify(src/AEB) by extension 'colcon_meta'
[0.730s] Level 1:colcon.colcon_core.package_identification:_identify(src/AEB) by extensions ['ros']
[0.730s] Level 1:colcon.colcon_core.package_identification:_identify(src/AEB) by extension 'ros'
[0.732s] DEBUG:colcon.colcon_core.package_identification:Package 'src/AEB' with type 'ros.ament_python' and name 'AEB'
[0.732s] Level 1:colcon.colcon_core.package_identification:_identify(src/drive2) by extensions ['ignore', 'ignore_ament_install']
[0.732s] Level 1:colcon.colcon_core.package_identification:_identify(src/drive2) by extension 'ignore'
[0.732s] Level 1:colcon.colcon_core.package_identification:_identify(src/drive2) by extension 'ignore_ament_install'
[0.733s] Level 1:colcon.colcon_core.package_identification:_identify(src/drive2) by extensions ['colcon_pkg']
[0.733s] Level 1:colcon.colcon_core.package_identification:_identify(src/drive2) by extension 'colcon_pkg'
[0.733s] Level 1:colcon.colcon_core.package_identification:_identify(src/drive2) by extensions ['colcon_meta']
[0.733s] Level 1:colcon.colcon_core.package_identification:_identify(src/drive2) by extension 'colcon_meta'
[0.733s] Level 1:colcon.colcon_core.package_identification:_identify(src/drive2) by extensions ['ros']
[0.733s] Level 1:colcon.colcon_core.package_identification:_identify(src/drive2) by extension 'ros'
[0.734s] DEBUG:colcon.colcon_core.package_identification:Package 'src/drive2' with type 'ros.ament_python' and name 'drive2'
[0.735s] Level 1:colcon.colcon_core.package_identification:_identify(src/gap_follow) by extensions ['ignore', 'ignore_ament_install']
[0.735s] Level 1:colcon.colcon_core.package_identification:_identify(src/gap_follow) by extension 'ignore'
[0.735s] Level 1:colcon.colcon_core.package_identification:_identify(src/gap_follow) by extension 'ignore_ament_install'
[0.735s] Level 1:colcon.colcon_core.package_identification:_identify(src/gap_follow) by extensions ['colcon_pkg']
[0.735s] Level 1:colcon.colcon_core.package_identification:_identify(src/gap_follow) by extension 'colcon_pkg'
[0.735s] Level 1:colcon.colcon_core.package_identification:_identify(src/gap_follow) by extensions ['colcon_meta']
[0.735s] Level 1:colcon.colcon_core.package_identification:_identify(src/gap_follow) by extension 'colcon_meta'
[0.736s] Level 1:colcon.colcon_core.package_identification:_identify(src/gap_follow) by extensions ['ros']
[0.736s] Level 1:colcon.colcon_core.package_identification:_identify(src/gap_follow) by extension 'ros'
[0.737s] DEBUG:colcon.colcon_core.package_identification:Package 'src/gap_follow' with type 'ros.ament_python' and name 'gap_follow'
[0.738s] Level 1:colcon.colcon_core.package_identification:_identify(src/safety_pkg) by extensions ['ignore', 'ignore_ament_install']
[0.738s] Level 1:colcon.colcon_core.package_identification:_identify(src/safety_pkg) by extension 'ignore'
[0.738s] Level 1:colcon.colcon_core.package_identification:_identify(src/safety_pkg) by extension 'ignore_ament_install'
[0.738s] Level 1:colcon.colcon_core.package_identification:_identify(src/safety_pkg) by extensions ['colcon_pkg']
[0.738s] Level 1:colcon.colcon_core.package_identification:_identify(src/safety_pkg) by extension 'colcon_pkg'
[0.738s] Level 1:colcon.colcon_core.package_identification:_identify(src/safety_pkg) by extensions ['colcon_meta']
[0.738s] Level 1:colcon.colcon_core.package_identification:_identify(src/safety_pkg) by extension 'colcon_meta'
[0.739s] Level 1:colcon.colcon_core.package_identification:_identify(src/safety_pkg) by extensions ['ros']
[0.739s] Level 1:colcon.colcon_core.package_identification:_identify(src/safety_pkg) by extension 'ros'
[0.740s] DEBUG:colcon.colcon_core.package_identification:Package 'src/safety_pkg' with type 'ros.ament_python' and name 'safety_pkg'
[0.741s] Level 1:colcon.colcon_core.package_identification:_identify(src/stop) by extensions ['ignore', 'ignore_ament_install']
[0.741s] Level 1:colcon.colcon_core.package_identification:_identify(src/stop) by extension 'ignore'
[0.741s] Level 1:colcon.colcon_core.package_identification:_identify(src/stop) by extension 'ignore_ament_install'
[0.741s] Level 1:colcon.colcon_core.package_identification:_identify(src/stop) by extensions ['colcon_pkg']
[0.741s] Level 1:colcon.colcon_core.package_identification:_identify(src/stop) by extension 'colcon_pkg'
[0.741s] Level 1:colcon.colcon_core.package_identification:_identify(src/stop) by extensions ['colcon_meta']
[0.741s] Level 1:colcon.colcon_core.package_identification:_identify(src/stop) by extension 'colcon_meta'
[0.741s] Level 1:colcon.colcon_core.package_identification:_identify(src/stop) by extensions ['ros']
[0.742s] Level 1:colcon.colcon_core.package_identification:_identify(src/stop) by extension 'ros'
[0.743s] DEBUG:colcon.colcon_core.package_identification:Package 'src/stop' with type 'ros.ament_python' and name 'safety_node'
[0.744s] Level 1:colcon.colcon_core.package_identification:_identify(src/wall_follower) by extensions ['ignore', 'ignore_ament_install']
[0.744s] Level 1:colcon.colcon_core.package_identification:_identify(src/wall_follower) by extension 'ignore'
[0.744s] Level 1:colcon.colcon_core.package_identification:_identify(src/wall_follower) by extension 'ignore_ament_install'
[0.744s] Level 1:colcon.colcon_core.package_identification:_identify(src/wall_follower) by extensions ['colcon_pkg']
[0.744s] Level 1:colcon.colcon_core.package_identification:_identify(src/wall_follower) by extension 'colcon_pkg'
[0.744s] Level 1:colcon.colcon_core.package_identification:_identify(src/wall_follower) by extensions ['colcon_meta']
[0.744s] Level 1:colcon.colcon_core.package_identification:_identify(src/wall_follower) by extension 'colcon_meta'
[0.745s] Level 1:colcon.colcon_core.package_identification:_identify(src/wall_follower) by extensions ['ros']
[0.745s] Level 1:colcon.colcon_core.package_identification:_identify(src/wall_follower) by extension 'ros'
[0.746s] DEBUG:colcon.colcon_core.package_identification:Package 'src/wall_follower' with type 'ros.ament_python' and name 'wall_follower'
[0.746s] Level 1:colcon.colcon_core.package_discovery:discover_packages(recursive) using defaults
[0.747s] Level 1:colcon.colcon_core.package_discovery:discover_packages(ignore) discover
[0.747s] Level 1:colcon.colcon_core.package_discovery:discover_packages(ignore) using defaults
[0.747s] Level 1:colcon.colcon_core.package_discovery:discover_packages(path) discover
[0.747s] Level 1:colcon.colcon_core.package_discovery:discover_packages(path) using defaults
[0.827s] INFO:colcon.colcon_core.package_selection:Skipping not selected package '5M_test' in 'src/5M_test'
[0.827s] INFO:colcon.colcon_core.package_selection:Skipping not selected package 'AEB' in 'src/AEB'
[0.827s] INFO:colcon.colcon_core.package_selection:Skipping not selected package 'drive2' in 'src/drive2'
[0.828s] INFO:colcon.colcon_core.package_selection:Skipping not selected package 'safety_node' in 'src/stop'
[0.828s] INFO:colcon.colcon_core.package_selection:Skipping not selected package 'safety_pkg' in 'src/safety_pkg'
[0.828s] INFO:colcon.colcon_core.package_selection:Skipping not selected package 'wall_follower' in 'src/wall_follower'
[0.829s] Level 1:colcon.colcon_core.package_discovery:discover_packages(prefix_path) check parameters
[0.829s] Level 1:colcon.colcon_core.package_discovery:discover_packages(prefix_path) discover
[0.835s] DEBUG:colcon.colcon_installed_package_information.package_discovery:Found 7 installed packages in /home/darc-f1-01/ros2_ws/install
[0.836s] DEBUG:colcon.colcon_installed_package_information.package_discovery:Found 14 installed packages in /home/darc-f1-01/f1tenth_ws/install
[0.839s] DEBUG:colcon.colcon_installed_package_information.package_discovery:Found 288 installed packages in /opt/ros/humble
[0.842s] Level 1:colcon.colcon_core.package_discovery:discover_packages(prefix_path) using defaults
[0.932s] Level 5:colcon.colcon_core.verb:set package 'gap_follow' build argument 'cmake_args' from command line to 'None'
[0.932s] Level 5:colcon.colcon_core.verb:set package 'gap_follow' build argument 'cmake_target' from command line to 'None'
[0.932s] Level 5:colcon.colcon_core.verb:set package 'gap_follow' build argument 'cmake_target_skip_unavailable' from command line to 'False'
[0.932s] Level 5:colcon.colcon_core.verb:set package 'gap_follow' build argument 'cmake_clean_cache' from command line to 'False'
[0.932s] Level 5:colcon.colcon_core.verb:set package 'gap_follow' build argument 'cmake_clean_first' from command line to 'False'
[0.932s] Level 5:colcon.colcon_core.verb:set package 'gap_follow' build argument 'cmake_force_configure' from command line to 'False'
[0.932s] Level 5:colcon.colcon_core.verb:set package 'gap_follow' build argument 'ament_cmake_args' from command line to 'None'
[0.933s] Level 5:colcon.colcon_core.verb:set package 'gap_follow' build argument 'catkin_cmake_args' from command line to 'None'
[0.933s] Level 5:colcon.colcon_core.verb:set package 'gap_follow' build argument 'catkin_skip_building_tests' from command line to 'False'
[0.933s] DEBUG:colcon.colcon_core.verb:Building package 'gap_follow' with the following arguments: {'ament_cmake_args': None, 'build_base': '/home/darc-f1-01/ros2_ws/build/gap_follow', 'catkin_cmake_args': None, 'catkin_skip_building_tests': False, 'cmake_args': None, 'cmake_clean_cache': False, 'cmake_clean_first': False, 'cmake_force_configure': False, 'cmake_target': None, 'cmake_target_skip_unavailable': False, 'install_base': '/home/darc-f1-01/ros2_ws/install/gap_follow', 'merge_install': False, 'path': '/home/darc-f1-01/ros2_ws/src/gap_follow', 'symlink_install': False, 'test_result_base': None}
[0.933s] INFO:colcon.colcon_core.executor:Executing jobs using 'parallel' executor
[0.935s] DEBUG:colcon.colcon_parallel_executor.executor.parallel:run_until_complete
[0.936s] INFO:colcon.colcon_ros.task.ament_python.build:Building ROS package in '/home/darc-f1-01/ros2_ws/src/gap_follow' with build type 'ament_python'
[0.936s] Level 1:colcon.colcon_core.shell:create_environment_hook('gap_follow', 'ament_prefix_path')
[0.941s] INFO:colcon.colcon_core.plugin_system:Skipping extension 'colcon_core.shell.bat': Not used on non-Windows systems
[0.942s] INFO:colcon.colcon_core.shell:Creating environment hook '/home/darc-f1-01/ros2_ws/install/gap_follow/share/gap_follow/hook/ament_prefix_path.ps1'
[0.943s] INFO:colcon.colcon_core.shell:Creating environment descriptor '/home/darc-f1-01/ros2_ws/install/gap_follow/share/gap_follow/hook/ament_prefix_path.dsv'
[0.944s] INFO:colcon.colcon_core.shell:Creating environment hook '/home/darc-f1-01/ros2_ws/install/gap_follow/share/gap_follow/hook/ament_prefix_path.sh'
[0.946s] INFO:colcon.colcon_core.shell:Skip shell extension 'powershell' for command environment: Not usable outside of PowerShell
[0.946s] DEBUG:colcon.colcon_core.shell:Skip shell extension 'dsv' for command environment
[1.620s] INFO:colcon.colcon_core.task.python.build:Building Python package in '/home/darc-f1-01/ros2_ws/src/gap_follow'
[1.621s] INFO:colcon.colcon_core.shell:Skip shell extension 'powershell' for command environment: Not usable outside of PowerShell
[1.621s] DEBUG:colcon.colcon_core.shell:Skip shell extension 'dsv' for command environment
[2.478s] DEBUG:colcon.colcon_core.event_handler.log_command:Invoking command in '/home/darc-f1-01/ros2_ws/src/gap_follow': PYTHONPATH=/home/darc-f1-01/ros2_ws/build/gap_follow/prefix_override:/usr/lib/python3/dist-packages/colcon_core/task/python/colcon_distutils_commands:/home/darc-f1-01/ros2_ws/install/gap_follow/lib/python3.10/site-packages:${PYTHONPATH} /usr/bin/python3 -W ignore:setup.py install is deprecated -W ignore:easy_install command is deprecated setup.py egg_info --egg-base ../../build/gap_follow build --build-base /home/darc-f1-01/ros2_ws/build/gap_follow/build install --record /home/darc-f1-01/ros2_ws/build/gap_follow/install.log --single-version-externally-managed install_data
[3.311s] DEBUG:colcon.colcon_core.event_handler.log_command:Invoked command in '/home/darc-f1-01/ros2_ws/src/gap_follow' returned '0': PYTHONPATH=/home/darc-f1-01/ros2_ws/build/gap_follow/prefix_override:/usr/lib/python3/dist-packages/colcon_core/task/python/colcon_distutils_commands:/home/darc-f1-01/ros2_ws/install/gap_follow/lib/python3.10/site-packages:${PYTHONPATH} /usr/bin/python3 -W ignore:setup.py install is deprecated -W ignore:easy_install command is deprecated setup.py egg_info --egg-base ../../build/gap_follow build --build-base /home/darc-f1-01/ros2_ws/build/gap_follow/build install --record /home/darc-f1-01/ros2_ws/build/gap_follow/install.log --single-version-externally-managed install_data
[3.320s] Level 1:colcon.colcon_core.environment:checking '/home/darc-f1-01/ros2_ws/install/gap_follow' for CMake module files
[3.322s] Level 1:colcon.colcon_core.environment:checking '/home/darc-f1-01/ros2_ws/install/gap_follow' for CMake config files
[3.324s] Level 1:colcon.colcon_core.environment:checking '/home/darc-f1-01/ros2_ws/install/gap_follow/lib'
[3.325s] Level 1:colcon.colcon_core.environment:checking '/home/darc-f1-01/ros2_ws/install/gap_follow/bin'
[3.325s] Level 1:colcon.colcon_core.environment:checking '/home/darc-f1-01/ros2_ws/install/gap_follow/lib/pkgconfig/gap_follow.pc'
[3.326s] Level 1:colcon.colcon_core.environment:checking '/home/darc-f1-01/ros2_ws/install/gap_follow/lib/python3.10/site-packages'
[3.326s] Level 1:colcon.colcon_core.shell:create_environment_hook('gap_follow', 'pythonpath')
[3.327s] INFO:colcon.colcon_core.shell:Creating environment hook '/home/darc-f1-01/ros2_ws/install/gap_follow/share/gap_follow/hook/pythonpath.ps1'
[3.329s] INFO:colcon.colcon_core.shell:Creating environment descriptor '/home/darc-f1-01/ros2_ws/install/gap_follow/share/gap_follow/hook/pythonpath.dsv'
[3.330s] INFO:colcon.colcon_core.shell:Creating environment hook '/home/darc-f1-01/ros2_ws/install/gap_follow/share/gap_follow/hook/pythonpath.sh'
[3.332s] Level 1:colcon.colcon_core.environment:checking '/home/darc-f1-01/ros2_ws/install/gap_follow/bin'
[3.333s] Level 1:colcon.colcon_core.environment:create_environment_scripts_only(gap_follow)
[3.334s] INFO:colcon.colcon_core.shell:Creating package script '/home/darc-f1-01/ros2_ws/install/gap_follow/share/gap_follow/package.ps1'
[3.337s] INFO:colcon.colcon_core.shell:Creating package descriptor '/home/darc-f1-01/ros2_ws/install/gap_follow/share/gap_follow/package.dsv'
[3.339s] INFO:colcon.colcon_core.shell:Creating package script '/home/darc-f1-01/ros2_ws/install/gap_follow/share/gap_follow/package.sh'
[3.342s] INFO:colcon.colcon_core.shell:Creating package script '/home/darc-f1-01/ros2_ws/install/gap_follow/share/gap_follow/package.bash'
[3.344s] INFO:colcon.colcon_core.shell:Creating package script '/home/darc-f1-01/ros2_ws/install/gap_follow/share/gap_follow/package.zsh'
[3.347s] Level 1:colcon.colcon_core.environment:create_file_with_runtime_dependencies(/home/darc-f1-01/ros2_ws/install/gap_follow/share/colcon-core/packages/gap_follow)
[3.348s] DEBUG:colcon.colcon_parallel_executor.executor.parallel:closing loop
[3.349s] DEBUG:colcon.colcon_parallel_executor.executor.parallel:loop closed
[3.349s] DEBUG:colcon.colcon_parallel_executor.executor.parallel:run_until_complete finished with '0'
[3.350s] DEBUG:colcon.colcon_core.event_reactor:joining thread
[3.371s] INFO:colcon.colcon_core.plugin_system:Skipping extension 'colcon_notification.desktop_notification.terminal_notifier': Not used on non-Darwin systems
[3.371s] INFO:colcon.colcon_core.plugin_system:Skipping extension 'colcon_notification.desktop_notification.win32': Not used on non-Windows systems
[3.372s] INFO:colcon.colcon_notification.desktop_notification:Sending desktop notification using 'notify2'
[3.412s] DEBUG:colcon.colcon_core.event_reactor:joined thread
[3.413s] INFO:colcon.colcon_core.shell:Creating prefix script '/home/darc-f1-01/ros2_ws/install/local_setup.ps1'
[3.417s] INFO:colcon.colcon_core.shell:Creating prefix util module '/home/darc-f1-01/ros2_ws/install/_local_setup_util_ps1.py'
[3.421s] INFO:colcon.colcon_core.shell:Creating prefix chain script '/home/darc-f1-01/ros2_ws/install/setup.ps1'
[3.428s] INFO:colcon.colcon_core.shell:Creating prefix script '/home/darc-f1-01/ros2_ws/install/local_setup.sh'
[3.430s] INFO:colcon.colcon_core.shell:Creating prefix util module '/home/darc-f1-01/ros2_ws/install/_local_setup_util_sh.py'
[3.432s] INFO:colcon.colcon_core.shell:Creating prefix chain script '/home/darc-f1-01/ros2_ws/install/setup.sh'
[3.439s] INFO:colcon.colcon_core.shell:Creating prefix script '/home/darc-f1-01/ros2_ws/install/local_setup.bash'
[3.440s] INFO:colcon.colcon_core.shell:Creating prefix chain script '/home/darc-f1-01/ros2_ws/install/setup.bash'
[3.446s] INFO:colcon.colcon_core.shell:Creating prefix script '/home/darc-f1-01/ros2_ws/install/local_setup.zsh'
[3.448s] INFO:colcon.colcon_core.shell:Creating prefix chain script '/home/darc-f1-01/ros2_ws/install/setup.zsh'
