[2.993s] Invoking command in '/home/darc-f1-01/ros2_ws/src/drive2': PYTHONPATH=/home/darc-f1-01/ros2_ws/build/drive2/prefix_override:/usr/lib/python3/dist-packages/colcon_core/task/python/colcon_distutils_commands:/home/darc-f1-01/ros2_ws/install/drive2/lib/python3.10/site-packages:${PYTHONPATH} /usr/bin/python3 -W ignore:setup.py install is deprecated -W ignore:easy_install command is deprecated setup.py egg_info --egg-base ../../build/drive2 build --build-base /home/darc-f1-01/ros2_ws/build/drive2/build install --record /home/darc-f1-01/ros2_ws/build/drive2/install.log --single-version-externally-managed install_data
[3.685s] running egg_info
[3.687s] writing ../../build/drive2/drive2.egg-info/PKG-INFO
[3.688s] writing dependency_links to ../../build/drive2/drive2.egg-info/dependency_links.txt
[3.688s] writing entry points to ../../build/drive2/drive2.egg-info/entry_points.txt
[3.689s] writing requirements to ../../build/drive2/drive2.egg-info/requires.txt
[3.689s] writing top-level names to ../../build/drive2/drive2.egg-info/top_level.txt
[3.694s] reading manifest file '../../build/drive2/drive2.egg-info/SOURCES.txt'
[3.696s] writing manifest file '../../build/drive2/drive2.egg-info/SOURCES.txt'
[3.696s] running build
[3.697s] running build_py
[3.698s] copying drive2/drive2.py -> /home/darc-f1-01/ros2_ws/build/drive2/build/lib/drive2
[3.698s] running install
[3.699s] running install_lib
[3.705s] copying /home/darc-f1-01/ros2_ws/build/drive2/build/lib/drive2/drive2.py -> /home/darc-f1-01/ros2_ws/install/drive2/lib/python3.10/site-packages/drive2
[3.707s] byte-compiling /home/darc-f1-01/ros2_ws/install/drive2/lib/python3.10/site-packages/drive2/drive2.py to drive2.cpython-310.pyc
[3.708s] running install_data
[3.709s] running install_egg_info
[3.714s] removing '/home/darc-f1-01/ros2_ws/install/drive2/lib/python3.10/site-packages/drive2-0.0.0-py3.10.egg-info' (and everything under it)
[3.715s] Copying ../../build/drive2/drive2.egg-info to /home/darc-f1-01/ros2_ws/install/drive2/lib/python3.10/site-packages/drive2-0.0.0-py3.10.egg-info
[3.717s] running install_scripts
[3.781s] Installing drive2 script to /home/darc-f1-01/ros2_ws/install/drive2/lib/drive2
[3.782s] writing list of installed files to '/home/darc-f1-01/ros2_ws/build/drive2/install.log'
[3.861s] Invoked command in '/home/darc-f1-01/ros2_ws/src/drive2' returned '0': PYTHONPATH=/home/darc-f1-01/ros2_ws/build/drive2/prefix_override:/usr/lib/python3/dist-packages/colcon_core/task/python/colcon_distutils_commands:/home/darc-f1-01/ros2_ws/install/drive2/lib/python3.10/site-packages:${PYTHONPATH} /usr/bin/python3 -W ignore:setup.py install is deprecated -W ignore:easy_install command is deprecated setup.py egg_info --egg-base ../../build/drive2 build --build-base /home/darc-f1-01/ros2_ws/build/drive2/build install --record /home/darc-f1-01/ros2_ws/build/drive2/install.log --single-version-externally-managed install_data
