[5.132s] Invoking command in '/home/darc-f1-01/ros2_ws/src/AEB': PYTHONPATH=/home/darc-f1-01/ros2_ws/build/AEB/prefix_override:/usr/lib/python3/dist-packages/colcon_core/task/python/colcon_distutils_commands:/home/darc-f1-01/ros2_ws/install/AEB/lib/python3.10/site-packages:${PYTHONPATH} /usr/bin/python3 -W ignore:setup.py install is deprecated -W ignore:easy_install command is deprecated setup.py egg_info --egg-base ../../build/AEB build --build-base /home/darc-f1-01/ros2_ws/build/AEB/build install --record /home/darc-f1-01/ros2_ws/build/AEB/install.log --single-version-externally-managed install_data
[5.786s] running egg_info
[5.787s] writing ../../build/AEB/AEB.egg-info/PKG-INFO
[5.788s] writing dependency_links to ../../build/AEB/AEB.egg-info/dependency_links.txt
[5.788s] writing entry points to ../../build/AEB/AEB.egg-info/entry_points.txt
[5.789s] writing requirements to ../../build/AEB/AEB.egg-info/requires.txt
[5.789s] writing top-level names to ../../build/AEB/AEB.egg-info/top_level.txt
[5.793s] reading manifest file '../../build/AEB/AEB.egg-info/SOURCES.txt'
[5.795s] writing manifest file '../../build/AEB/AEB.egg-info/SOURCES.txt'
[5.796s] running build
[5.796s] running build_py
[5.796s] running install
[5.797s] running install_lib
[5.803s] running install_data
[5.804s] running install_egg_info
[5.808s] removing '/home/darc-f1-01/ros2_ws/install/AEB/lib/python3.10/site-packages/AEB-0.0.0-py3.10.egg-info' (and everything under it)
[5.809s] Copying ../../build/AEB/AEB.egg-info to /home/darc-f1-01/ros2_ws/install/AEB/lib/python3.10/site-packages/AEB-0.0.0-py3.10.egg-info
[5.811s] running install_scripts
[5.863s] Installing AEB script to /home/darc-f1-01/ros2_ws/install/AEB/lib/AEB
[5.864s] writing list of installed files to '/home/darc-f1-01/ros2_ws/build/AEB/install.log'
[5.959s] Invoked command in '/home/darc-f1-01/ros2_ws/src/AEB' returned '0': PYTHONPATH=/home/darc-f1-01/ros2_ws/build/AEB/prefix_override:/usr/lib/python3/dist-packages/colcon_core/task/python/colcon_distutils_commands:/home/darc-f1-01/ros2_ws/install/AEB/lib/python3.10/site-packages:${PYTHONPATH} /usr/bin/python3 -W ignore:setup.py install is deprecated -W ignore:easy_install command is deprecated setup.py egg_info --egg-base ../../build/AEB build --build-base /home/darc-f1-01/ros2_ws/build/AEB/build install --record /home/darc-f1-01/ros2_ws/build/AEB/install.log --single-version-externally-managed install_data
