[5.344s] Invoking command in '/home/darc-f1-01/ros2_ws/src/gap_follow': PYTHONPATH=/home/darc-f1-01/ros2_ws/build/gap_follow/prefix_override:/usr/lib/python3/dist-packages/colcon_core/task/python/colcon_distutils_commands:/home/darc-f1-01/ros2_ws/install/gap_follow/lib/python3.10/site-packages:${PYTHONPATH} /usr/bin/python3 -W ignore:setup.py install is deprecated -W ignore:easy_install command is deprecated setup.py egg_info --egg-base ../../build/gap_follow build --build-base /home/darc-f1-01/ros2_ws/build/gap_follow/build install --record /home/darc-f1-01/ros2_ws/build/gap_follow/install.log --single-version-externally-managed install_data
[6.160s] running egg_info
[6.174s] writing ../../build/gap_follow/gap_follow.egg-info/PKG-INFO
[6.175s] writing dependency_links to ../../build/gap_follow/gap_follow.egg-info/dependency_links.txt
[6.176s] writing entry points to ../../build/gap_follow/gap_follow.egg-info/entry_points.txt
[6.177s] writing requirements to ../../build/gap_follow/gap_follow.egg-info/requires.txt
[6.177s] writing top-level names to ../../build/gap_follow/gap_follow.egg-info/top_level.txt
[6.177s] reading manifest file '../../build/gap_follow/gap_follow.egg-info/SOURCES.txt'
[6.177s] writing manifest file '../../build/gap_follow/gap_follow.egg-info/SOURCES.txt'
[6.177s] running build
[6.177s] running build_py
[6.178s] running install
[6.180s] running install_lib
[6.189s] running install_data
[6.192s] running install_egg_info
[6.192s] removing '/home/darc-f1-01/ros2_ws/install/gap_follow/lib/python3.10/site-packages/gap_follow-0.0.0-py3.10.egg-info' (and everything under it)
[6.193s] Copying ../../build/gap_follow/gap_follow.egg-info to /home/darc-f1-01/ros2_ws/install/gap_follow/lib/python3.10/site-packages/gap_follow-0.0.0-py3.10.egg-info
[6.194s] running install_scripts
[6.255s] Installing gap_follow script to /home/darc-f1-01/ros2_ws/install/gap_follow/lib/gap_follow
[6.256s] writing list of installed files to '/home/darc-f1-01/ros2_ws/build/gap_follow/install.log'
