[5.303s] Invoking command in '/home/darc-f1-01/ros2_ws/src/stop': PYTHONPATH=/home/darc-f1-01/ros2_ws/build/safety_node/prefix_override:/usr/lib/python3/dist-packages/colcon_core/task/python/colcon_distutils_commands:/home/darc-f1-01/ros2_ws/install/safety_node/lib/python3.10/site-packages:${PYTHONPATH} /usr/bin/python3 -W ignore:setup.py install is deprecated -W ignore:easy_install command is deprecated setup.py egg_info --egg-base ../../build/safety_node build --build-base /home/darc-f1-01/ros2_ws/build/safety_node/build install --record /home/darc-f1-01/ros2_ws/build/safety_node/install.log --single-version-externally-managed install_data
[6.129s] running egg_info
[6.132s] writing ../../build/safety_node/safety_node.egg-info/PKG-INFO
[6.133s] writing dependency_links to ../../build/safety_node/safety_node.egg-info/dependency_links.txt
[6.134s] writing entry points to ../../build/safety_node/safety_node.egg-info/entry_points.txt
[6.134s] writing requirements to ../../build/safety_node/safety_node.egg-info/requires.txt
[6.135s] writing top-level names to ../../build/safety_node/safety_node.egg-info/top_level.txt
[6.138s] reading manifest file '../../build/safety_node/safety_node.egg-info/SOURCES.txt'
[6.141s] writing manifest file '../../build/safety_node/safety_node.egg-info/SOURCES.txt'
[6.142s] running build
[6.143s] running build_py
[6.143s] running install
[6.144s] running install_lib
[6.145s] running install_data
[6.146s] running install_egg_info
[6.150s] removing '/home/darc-f1-01/ros2_ws/install/safety_node/lib/python3.10/site-packages/safety_node-0.1.0-py3.10.egg-info' (and everything under it)
[6.151s] Copying ../../build/safety_node/safety_node.egg-info to /home/darc-f1-01/ros2_ws/install/safety_node/lib/python3.10/site-packages/safety_node-0.1.0-py3.10.egg-info
[6.156s] running install_scripts
[6.206s] Installing safety_node script to /home/darc-f1-01/ros2_ws/install/safety_node/lib/safety_node
[6.207s] writing list of installed files to '/home/darc-f1-01/ros2_ws/build/safety_node/install.log'
[6.283s] Invoked command in '/home/darc-f1-01/ros2_ws/src/stop' returned '0': PYTHONPATH=/home/darc-f1-01/ros2_ws/build/safety_node/prefix_override:/usr/lib/python3/dist-packages/colcon_core/task/python/colcon_distutils_commands:/home/darc-f1-01/ros2_ws/install/safety_node/lib/python3.10/site-packages:${PYTHONPATH} /usr/bin/python3 -W ignore:setup.py install is deprecated -W ignore:easy_install command is deprecated setup.py egg_info --egg-base ../../build/safety_node build --build-base /home/darc-f1-01/ros2_ws/build/safety_node/build install --record /home/darc-f1-01/ros2_ws/build/safety_node/install.log --single-version-externally-managed install_data
