[1.668s] Invoking command in '/home/darc-f1-01/ros2_ws/src/wall_follower': PYTHONPATH=/home/darc-f1-01/ros2_ws/build/wall_follower/prefix_override:/usr/lib/python3/dist-packages/colcon_core/task/python/colcon_distutils_commands:/home/darc-f1-01/ros2_ws/install/wall_follower/lib/python3.10/site-packages:${PYTHONPATH} /usr/bin/python3 -W ignore:setup.py install is deprecated -W ignore:easy_install command is deprecated setup.py egg_info --egg-base ../../build/wall_follower build --build-base /home/darc-f1-01/ros2_ws/build/wall_follower/build install --record /home/darc-f1-01/ros2_ws/build/wall_follower/install.log --single-version-externally-managed install_data
[2.279s] running egg_info
[2.281s] writing ../../build/wall_follower/wall_follower.egg-info/PKG-INFO
[2.281s] writing dependency_links to ../../build/wall_follower/wall_follower.egg-info/dependency_links.txt
[2.282s] writing entry points to ../../build/wall_follower/wall_follower.egg-info/entry_points.txt
[2.282s] writing requirements to ../../build/wall_follower/wall_follower.egg-info/requires.txt
[2.282s] writing top-level names to ../../build/wall_follower/wall_follower.egg-info/top_level.txt
[2.286s] reading manifest file '../../build/wall_follower/wall_follower.egg-info/SOURCES.txt'
[2.288s] writing manifest file '../../build/wall_follower/wall_follower.egg-info/SOURCES.txt'
[2.288s] running build
[2.288s] running build_py
[2.289s] running install
[2.289s] running install_lib
[2.295s] running install_data
[2.295s] running install_egg_info
[2.299s] removing '/home/darc-f1-01/ros2_ws/install/wall_follower/lib/python3.10/site-packages/wall_follower-0.0.0-py3.10.egg-info' (and everything under it)
[2.300s] Copying ../../build/wall_follower/wall_follower.egg-info to /home/darc-f1-01/ros2_ws/install/wall_follower/lib/python3.10/site-packages/wall_follower-0.0.0-py3.10.egg-info
[2.302s] running install_scripts
[2.350s] Installing wall_follower script to /home/darc-f1-01/ros2_ws/install/wall_follower/lib/wall_follower
[2.351s] writing list of installed files to '/home/darc-f1-01/ros2_ws/build/wall_follower/install.log'
[2.425s] Invoked command in '/home/darc-f1-01/ros2_ws/src/wall_follower' returned '0': PYTHONPATH=/home/darc-f1-01/ros2_ws/build/wall_follower/prefix_override:/usr/lib/python3/dist-packages/colcon_core/task/python/colcon_distutils_commands:/home/darc-f1-01/ros2_ws/install/wall_follower/lib/python3.10/site-packages:${PYTHONPATH} /usr/bin/python3 -W ignore:setup.py install is deprecated -W ignore:easy_install command is deprecated setup.py egg_info --egg-base ../../build/wall_follower build --build-base /home/darc-f1-01/ros2_ws/build/wall_follower/build install --record /home/darc-f1-01/ros2_ws/build/wall_follower/install.log --single-version-externally-managed install_data
