[5.350s] Invoking command in '/home/darc-f1-01/ros2_ws/src/drive2': PYTHONPATH=/home/darc-f1-01/ros2_ws/build/drive2/prefix_override:/usr/lib/python3/dist-packages/colcon_core/task/python/colcon_distutils_commands:/home/darc-f1-01/ros2_ws/install/drive2/lib/python3.10/site-packages:${PYTHONPATH} /usr/bin/python3 -W ignore:setup.py install is deprecated -W ignore:easy_install command is deprecated setup.py egg_info --egg-base ../../build/drive2 build --build-base /home/darc-f1-01/ros2_ws/build/drive2/build install --record /home/darc-f1-01/ros2_ws/build/drive2/install.log --single-version-externally-managed install_data
[6.061s] running egg_info
[6.062s] writing ../../build/drive2/drive2.egg-info/PKG-INFO
[6.063s] writing dependency_links to ../../build/drive2/drive2.egg-info/dependency_links.txt
[6.063s] writing entry points to ../../build/drive2/drive2.egg-info/entry_points.txt
[6.064s] writing requirements to ../../build/drive2/drive2.egg-info/requires.txt
[6.064s] writing top-level names to ../../build/drive2/drive2.egg-info/top_level.txt
[6.069s] reading manifest file '../../build/drive2/drive2.egg-info/SOURCES.txt'
[6.071s] writing manifest file '../../build/drive2/drive2.egg-info/SOURCES.txt'
[6.071s] running build
[6.071s] running build_py
[6.072s] running install
[6.073s] running install_lib
[6.081s] running install_data
[6.081s] running install_egg_info
[6.086s] removing '/home/darc-f1-01/ros2_ws/install/drive2/lib/python3.10/site-packages/drive2-0.0.0-py3.10.egg-info' (and everything under it)
[6.087s] Copying ../../build/drive2/drive2.egg-info to /home/darc-f1-01/ros2_ws/install/drive2/lib/python3.10/site-packages/drive2-0.0.0-py3.10.egg-info
[6.092s] running install_scripts
[6.155s] Installing drive2 script to /home/darc-f1-01/ros2_ws/install/drive2/lib/drive2
[6.156s] writing list of installed files to '/home/darc-f1-01/ros2_ws/build/drive2/install.log'
[7.009s] Invoked command in '/home/darc-f1-01/ros2_ws/src/drive2' returned '0': PYTHONPATH=/home/darc-f1-01/ros2_ws/build/drive2/prefix_override:/usr/lib/python3/dist-packages/colcon_core/task/python/colcon_distutils_commands:/home/darc-f1-01/ros2_ws/install/drive2/lib/python3.10/site-packages:${PYTHONPATH} /usr/bin/python3 -W ignore:setup.py install is deprecated -W ignore:easy_install command is deprecated setup.py egg_info --egg-base ../../build/drive2 build --build-base /home/darc-f1-01/ros2_ws/build/drive2/build install --record /home/darc-f1-01/ros2_ws/build/drive2/install.log --single-version-externally-managed install_data
