[3.713s] Invoking command in '/home/darc-f1-01/ros2_ws/src/AEB': PYTHONPATH=/home/darc-f1-01/ros2_ws/build/AEB/prefix_override:/usr/lib/python3/dist-packages/colcon_core/task/python/colcon_distutils_commands:/home/darc-f1-01/ros2_ws/install/AEB/lib/python3.10/site-packages:${PYTHONPATH} /usr/bin/python3 -W ignore:setup.py install is deprecated -W ignore:easy_install command is deprecated setup.py egg_info --egg-base ../../build/AEB build --build-base /home/darc-f1-01/ros2_ws/build/AEB/build install --record /home/darc-f1-01/ros2_ws/build/AEB/install.log --single-version-externally-managed install_data
[4.435s] running egg_info
[4.440s] writing ../../build/AEB/AEB.egg-info/PKG-INFO
[4.441s] writing dependency_links to ../../build/AEB/AEB.egg-info/dependency_links.txt
[4.443s] writing entry points to ../../build/AEB/AEB.egg-info/entry_points.txt
[4.443s] writing requirements to ../../build/AEB/AEB.egg-info/requires.txt
[4.444s] writing top-level names to ../../build/AEB/AEB.egg-info/top_level.txt
[4.448s] reading manifest file '../../build/AEB/AEB.egg-info/SOURCES.txt'
[4.450s] writing manifest file '../../build/AEB/AEB.egg-info/SOURCES.txt'
[4.451s] running build
[4.451s] running build_py
[4.451s] copying AEB/AEB.py -> /home/darc-f1-01/ros2_ws/build/AEB/build/lib/AEB
[4.452s] running install
[4.453s] running install_lib
[4.463s] copying /home/darc-f1-01/ros2_ws/build/AEB/build/lib/AEB/AEB.py -> /home/darc-f1-01/ros2_ws/install/AEB/lib/python3.10/site-packages/AEB
[4.465s] byte-compiling /home/darc-f1-01/ros2_ws/install/AEB/lib/python3.10/site-packages/AEB/AEB.py to AEB.cpython-310.pyc
[4.466s] running install_data
[4.467s] running install_egg_info
[4.474s] removing '/home/darc-f1-01/ros2_ws/install/AEB/lib/python3.10/site-packages/AEB-0.0.0-py3.10.egg-info' (and everything under it)
[4.474s] Copying ../../build/AEB/AEB.egg-info to /home/darc-f1-01/ros2_ws/install/AEB/lib/python3.10/site-packages/AEB-0.0.0-py3.10.egg-info
[4.475s] running install_scripts
[4.539s] writing list of installed files to '/home/darc-f1-01/ros2_ws/build/AEB/install.log'
[4.634s] Invoked command in '/home/darc-f1-01/ros2_ws/src/AEB' returned '0': PYTHONPATH=/home/darc-f1-01/ros2_ws/build/AEB/prefix_override:/usr/lib/python3/dist-packages/colcon_core/task/python/colcon_distutils_commands:/home/darc-f1-01/ros2_ws/install/AEB/lib/python3.10/site-packages:${PYTHONPATH} /usr/bin/python3 -W ignore:setup.py install is deprecated -W ignore:easy_install command is deprecated setup.py egg_info --egg-base ../../build/AEB build --build-base /home/darc-f1-01/ros2_ws/build/AEB/build install --record /home/darc-f1-01/ros2_ws/build/AEB/install.log --single-version-externally-managed install_data
